[2026-01-24T18:15:16.910+0000] {taskinstance.py:1979} INFO - Dependencies all met for dep_context=non-requeueable deps ti=<TaskInstance: enterprise_etl_pipeline.log_metadata manual__2026-01-24T18:14:48.053046+00:00 [queued]>
[2026-01-24T18:15:16.918+0000] {taskinstance.py:1979} INFO - Dependencies all met for dep_context=requeueable deps ti=<TaskInstance: enterprise_etl_pipeline.log_metadata manual__2026-01-24T18:14:48.053046+00:00 [queued]>
[2026-01-24T18:15:16.919+0000] {taskinstance.py:2193} INFO - Starting attempt 1 of 3
[2026-01-24T18:15:16.935+0000] {taskinstance.py:2217} INFO - Executing <Task(PythonOperator): log_metadata> on 2026-01-24 18:14:48.053046+00:00
[2026-01-24T18:15:16.940+0000] {standard_task_runner.py:60} INFO - Started process 709 to run task
[2026-01-24T18:15:16.944+0000] {standard_task_runner.py:87} INFO - Running: ['***', 'tasks', 'run', 'enterprise_etl_pipeline', 'log_metadata', 'manual__2026-01-24T18:14:48.053046+00:00', '--job-id', '44', '--raw', '--subdir', 'DAGS_FOLDER/enterprise_etl_dag.py', '--cfg-path', '/tmp/tmpcy6dz_80']
[2026-01-24T18:15:16.947+0000] {standard_task_runner.py:88} INFO - Job 44: Subtask log_metadata
[2026-01-24T18:15:16.996+0000] {task_command.py:423} INFO - Running <TaskInstance: enterprise_etl_pipeline.log_metadata manual__2026-01-24T18:14:48.053046+00:00 [running]> on host cc61d4aa4ed7
[2026-01-24T18:15:17.068+0000] {taskinstance.py:2513} INFO - Exporting env vars: AIRFLOW_CTX_DAG_OWNER='***' AIRFLOW_CTX_DAG_ID='enterprise_etl_pipeline' AIRFLOW_CTX_TASK_ID='log_metadata' AIRFLOW_CTX_EXECUTION_DATE='2026-01-24T18:14:48.053046+00:00' AIRFLOW_CTX_TRY_NUMBER='1' AIRFLOW_CTX_DAG_RUN_ID='manual__2026-01-24T18:14:48.053046+00:00'
[2026-01-24T18:15:17.070+0000] {taskinstance.py:2731} ERROR - Task failed with exception
Traceback (most recent call last):
  File "/home/airflow/.local/lib/python3.8/site-packages/airflow/models/taskinstance.py", line 444, in _execute_task
    result = _execute_callable(context=context, **execute_callable_kwargs)
  File "/home/airflow/.local/lib/python3.8/site-packages/airflow/models/taskinstance.py", line 414, in _execute_callable
    return execute_callable(context=context, **execute_callable_kwargs)
  File "/home/airflow/.local/lib/python3.8/site-packages/airflow/operators/python.py", line 200, in execute
    return_value = self.execute_callable()
  File "/home/airflow/.local/lib/python3.8/site-packages/airflow/operators/python.py", line 217, in execute_callable
    return self.python_callable(*self.op_args, **self.op_kwargs)
TypeError: log_pipeline_run() missing 3 required positional arguments: 'dag_id', 'start_time', and 'end_time'
[2026-01-24T18:15:17.078+0000] {taskinstance.py:1149} INFO - Marking task as UP_FOR_RETRY. dag_id=enterprise_etl_pipeline, task_id=log_metadata, execution_date=20260124T181448, start_date=20260124T181516, end_date=20260124T181517
[2026-01-24T18:15:17.090+0000] {standard_task_runner.py:107} ERROR - Failed to execute job 44 for task log_metadata (log_pipeline_run() missing 3 required positional arguments: 'dag_id', 'start_time', and 'end_time'; 709)
[2026-01-24T18:15:17.116+0000] {local_task_job_runner.py:234} INFO - Task exited with return code 1
[2026-01-24T18:15:17.146+0000] {taskinstance.py:3312} INFO - 0 downstream tasks scheduled from follow-on schedule check
