[2026-01-24T17:21:17.652+0000] {taskinstance.py:1979} INFO - Dependencies all met for dep_context=non-requeueable deps ti=<TaskInstance: enterprise_etl_pipeline.log_metadata manual__2026-01-24T17:10:30.302914+00:00 [queued]>
[2026-01-24T17:21:17.660+0000] {taskinstance.py:1979} INFO - Dependencies all met for dep_context=requeueable deps ti=<TaskInstance: enterprise_etl_pipeline.log_metadata manual__2026-01-24T17:10:30.302914+00:00 [queued]>
[2026-01-24T17:21:17.662+0000] {taskinstance.py:2193} INFO - Starting attempt 3 of 3
[2026-01-24T17:21:17.675+0000] {taskinstance.py:2217} INFO - Executing <Task(PythonOperator): log_metadata> on 2026-01-24 17:10:30.302914+00:00
[2026-01-24T17:21:17.681+0000] {standard_task_runner.py:60} INFO - Started process 354 to run task
[2026-01-24T17:21:17.685+0000] {standard_task_runner.py:87} INFO - Running: ['***', 'tasks', 'run', 'enterprise_etl_pipeline', 'log_metadata', 'manual__2026-01-24T17:10:30.302914+00:00', '--job-id', '19', '--raw', '--subdir', 'DAGS_FOLDER/enterprise_etl_dag.py', '--cfg-path', '/tmp/tmpxvw0it2z']
[2026-01-24T17:21:17.688+0000] {standard_task_runner.py:88} INFO - Job 19: Subtask log_metadata
[2026-01-24T17:21:21.377+0000] {task_command.py:423} INFO - Running <TaskInstance: enterprise_etl_pipeline.log_metadata manual__2026-01-24T17:10:30.302914+00:00 [running]> on host cc61d4aa4ed7
[2026-01-24T17:21:22.008+0000] {taskinstance.py:2513} INFO - Exporting env vars: AIRFLOW_CTX_DAG_OWNER='***' AIRFLOW_CTX_DAG_ID='enterprise_etl_pipeline' AIRFLOW_CTX_TASK_ID='log_metadata' AIRFLOW_CTX_EXECUTION_DATE='2026-01-24T17:10:30.302914+00:00' AIRFLOW_CTX_TRY_NUMBER='3' AIRFLOW_CTX_DAG_RUN_ID='manual__2026-01-24T17:10:30.302914+00:00'
[2026-01-24T17:21:22.016+0000] {taskinstance.py:2731} ERROR - Task failed with exception
Traceback (most recent call last):
  File "/home/airflow/.local/lib/python3.8/site-packages/airflow/models/taskinstance.py", line 444, in _execute_task
    result = _execute_callable(context=context, **execute_callable_kwargs)
  File "/home/airflow/.local/lib/python3.8/site-packages/airflow/models/taskinstance.py", line 414, in _execute_callable
    return execute_callable(context=context, **execute_callable_kwargs)
  File "/home/airflow/.local/lib/python3.8/site-packages/airflow/operators/python.py", line 200, in execute
    return_value = self.execute_callable()
  File "/home/airflow/.local/lib/python3.8/site-packages/airflow/operators/python.py", line 217, in execute_callable
    return self.python_callable(*self.op_args, **self.op_kwargs)
  File "/opt/airflow/dags/enterprise_etl_dag.py", line 65, in log_success
    log_pipeline_run(
  File "/opt/airflow/etl/metadata/metadata_logger.py", line 5, in log_pipeline_run
    duration = int((end_time - start_time).total_seconds())
TypeError: can't subtract offset-naive and offset-aware datetimes
[2026-01-24T17:21:22.062+0000] {taskinstance.py:1149} INFO - Marking task as FAILED. dag_id=enterprise_etl_pipeline, task_id=log_metadata, execution_date=20260124T171030, start_date=20260124T172117, end_date=20260124T172122
[2026-01-24T17:21:22.107+0000] {standard_task_runner.py:107} ERROR - Failed to execute job 19 for task log_metadata (can't subtract offset-naive and offset-aware datetimes; 354)
[2026-01-24T17:21:22.154+0000] {local_task_job_runner.py:234} INFO - Task exited with return code 1
[2026-01-24T17:21:22.314+0000] {taskinstance.py:3312} INFO - 0 downstream tasks scheduled from follow-on schedule check
