[2026-01-26T12:35:53.965+0000] {processor.py:161} INFO - Started process (PID=52) to work on /opt/airflow/dags/enterprise_etl_dag.py
[2026-01-26T12:35:53.968+0000] {processor.py:830} INFO - Processing file /opt/airflow/dags/enterprise_etl_dag.py for tasks to queue
[2026-01-26T12:35:53.970+0000] {logging_mixin.py:188} INFO - [2026-01-26T12:35:53.969+0000] {dagbag.py:540} INFO - Filling up the DagBag from /opt/airflow/dags/enterprise_etl_dag.py
[2026-01-26T12:35:54.222+0000] {processor.py:840} INFO - DAG(s) 'enterprise_etl_pipeline' retrieved from /opt/airflow/dags/enterprise_etl_dag.py
[2026-01-26T12:35:54.270+0000] {logging_mixin.py:188} INFO - [2026-01-26T12:35:54.270+0000] {dag.py:3047} INFO - Sync 1 DAGs
[2026-01-26T12:35:54.303+0000] {logging_mixin.py:188} INFO - [2026-01-26T12:35:54.303+0000] {dag.py:3834} INFO - Setting next_dagrun for enterprise_etl_pipeline to None, run_after=None
[2026-01-26T12:35:54.343+0000] {processor.py:183} INFO - Processing /opt/airflow/dags/enterprise_etl_dag.py took 0.392 seconds
[2026-01-26T12:36:50.128+0000] {processor.py:161} INFO - Started process (PID=45) to work on /opt/airflow/dags/enterprise_etl_dag.py
[2026-01-26T12:36:50.131+0000] {processor.py:830} INFO - Processing file /opt/airflow/dags/enterprise_etl_dag.py for tasks to queue
[2026-01-26T12:36:50.135+0000] {logging_mixin.py:188} INFO - [2026-01-26T12:36:50.134+0000] {dagbag.py:540} INFO - Filling up the DagBag from /opt/airflow/dags/enterprise_etl_dag.py
[2026-01-26T12:36:50.580+0000] {processor.py:840} INFO - DAG(s) 'enterprise_etl_pipeline' retrieved from /opt/airflow/dags/enterprise_etl_dag.py
[2026-01-26T12:36:50.799+0000] {logging_mixin.py:188} INFO - [2026-01-26T12:36:50.798+0000] {dag.py:3047} INFO - Sync 1 DAGs
[2026-01-26T12:36:50.853+0000] {logging_mixin.py:188} INFO - [2026-01-26T12:36:50.852+0000] {dag.py:3834} INFO - Setting next_dagrun for enterprise_etl_pipeline to None, run_after=None
[2026-01-26T12:36:50.962+0000] {processor.py:183} INFO - Processing /opt/airflow/dags/enterprise_etl_dag.py took 0.859 seconds
[2026-01-26T12:37:21.311+0000] {processor.py:161} INFO - Started process (PID=52) to work on /opt/airflow/dags/enterprise_etl_dag.py
[2026-01-26T12:37:21.313+0000] {processor.py:830} INFO - Processing file /opt/airflow/dags/enterprise_etl_dag.py for tasks to queue
[2026-01-26T12:37:21.316+0000] {logging_mixin.py:188} INFO - [2026-01-26T12:37:21.315+0000] {dagbag.py:540} INFO - Filling up the DagBag from /opt/airflow/dags/enterprise_etl_dag.py
[2026-01-26T12:37:21.535+0000] {processor.py:840} INFO - DAG(s) 'enterprise_etl_pipeline' retrieved from /opt/airflow/dags/enterprise_etl_dag.py
[2026-01-26T12:37:21.756+0000] {logging_mixin.py:188} INFO - [2026-01-26T12:37:21.755+0000] {dag.py:3047} INFO - Sync 1 DAGs
[2026-01-26T12:37:21.777+0000] {logging_mixin.py:188} INFO - [2026-01-26T12:37:21.777+0000] {dag.py:3834} INFO - Setting next_dagrun for enterprise_etl_pipeline to None, run_after=None
[2026-01-26T12:37:21.810+0000] {processor.py:183} INFO - Processing /opt/airflow/dags/enterprise_etl_dag.py took 0.505 seconds
[2026-01-26T12:37:52.165+0000] {processor.py:161} INFO - Started process (PID=63) to work on /opt/airflow/dags/enterprise_etl_dag.py
[2026-01-26T12:37:52.168+0000] {processor.py:830} INFO - Processing file /opt/airflow/dags/enterprise_etl_dag.py for tasks to queue
[2026-01-26T12:37:52.170+0000] {logging_mixin.py:188} INFO - [2026-01-26T12:37:52.169+0000] {dagbag.py:540} INFO - Filling up the DagBag from /opt/airflow/dags/enterprise_etl_dag.py
[2026-01-26T12:37:52.321+0000] {processor.py:840} INFO - DAG(s) 'enterprise_etl_pipeline' retrieved from /opt/airflow/dags/enterprise_etl_dag.py
[2026-01-26T12:37:52.368+0000] {logging_mixin.py:188} INFO - [2026-01-26T12:37:52.368+0000] {dag.py:3047} INFO - Sync 1 DAGs
[2026-01-26T12:37:52.388+0000] {logging_mixin.py:188} INFO - [2026-01-26T12:37:52.388+0000] {dag.py:3834} INFO - Setting next_dagrun for enterprise_etl_pipeline to None, run_after=None
[2026-01-26T12:37:52.420+0000] {processor.py:183} INFO - Processing /opt/airflow/dags/enterprise_etl_dag.py took 0.262 seconds
[2026-01-26T12:38:22.940+0000] {processor.py:161} INFO - Started process (PID=66) to work on /opt/airflow/dags/enterprise_etl_dag.py
[2026-01-26T12:38:22.968+0000] {processor.py:830} INFO - Processing file /opt/airflow/dags/enterprise_etl_dag.py for tasks to queue
[2026-01-26T12:38:22.977+0000] {logging_mixin.py:188} INFO - [2026-01-26T12:38:22.976+0000] {dagbag.py:540} INFO - Filling up the DagBag from /opt/airflow/dags/enterprise_etl_dag.py
[2026-01-26T12:38:23.307+0000] {processor.py:840} INFO - DAG(s) 'enterprise_etl_pipeline' retrieved from /opt/airflow/dags/enterprise_etl_dag.py
[2026-01-26T12:38:23.399+0000] {logging_mixin.py:188} INFO - [2026-01-26T12:38:23.399+0000] {dag.py:3047} INFO - Sync 1 DAGs
[2026-01-26T12:38:23.435+0000] {logging_mixin.py:188} INFO - [2026-01-26T12:38:23.434+0000] {dag.py:3834} INFO - Setting next_dagrun for enterprise_etl_pipeline to None, run_after=None
[2026-01-26T12:38:23.480+0000] {processor.py:183} INFO - Processing /opt/airflow/dags/enterprise_etl_dag.py took 0.555 seconds
[2026-01-26T12:38:53.572+0000] {processor.py:161} INFO - Started process (PID=68) to work on /opt/airflow/dags/enterprise_etl_dag.py
[2026-01-26T12:38:53.575+0000] {processor.py:830} INFO - Processing file /opt/airflow/dags/enterprise_etl_dag.py for tasks to queue
[2026-01-26T12:38:53.577+0000] {logging_mixin.py:188} INFO - [2026-01-26T12:38:53.576+0000] {dagbag.py:540} INFO - Filling up the DagBag from /opt/airflow/dags/enterprise_etl_dag.py
[2026-01-26T12:38:53.761+0000] {processor.py:840} INFO - DAG(s) 'enterprise_etl_pipeline' retrieved from /opt/airflow/dags/enterprise_etl_dag.py
[2026-01-26T12:38:53.807+0000] {logging_mixin.py:188} INFO - [2026-01-26T12:38:53.807+0000] {dag.py:3047} INFO - Sync 1 DAGs
[2026-01-26T12:38:53.823+0000] {logging_mixin.py:188} INFO - [2026-01-26T12:38:53.823+0000] {dag.py:3834} INFO - Setting next_dagrun for enterprise_etl_pipeline to None, run_after=None
[2026-01-26T12:38:53.851+0000] {processor.py:183} INFO - Processing /opt/airflow/dags/enterprise_etl_dag.py took 0.302 seconds
[2026-01-26T12:39:24.705+0000] {processor.py:161} INFO - Started process (PID=70) to work on /opt/airflow/dags/enterprise_etl_dag.py
[2026-01-26T12:39:24.708+0000] {processor.py:830} INFO - Processing file /opt/airflow/dags/enterprise_etl_dag.py for tasks to queue
[2026-01-26T12:39:24.711+0000] {logging_mixin.py:188} INFO - [2026-01-26T12:39:24.710+0000] {dagbag.py:540} INFO - Filling up the DagBag from /opt/airflow/dags/enterprise_etl_dag.py
[2026-01-26T12:39:24.992+0000] {processor.py:840} INFO - DAG(s) 'enterprise_etl_pipeline' retrieved from /opt/airflow/dags/enterprise_etl_dag.py
[2026-01-26T12:39:25.119+0000] {logging_mixin.py:188} INFO - [2026-01-26T12:39:25.117+0000] {dag.py:3047} INFO - Sync 1 DAGs
[2026-01-26T12:39:25.160+0000] {logging_mixin.py:188} INFO - [2026-01-26T12:39:25.160+0000] {dag.py:3834} INFO - Setting next_dagrun for enterprise_etl_pipeline to None, run_after=None
[2026-01-26T12:39:25.237+0000] {processor.py:183} INFO - Processing /opt/airflow/dags/enterprise_etl_dag.py took 0.547 seconds
[2026-01-26T12:39:55.365+0000] {processor.py:161} INFO - Started process (PID=73) to work on /opt/airflow/dags/enterprise_etl_dag.py
[2026-01-26T12:39:55.366+0000] {processor.py:830} INFO - Processing file /opt/airflow/dags/enterprise_etl_dag.py for tasks to queue
[2026-01-26T12:39:55.368+0000] {logging_mixin.py:188} INFO - [2026-01-26T12:39:55.367+0000] {dagbag.py:540} INFO - Filling up the DagBag from /opt/airflow/dags/enterprise_etl_dag.py
[2026-01-26T12:39:55.647+0000] {processor.py:840} INFO - DAG(s) 'enterprise_etl_pipeline' retrieved from /opt/airflow/dags/enterprise_etl_dag.py
[2026-01-26T12:39:55.724+0000] {logging_mixin.py:188} INFO - [2026-01-26T12:39:55.723+0000] {dag.py:3047} INFO - Sync 1 DAGs
[2026-01-26T12:39:55.788+0000] {logging_mixin.py:188} INFO - [2026-01-26T12:39:55.788+0000] {dag.py:3834} INFO - Setting next_dagrun for enterprise_etl_pipeline to None, run_after=None
[2026-01-26T12:39:55.850+0000] {processor.py:183} INFO - Processing /opt/airflow/dags/enterprise_etl_dag.py took 0.492 seconds
[2026-01-26T12:40:26.246+0000] {processor.py:161} INFO - Started process (PID=74) to work on /opt/airflow/dags/enterprise_etl_dag.py
[2026-01-26T12:40:26.260+0000] {processor.py:830} INFO - Processing file /opt/airflow/dags/enterprise_etl_dag.py for tasks to queue
[2026-01-26T12:40:26.268+0000] {logging_mixin.py:188} INFO - [2026-01-26T12:40:26.264+0000] {dagbag.py:540} INFO - Filling up the DagBag from /opt/airflow/dags/enterprise_etl_dag.py
[2026-01-26T12:40:26.782+0000] {processor.py:840} INFO - DAG(s) 'enterprise_etl_pipeline' retrieved from /opt/airflow/dags/enterprise_etl_dag.py
[2026-01-26T12:40:26.901+0000] {logging_mixin.py:188} INFO - [2026-01-26T12:40:26.901+0000] {dag.py:3047} INFO - Sync 1 DAGs
[2026-01-26T12:40:26.957+0000] {logging_mixin.py:188} INFO - [2026-01-26T12:40:26.955+0000] {dag.py:3834} INFO - Setting next_dagrun for enterprise_etl_pipeline to None, run_after=None
[2026-01-26T12:40:27.069+0000] {processor.py:183} INFO - Processing /opt/airflow/dags/enterprise_etl_dag.py took 0.838 seconds
[2026-01-26T12:40:59.575+0000] {processor.py:161} INFO - Started process (PID=76) to work on /opt/airflow/dags/enterprise_etl_dag.py
[2026-01-26T12:40:59.580+0000] {processor.py:830} INFO - Processing file /opt/airflow/dags/enterprise_etl_dag.py for tasks to queue
[2026-01-26T12:40:59.587+0000] {logging_mixin.py:188} INFO - [2026-01-26T12:40:59.585+0000] {dagbag.py:540} INFO - Filling up the DagBag from /opt/airflow/dags/enterprise_etl_dag.py
[2026-01-26T12:40:59.877+0000] {processor.py:840} INFO - DAG(s) 'enterprise_etl_pipeline' retrieved from /opt/airflow/dags/enterprise_etl_dag.py
[2026-01-26T12:40:59.932+0000] {logging_mixin.py:188} INFO - [2026-01-26T12:40:59.931+0000] {dag.py:3047} INFO - Sync 1 DAGs
[2026-01-26T12:40:59.960+0000] {logging_mixin.py:188} INFO - [2026-01-26T12:40:59.960+0000] {dag.py:3834} INFO - Setting next_dagrun for enterprise_etl_pipeline to None, run_after=None
[2026-01-26T12:40:59.991+0000] {processor.py:183} INFO - Processing /opt/airflow/dags/enterprise_etl_dag.py took 0.432 seconds
[2026-01-26T12:41:32.995+0000] {processor.py:161} INFO - Started process (PID=78) to work on /opt/airflow/dags/enterprise_etl_dag.py
[2026-01-26T12:41:32.998+0000] {processor.py:830} INFO - Processing file /opt/airflow/dags/enterprise_etl_dag.py for tasks to queue
[2026-01-26T12:41:33.001+0000] {logging_mixin.py:188} INFO - [2026-01-26T12:41:33.000+0000] {dagbag.py:540} INFO - Filling up the DagBag from /opt/airflow/dags/enterprise_etl_dag.py
[2026-01-26T12:41:33.237+0000] {processor.py:840} INFO - DAG(s) 'enterprise_etl_pipeline' retrieved from /opt/airflow/dags/enterprise_etl_dag.py
[2026-01-26T12:41:33.293+0000] {logging_mixin.py:188} INFO - [2026-01-26T12:41:33.293+0000] {dag.py:3047} INFO - Sync 1 DAGs
[2026-01-26T12:41:33.315+0000] {logging_mixin.py:188} INFO - [2026-01-26T12:41:33.315+0000] {dag.py:3834} INFO - Setting next_dagrun for enterprise_etl_pipeline to None, run_after=None
[2026-01-26T12:41:33.349+0000] {processor.py:183} INFO - Processing /opt/airflow/dags/enterprise_etl_dag.py took 0.365 seconds
[2026-01-26T12:42:06.104+0000] {processor.py:161} INFO - Started process (PID=80) to work on /opt/airflow/dags/enterprise_etl_dag.py
[2026-01-26T12:42:06.107+0000] {processor.py:830} INFO - Processing file /opt/airflow/dags/enterprise_etl_dag.py for tasks to queue
[2026-01-26T12:42:06.110+0000] {logging_mixin.py:188} INFO - [2026-01-26T12:42:06.109+0000] {dagbag.py:540} INFO - Filling up the DagBag from /opt/airflow/dags/enterprise_etl_dag.py
[2026-01-26T12:42:06.440+0000] {processor.py:840} INFO - DAG(s) 'enterprise_etl_pipeline' retrieved from /opt/airflow/dags/enterprise_etl_dag.py
[2026-01-26T12:42:06.504+0000] {logging_mixin.py:188} INFO - [2026-01-26T12:42:06.503+0000] {dag.py:3047} INFO - Sync 1 DAGs
[2026-01-26T12:42:06.544+0000] {logging_mixin.py:188} INFO - [2026-01-26T12:42:06.544+0000] {dag.py:3834} INFO - Setting next_dagrun for enterprise_etl_pipeline to None, run_after=None
[2026-01-26T12:42:06.572+0000] {processor.py:183} INFO - Processing /opt/airflow/dags/enterprise_etl_dag.py took 0.479 seconds
[2026-01-26T12:42:39.458+0000] {processor.py:161} INFO - Started process (PID=82) to work on /opt/airflow/dags/enterprise_etl_dag.py
[2026-01-26T12:42:39.460+0000] {processor.py:830} INFO - Processing file /opt/airflow/dags/enterprise_etl_dag.py for tasks to queue
[2026-01-26T12:42:39.470+0000] {logging_mixin.py:188} INFO - [2026-01-26T12:42:39.468+0000] {dagbag.py:540} INFO - Filling up the DagBag from /opt/airflow/dags/enterprise_etl_dag.py
[2026-01-26T12:42:39.688+0000] {processor.py:840} INFO - DAG(s) 'enterprise_etl_pipeline' retrieved from /opt/airflow/dags/enterprise_etl_dag.py
[2026-01-26T12:42:39.720+0000] {logging_mixin.py:188} INFO - [2026-01-26T12:42:39.720+0000] {dag.py:3047} INFO - Sync 1 DAGs
[2026-01-26T12:42:39.752+0000] {logging_mixin.py:188} INFO - [2026-01-26T12:42:39.752+0000] {dag.py:3834} INFO - Setting next_dagrun for enterprise_etl_pipeline to None, run_after=None
[2026-01-26T12:42:39.777+0000] {processor.py:183} INFO - Processing /opt/airflow/dags/enterprise_etl_dag.py took 0.335 seconds
[2026-01-26T12:43:12.934+0000] {processor.py:161} INFO - Started process (PID=84) to work on /opt/airflow/dags/enterprise_etl_dag.py
[2026-01-26T12:43:12.950+0000] {processor.py:830} INFO - Processing file /opt/airflow/dags/enterprise_etl_dag.py for tasks to queue
[2026-01-26T12:43:12.974+0000] {logging_mixin.py:188} INFO - [2026-01-26T12:43:12.973+0000] {dagbag.py:540} INFO - Filling up the DagBag from /opt/airflow/dags/enterprise_etl_dag.py
[2026-01-26T12:43:13.701+0000] {processor.py:840} INFO - DAG(s) 'enterprise_etl_pipeline' retrieved from /opt/airflow/dags/enterprise_etl_dag.py
[2026-01-26T12:43:13.771+0000] {logging_mixin.py:188} INFO - [2026-01-26T12:43:13.771+0000] {dag.py:3047} INFO - Sync 1 DAGs
[2026-01-26T12:43:13.830+0000] {logging_mixin.py:188} INFO - [2026-01-26T12:43:13.828+0000] {dag.py:3834} INFO - Setting next_dagrun for enterprise_etl_pipeline to None, run_after=None
[2026-01-26T12:43:13.869+0000] {processor.py:183} INFO - Processing /opt/airflow/dags/enterprise_etl_dag.py took 0.950 seconds
[2026-01-26T12:43:46.655+0000] {processor.py:161} INFO - Started process (PID=86) to work on /opt/airflow/dags/enterprise_etl_dag.py
[2026-01-26T12:43:46.657+0000] {processor.py:830} INFO - Processing file /opt/airflow/dags/enterprise_etl_dag.py for tasks to queue
[2026-01-26T12:43:46.659+0000] {logging_mixin.py:188} INFO - [2026-01-26T12:43:46.658+0000] {dagbag.py:540} INFO - Filling up the DagBag from /opt/airflow/dags/enterprise_etl_dag.py
[2026-01-26T12:43:46.973+0000] {processor.py:840} INFO - DAG(s) 'enterprise_etl_pipeline' retrieved from /opt/airflow/dags/enterprise_etl_dag.py
[2026-01-26T12:43:47.041+0000] {logging_mixin.py:188} INFO - [2026-01-26T12:43:47.041+0000] {dag.py:3047} INFO - Sync 1 DAGs
[2026-01-26T12:43:47.072+0000] {logging_mixin.py:188} INFO - [2026-01-26T12:43:47.072+0000] {dag.py:3834} INFO - Setting next_dagrun for enterprise_etl_pipeline to None, run_after=None
[2026-01-26T12:43:47.124+0000] {processor.py:183} INFO - Processing /opt/airflow/dags/enterprise_etl_dag.py took 0.479 seconds
[2026-01-26T12:44:19.750+0000] {processor.py:161} INFO - Started process (PID=88) to work on /opt/airflow/dags/enterprise_etl_dag.py
[2026-01-26T12:44:19.757+0000] {processor.py:830} INFO - Processing file /opt/airflow/dags/enterprise_etl_dag.py for tasks to queue
[2026-01-26T12:44:19.761+0000] {logging_mixin.py:188} INFO - [2026-01-26T12:44:19.759+0000] {dagbag.py:540} INFO - Filling up the DagBag from /opt/airflow/dags/enterprise_etl_dag.py
[2026-01-26T12:44:20.003+0000] {processor.py:840} INFO - DAG(s) 'enterprise_etl_pipeline' retrieved from /opt/airflow/dags/enterprise_etl_dag.py
[2026-01-26T12:44:20.059+0000] {logging_mixin.py:188} INFO - [2026-01-26T12:44:20.059+0000] {dag.py:3047} INFO - Sync 1 DAGs
[2026-01-26T12:44:20.080+0000] {logging_mixin.py:188} INFO - [2026-01-26T12:44:20.080+0000] {dag.py:3834} INFO - Setting next_dagrun for enterprise_etl_pipeline to None, run_after=None
[2026-01-26T12:44:20.119+0000] {processor.py:183} INFO - Processing /opt/airflow/dags/enterprise_etl_dag.py took 0.391 seconds
[2026-01-26T12:44:52.731+0000] {processor.py:161} INFO - Started process (PID=90) to work on /opt/airflow/dags/enterprise_etl_dag.py
[2026-01-26T12:44:52.733+0000] {processor.py:830} INFO - Processing file /opt/airflow/dags/enterprise_etl_dag.py for tasks to queue
[2026-01-26T12:44:52.736+0000] {logging_mixin.py:188} INFO - [2026-01-26T12:44:52.735+0000] {dagbag.py:540} INFO - Filling up the DagBag from /opt/airflow/dags/enterprise_etl_dag.py
[2026-01-26T12:44:53.012+0000] {processor.py:840} INFO - DAG(s) 'enterprise_etl_pipeline' retrieved from /opt/airflow/dags/enterprise_etl_dag.py
[2026-01-26T12:44:53.059+0000] {logging_mixin.py:188} INFO - [2026-01-26T12:44:53.058+0000] {dag.py:3047} INFO - Sync 1 DAGs
[2026-01-26T12:44:53.086+0000] {logging_mixin.py:188} INFO - [2026-01-26T12:44:53.085+0000] {dag.py:3834} INFO - Setting next_dagrun for enterprise_etl_pipeline to None, run_after=None
[2026-01-26T12:44:53.465+0000] {processor.py:183} INFO - Processing /opt/airflow/dags/enterprise_etl_dag.py took 0.745 seconds
[2026-01-26T12:45:26.403+0000] {processor.py:161} INFO - Started process (PID=92) to work on /opt/airflow/dags/enterprise_etl_dag.py
[2026-01-26T12:45:26.412+0000] {processor.py:830} INFO - Processing file /opt/airflow/dags/enterprise_etl_dag.py for tasks to queue
[2026-01-26T12:45:26.418+0000] {logging_mixin.py:188} INFO - [2026-01-26T12:45:26.417+0000] {dagbag.py:540} INFO - Filling up the DagBag from /opt/airflow/dags/enterprise_etl_dag.py
[2026-01-26T12:45:26.751+0000] {processor.py:840} INFO - DAG(s) 'enterprise_etl_pipeline' retrieved from /opt/airflow/dags/enterprise_etl_dag.py
[2026-01-26T12:45:26.796+0000] {logging_mixin.py:188} INFO - [2026-01-26T12:45:26.796+0000] {dag.py:3047} INFO - Sync 1 DAGs
[2026-01-26T12:45:26.817+0000] {logging_mixin.py:188} INFO - [2026-01-26T12:45:26.817+0000] {dag.py:3834} INFO - Setting next_dagrun for enterprise_etl_pipeline to None, run_after=None
[2026-01-26T12:45:26.871+0000] {processor.py:183} INFO - Processing /opt/airflow/dags/enterprise_etl_dag.py took 0.479 seconds
[2026-01-26T12:45:59.813+0000] {processor.py:161} INFO - Started process (PID=94) to work on /opt/airflow/dags/enterprise_etl_dag.py
[2026-01-26T12:45:59.815+0000] {processor.py:830} INFO - Processing file /opt/airflow/dags/enterprise_etl_dag.py for tasks to queue
[2026-01-26T12:45:59.819+0000] {logging_mixin.py:188} INFO - [2026-01-26T12:45:59.819+0000] {dagbag.py:540} INFO - Filling up the DagBag from /opt/airflow/dags/enterprise_etl_dag.py
[2026-01-26T12:46:00.010+0000] {processor.py:840} INFO - DAG(s) 'enterprise_etl_pipeline' retrieved from /opt/airflow/dags/enterprise_etl_dag.py
[2026-01-26T12:46:00.051+0000] {logging_mixin.py:188} INFO - [2026-01-26T12:46:00.050+0000] {dag.py:3047} INFO - Sync 1 DAGs
[2026-01-26T12:46:00.082+0000] {logging_mixin.py:188} INFO - [2026-01-26T12:46:00.081+0000] {dag.py:3834} INFO - Setting next_dagrun for enterprise_etl_pipeline to None, run_after=None
[2026-01-26T12:46:00.138+0000] {processor.py:183} INFO - Processing /opt/airflow/dags/enterprise_etl_dag.py took 0.338 seconds
[2026-01-26T12:46:33.655+0000] {processor.py:161} INFO - Started process (PID=96) to work on /opt/airflow/dags/enterprise_etl_dag.py
[2026-01-26T12:46:33.662+0000] {processor.py:830} INFO - Processing file /opt/airflow/dags/enterprise_etl_dag.py for tasks to queue
[2026-01-26T12:46:33.665+0000] {logging_mixin.py:188} INFO - [2026-01-26T12:46:33.664+0000] {dagbag.py:540} INFO - Filling up the DagBag from /opt/airflow/dags/enterprise_etl_dag.py
[2026-01-26T12:46:34.010+0000] {processor.py:840} INFO - DAG(s) 'enterprise_etl_pipeline' retrieved from /opt/airflow/dags/enterprise_etl_dag.py
[2026-01-26T12:46:34.057+0000] {logging_mixin.py:188} INFO - [2026-01-26T12:46:34.057+0000] {dag.py:3047} INFO - Sync 1 DAGs
[2026-01-26T12:46:34.086+0000] {logging_mixin.py:188} INFO - [2026-01-26T12:46:34.086+0000] {dag.py:3834} INFO - Setting next_dagrun for enterprise_etl_pipeline to None, run_after=None
[2026-01-26T12:46:34.128+0000] {processor.py:183} INFO - Processing /opt/airflow/dags/enterprise_etl_dag.py took 0.481 seconds
[2026-01-26T12:47:06.320+0000] {processor.py:161} INFO - Started process (PID=98) to work on /opt/airflow/dags/enterprise_etl_dag.py
[2026-01-26T12:47:06.327+0000] {processor.py:830} INFO - Processing file /opt/airflow/dags/enterprise_etl_dag.py for tasks to queue
[2026-01-26T12:47:06.330+0000] {logging_mixin.py:188} INFO - [2026-01-26T12:47:06.329+0000] {dagbag.py:540} INFO - Filling up the DagBag from /opt/airflow/dags/enterprise_etl_dag.py
[2026-01-26T12:47:06.674+0000] {processor.py:840} INFO - DAG(s) 'enterprise_etl_pipeline' retrieved from /opt/airflow/dags/enterprise_etl_dag.py
[2026-01-26T12:47:06.763+0000] {logging_mixin.py:188} INFO - [2026-01-26T12:47:06.762+0000] {dag.py:3047} INFO - Sync 1 DAGs
[2026-01-26T12:47:06.796+0000] {logging_mixin.py:188} INFO - [2026-01-26T12:47:06.796+0000] {dag.py:3834} INFO - Setting next_dagrun for enterprise_etl_pipeline to None, run_after=None
[2026-01-26T12:47:06.862+0000] {processor.py:183} INFO - Processing /opt/airflow/dags/enterprise_etl_dag.py took 0.562 seconds
[2026-01-26T12:47:39.875+0000] {processor.py:161} INFO - Started process (PID=100) to work on /opt/airflow/dags/enterprise_etl_dag.py
[2026-01-26T12:47:39.877+0000] {processor.py:830} INFO - Processing file /opt/airflow/dags/enterprise_etl_dag.py for tasks to queue
[2026-01-26T12:47:39.882+0000] {logging_mixin.py:188} INFO - [2026-01-26T12:47:39.882+0000] {dagbag.py:540} INFO - Filling up the DagBag from /opt/airflow/dags/enterprise_etl_dag.py
[2026-01-26T12:47:40.111+0000] {processor.py:840} INFO - DAG(s) 'enterprise_etl_pipeline' retrieved from /opt/airflow/dags/enterprise_etl_dag.py
[2026-01-26T12:47:40.158+0000] {logging_mixin.py:188} INFO - [2026-01-26T12:47:40.158+0000] {dag.py:3047} INFO - Sync 1 DAGs
[2026-01-26T12:47:40.180+0000] {logging_mixin.py:188} INFO - [2026-01-26T12:47:40.179+0000] {dag.py:3834} INFO - Setting next_dagrun for enterprise_etl_pipeline to None, run_after=None
[2026-01-26T12:47:40.224+0000] {processor.py:183} INFO - Processing /opt/airflow/dags/enterprise_etl_dag.py took 0.374 seconds
[2026-01-26T12:48:13.227+0000] {processor.py:161} INFO - Started process (PID=102) to work on /opt/airflow/dags/enterprise_etl_dag.py
[2026-01-26T12:48:13.229+0000] {processor.py:830} INFO - Processing file /opt/airflow/dags/enterprise_etl_dag.py for tasks to queue
[2026-01-26T12:48:13.233+0000] {logging_mixin.py:188} INFO - [2026-01-26T12:48:13.232+0000] {dagbag.py:540} INFO - Filling up the DagBag from /opt/airflow/dags/enterprise_etl_dag.py
[2026-01-26T12:48:13.520+0000] {processor.py:840} INFO - DAG(s) 'enterprise_etl_pipeline' retrieved from /opt/airflow/dags/enterprise_etl_dag.py
[2026-01-26T12:48:13.608+0000] {logging_mixin.py:188} INFO - [2026-01-26T12:48:13.606+0000] {dag.py:3047} INFO - Sync 1 DAGs
[2026-01-26T12:48:13.654+0000] {logging_mixin.py:188} INFO - [2026-01-26T12:48:13.652+0000] {dag.py:3834} INFO - Setting next_dagrun for enterprise_etl_pipeline to None, run_after=None
[2026-01-26T12:48:13.711+0000] {processor.py:183} INFO - Processing /opt/airflow/dags/enterprise_etl_dag.py took 0.503 seconds
[2026-01-26T12:48:46.400+0000] {processor.py:161} INFO - Started process (PID=104) to work on /opt/airflow/dags/enterprise_etl_dag.py
[2026-01-26T12:48:46.406+0000] {processor.py:830} INFO - Processing file /opt/airflow/dags/enterprise_etl_dag.py for tasks to queue
[2026-01-26T12:48:46.409+0000] {logging_mixin.py:188} INFO - [2026-01-26T12:48:46.408+0000] {dagbag.py:540} INFO - Filling up the DagBag from /opt/airflow/dags/enterprise_etl_dag.py
[2026-01-26T12:48:46.867+0000] {processor.py:840} INFO - DAG(s) 'enterprise_etl_pipeline' retrieved from /opt/airflow/dags/enterprise_etl_dag.py
[2026-01-26T12:48:46.907+0000] {logging_mixin.py:188} INFO - [2026-01-26T12:48:46.907+0000] {dag.py:3047} INFO - Sync 1 DAGs
[2026-01-26T12:48:46.925+0000] {logging_mixin.py:188} INFO - [2026-01-26T12:48:46.925+0000] {dag.py:3834} INFO - Setting next_dagrun for enterprise_etl_pipeline to None, run_after=None
[2026-01-26T12:48:46.961+0000] {processor.py:183} INFO - Processing /opt/airflow/dags/enterprise_etl_dag.py took 0.570 seconds
[2026-01-26T12:49:19.776+0000] {processor.py:161} INFO - Started process (PID=106) to work on /opt/airflow/dags/enterprise_etl_dag.py
[2026-01-26T12:49:19.781+0000] {processor.py:830} INFO - Processing file /opt/airflow/dags/enterprise_etl_dag.py for tasks to queue
[2026-01-26T12:49:19.786+0000] {logging_mixin.py:188} INFO - [2026-01-26T12:49:19.785+0000] {dagbag.py:540} INFO - Filling up the DagBag from /opt/airflow/dags/enterprise_etl_dag.py
[2026-01-26T12:49:19.964+0000] {processor.py:840} INFO - DAG(s) 'enterprise_etl_pipeline' retrieved from /opt/airflow/dags/enterprise_etl_dag.py
[2026-01-26T12:49:20.007+0000] {logging_mixin.py:188} INFO - [2026-01-26T12:49:20.007+0000] {dag.py:3047} INFO - Sync 1 DAGs
[2026-01-26T12:49:20.028+0000] {logging_mixin.py:188} INFO - [2026-01-26T12:49:20.028+0000] {dag.py:3834} INFO - Setting next_dagrun for enterprise_etl_pipeline to None, run_after=None
[2026-01-26T12:49:20.097+0000] {processor.py:183} INFO - Processing /opt/airflow/dags/enterprise_etl_dag.py took 0.351 seconds
[2026-01-26T12:49:52.987+0000] {processor.py:161} INFO - Started process (PID=108) to work on /opt/airflow/dags/enterprise_etl_dag.py
[2026-01-26T12:49:52.988+0000] {processor.py:830} INFO - Processing file /opt/airflow/dags/enterprise_etl_dag.py for tasks to queue
[2026-01-26T12:49:52.990+0000] {logging_mixin.py:188} INFO - [2026-01-26T12:49:52.990+0000] {dagbag.py:540} INFO - Filling up the DagBag from /opt/airflow/dags/enterprise_etl_dag.py
[2026-01-26T12:49:53.158+0000] {processor.py:840} INFO - DAG(s) 'enterprise_etl_pipeline' retrieved from /opt/airflow/dags/enterprise_etl_dag.py
[2026-01-26T12:49:53.205+0000] {logging_mixin.py:188} INFO - [2026-01-26T12:49:53.204+0000] {dag.py:3047} INFO - Sync 1 DAGs
[2026-01-26T12:49:53.230+0000] {logging_mixin.py:188} INFO - [2026-01-26T12:49:53.230+0000] {dag.py:3834} INFO - Setting next_dagrun for enterprise_etl_pipeline to None, run_after=None
[2026-01-26T12:49:53.261+0000] {processor.py:183} INFO - Processing /opt/airflow/dags/enterprise_etl_dag.py took 0.284 seconds
[2026-01-26T12:50:27.361+0000] {processor.py:161} INFO - Started process (PID=110) to work on /opt/airflow/dags/enterprise_etl_dag.py
[2026-01-26T12:50:27.365+0000] {processor.py:830} INFO - Processing file /opt/airflow/dags/enterprise_etl_dag.py for tasks to queue
[2026-01-26T12:50:27.369+0000] {logging_mixin.py:188} INFO - [2026-01-26T12:50:27.368+0000] {dagbag.py:540} INFO - Filling up the DagBag from /opt/airflow/dags/enterprise_etl_dag.py
[2026-01-26T12:50:27.551+0000] {processor.py:840} INFO - DAG(s) 'enterprise_etl_pipeline' retrieved from /opt/airflow/dags/enterprise_etl_dag.py
[2026-01-26T12:50:27.593+0000] {logging_mixin.py:188} INFO - [2026-01-26T12:50:27.592+0000] {dag.py:3047} INFO - Sync 1 DAGs
[2026-01-26T12:50:27.610+0000] {logging_mixin.py:188} INFO - [2026-01-26T12:50:27.610+0000] {dag.py:3834} INFO - Setting next_dagrun for enterprise_etl_pipeline to None, run_after=None
[2026-01-26T12:50:27.639+0000] {processor.py:183} INFO - Processing /opt/airflow/dags/enterprise_etl_dag.py took 0.288 seconds
[2026-01-26T12:51:00.054+0000] {processor.py:161} INFO - Started process (PID=112) to work on /opt/airflow/dags/enterprise_etl_dag.py
[2026-01-26T12:51:00.060+0000] {processor.py:830} INFO - Processing file /opt/airflow/dags/enterprise_etl_dag.py for tasks to queue
[2026-01-26T12:51:00.064+0000] {logging_mixin.py:188} INFO - [2026-01-26T12:51:00.063+0000] {dagbag.py:540} INFO - Filling up the DagBag from /opt/airflow/dags/enterprise_etl_dag.py
[2026-01-26T12:51:00.279+0000] {processor.py:840} INFO - DAG(s) 'enterprise_etl_pipeline' retrieved from /opt/airflow/dags/enterprise_etl_dag.py
[2026-01-26T12:51:00.316+0000] {logging_mixin.py:188} INFO - [2026-01-26T12:51:00.316+0000] {dag.py:3047} INFO - Sync 1 DAGs
[2026-01-26T12:51:00.336+0000] {logging_mixin.py:188} INFO - [2026-01-26T12:51:00.335+0000] {dag.py:3834} INFO - Setting next_dagrun for enterprise_etl_pipeline to None, run_after=None
[2026-01-26T12:51:00.415+0000] {processor.py:183} INFO - Processing /opt/airflow/dags/enterprise_etl_dag.py took 0.384 seconds
[2026-01-26T12:51:33.330+0000] {processor.py:161} INFO - Started process (PID=114) to work on /opt/airflow/dags/enterprise_etl_dag.py
[2026-01-26T12:51:33.332+0000] {processor.py:830} INFO - Processing file /opt/airflow/dags/enterprise_etl_dag.py for tasks to queue
[2026-01-26T12:51:33.338+0000] {logging_mixin.py:188} INFO - [2026-01-26T12:51:33.334+0000] {dagbag.py:540} INFO - Filling up the DagBag from /opt/airflow/dags/enterprise_etl_dag.py
[2026-01-26T12:51:33.526+0000] {processor.py:840} INFO - DAG(s) 'enterprise_etl_pipeline' retrieved from /opt/airflow/dags/enterprise_etl_dag.py
[2026-01-26T12:51:33.570+0000] {logging_mixin.py:188} INFO - [2026-01-26T12:51:33.569+0000] {dag.py:3047} INFO - Sync 1 DAGs
[2026-01-26T12:51:33.587+0000] {logging_mixin.py:188} INFO - [2026-01-26T12:51:33.586+0000] {dag.py:3834} INFO - Setting next_dagrun for enterprise_etl_pipeline to None, run_after=None
[2026-01-26T12:51:33.614+0000] {processor.py:183} INFO - Processing /opt/airflow/dags/enterprise_etl_dag.py took 0.292 seconds
[2026-01-26T12:52:06.807+0000] {processor.py:161} INFO - Started process (PID=116) to work on /opt/airflow/dags/enterprise_etl_dag.py
[2026-01-26T12:52:06.814+0000] {processor.py:830} INFO - Processing file /opt/airflow/dags/enterprise_etl_dag.py for tasks to queue
[2026-01-26T12:52:06.818+0000] {logging_mixin.py:188} INFO - [2026-01-26T12:52:06.817+0000] {dagbag.py:540} INFO - Filling up the DagBag from /opt/airflow/dags/enterprise_etl_dag.py
[2026-01-26T12:52:07.035+0000] {processor.py:840} INFO - DAG(s) 'enterprise_etl_pipeline' retrieved from /opt/airflow/dags/enterprise_etl_dag.py
[2026-01-26T12:52:07.071+0000] {logging_mixin.py:188} INFO - [2026-01-26T12:52:07.071+0000] {dag.py:3047} INFO - Sync 1 DAGs
[2026-01-26T12:52:07.090+0000] {logging_mixin.py:188} INFO - [2026-01-26T12:52:07.089+0000] {dag.py:3834} INFO - Setting next_dagrun for enterprise_etl_pipeline to None, run_after=None
[2026-01-26T12:52:07.118+0000] {processor.py:183} INFO - Processing /opt/airflow/dags/enterprise_etl_dag.py took 0.360 seconds
[2026-01-26T12:52:40.038+0000] {processor.py:161} INFO - Started process (PID=118) to work on /opt/airflow/dags/enterprise_etl_dag.py
[2026-01-26T12:52:40.041+0000] {processor.py:830} INFO - Processing file /opt/airflow/dags/enterprise_etl_dag.py for tasks to queue
[2026-01-26T12:52:40.045+0000] {logging_mixin.py:188} INFO - [2026-01-26T12:52:40.044+0000] {dagbag.py:540} INFO - Filling up the DagBag from /opt/airflow/dags/enterprise_etl_dag.py
[2026-01-26T12:52:40.246+0000] {processor.py:840} INFO - DAG(s) 'enterprise_etl_pipeline' retrieved from /opt/airflow/dags/enterprise_etl_dag.py
[2026-01-26T12:52:40.281+0000] {logging_mixin.py:188} INFO - [2026-01-26T12:52:40.280+0000] {dag.py:3047} INFO - Sync 1 DAGs
[2026-01-26T12:52:40.299+0000] {logging_mixin.py:188} INFO - [2026-01-26T12:52:40.299+0000] {dag.py:3834} INFO - Setting next_dagrun for enterprise_etl_pipeline to None, run_after=None
[2026-01-26T12:52:40.324+0000] {processor.py:183} INFO - Processing /opt/airflow/dags/enterprise_etl_dag.py took 0.298 seconds
[2026-01-26T12:53:13.446+0000] {processor.py:161} INFO - Started process (PID=120) to work on /opt/airflow/dags/enterprise_etl_dag.py
[2026-01-26T12:53:13.449+0000] {processor.py:830} INFO - Processing file /opt/airflow/dags/enterprise_etl_dag.py for tasks to queue
[2026-01-26T12:53:13.457+0000] {logging_mixin.py:188} INFO - [2026-01-26T12:53:13.451+0000] {dagbag.py:540} INFO - Filling up the DagBag from /opt/airflow/dags/enterprise_etl_dag.py
[2026-01-26T12:53:13.660+0000] {processor.py:840} INFO - DAG(s) 'enterprise_etl_pipeline' retrieved from /opt/airflow/dags/enterprise_etl_dag.py
[2026-01-26T12:53:13.706+0000] {logging_mixin.py:188} INFO - [2026-01-26T12:53:13.705+0000] {dag.py:3047} INFO - Sync 1 DAGs
[2026-01-26T12:53:13.726+0000] {logging_mixin.py:188} INFO - [2026-01-26T12:53:13.726+0000] {dag.py:3834} INFO - Setting next_dagrun for enterprise_etl_pipeline to None, run_after=None
[2026-01-26T12:53:13.757+0000] {processor.py:183} INFO - Processing /opt/airflow/dags/enterprise_etl_dag.py took 0.340 seconds
[2026-01-26T12:53:46.774+0000] {processor.py:161} INFO - Started process (PID=122) to work on /opt/airflow/dags/enterprise_etl_dag.py
[2026-01-26T12:53:46.777+0000] {processor.py:830} INFO - Processing file /opt/airflow/dags/enterprise_etl_dag.py for tasks to queue
[2026-01-26T12:53:46.780+0000] {logging_mixin.py:188} INFO - [2026-01-26T12:53:46.779+0000] {dagbag.py:540} INFO - Filling up the DagBag from /opt/airflow/dags/enterprise_etl_dag.py
[2026-01-26T12:53:46.966+0000] {processor.py:840} INFO - DAG(s) 'enterprise_etl_pipeline' retrieved from /opt/airflow/dags/enterprise_etl_dag.py
[2026-01-26T12:53:47.002+0000] {logging_mixin.py:188} INFO - [2026-01-26T12:53:47.002+0000] {dag.py:3047} INFO - Sync 1 DAGs
[2026-01-26T12:53:47.020+0000] {logging_mixin.py:188} INFO - [2026-01-26T12:53:47.020+0000] {dag.py:3834} INFO - Setting next_dagrun for enterprise_etl_pipeline to None, run_after=None
[2026-01-26T12:53:47.049+0000] {processor.py:183} INFO - Processing /opt/airflow/dags/enterprise_etl_dag.py took 0.292 seconds
[2026-01-26T12:54:20.080+0000] {processor.py:161} INFO - Started process (PID=124) to work on /opt/airflow/dags/enterprise_etl_dag.py
[2026-01-26T12:54:20.083+0000] {processor.py:830} INFO - Processing file /opt/airflow/dags/enterprise_etl_dag.py for tasks to queue
[2026-01-26T12:54:20.086+0000] {logging_mixin.py:188} INFO - [2026-01-26T12:54:20.085+0000] {dagbag.py:540} INFO - Filling up the DagBag from /opt/airflow/dags/enterprise_etl_dag.py
[2026-01-26T12:54:20.280+0000] {processor.py:840} INFO - DAG(s) 'enterprise_etl_pipeline' retrieved from /opt/airflow/dags/enterprise_etl_dag.py
[2026-01-26T12:54:20.326+0000] {logging_mixin.py:188} INFO - [2026-01-26T12:54:20.325+0000] {dag.py:3047} INFO - Sync 1 DAGs
[2026-01-26T12:54:20.348+0000] {logging_mixin.py:188} INFO - [2026-01-26T12:54:20.347+0000] {dag.py:3834} INFO - Setting next_dagrun for enterprise_etl_pipeline to None, run_after=None
[2026-01-26T12:54:20.383+0000] {processor.py:183} INFO - Processing /opt/airflow/dags/enterprise_etl_dag.py took 0.319 seconds
[2026-01-26T12:54:53.220+0000] {processor.py:161} INFO - Started process (PID=126) to work on /opt/airflow/dags/enterprise_etl_dag.py
[2026-01-26T12:54:53.223+0000] {processor.py:830} INFO - Processing file /opt/airflow/dags/enterprise_etl_dag.py for tasks to queue
[2026-01-26T12:54:53.227+0000] {logging_mixin.py:188} INFO - [2026-01-26T12:54:53.226+0000] {dagbag.py:540} INFO - Filling up the DagBag from /opt/airflow/dags/enterprise_etl_dag.py
[2026-01-26T12:54:53.421+0000] {processor.py:840} INFO - DAG(s) 'enterprise_etl_pipeline' retrieved from /opt/airflow/dags/enterprise_etl_dag.py
[2026-01-26T12:54:53.460+0000] {logging_mixin.py:188} INFO - [2026-01-26T12:54:53.459+0000] {dag.py:3047} INFO - Sync 1 DAGs
[2026-01-26T12:54:53.477+0000] {logging_mixin.py:188} INFO - [2026-01-26T12:54:53.477+0000] {dag.py:3834} INFO - Setting next_dagrun for enterprise_etl_pipeline to None, run_after=None
[2026-01-26T12:54:53.513+0000] {processor.py:183} INFO - Processing /opt/airflow/dags/enterprise_etl_dag.py took 0.300 seconds
[2026-01-26T12:55:26.676+0000] {processor.py:161} INFO - Started process (PID=128) to work on /opt/airflow/dags/enterprise_etl_dag.py
[2026-01-26T12:55:26.679+0000] {processor.py:830} INFO - Processing file /opt/airflow/dags/enterprise_etl_dag.py for tasks to queue
[2026-01-26T12:55:26.682+0000] {logging_mixin.py:188} INFO - [2026-01-26T12:55:26.681+0000] {dagbag.py:540} INFO - Filling up the DagBag from /opt/airflow/dags/enterprise_etl_dag.py
[2026-01-26T12:55:26.950+0000] {processor.py:840} INFO - DAG(s) 'enterprise_etl_pipeline' retrieved from /opt/airflow/dags/enterprise_etl_dag.py
[2026-01-26T12:55:26.993+0000] {logging_mixin.py:188} INFO - [2026-01-26T12:55:26.992+0000] {dag.py:3047} INFO - Sync 1 DAGs
[2026-01-26T12:55:27.019+0000] {logging_mixin.py:188} INFO - [2026-01-26T12:55:27.019+0000] {dag.py:3834} INFO - Setting next_dagrun for enterprise_etl_pipeline to None, run_after=None
[2026-01-26T12:55:27.048+0000] {processor.py:183} INFO - Processing /opt/airflow/dags/enterprise_etl_dag.py took 0.400 seconds
[2026-01-26T12:56:00.003+0000] {processor.py:161} INFO - Started process (PID=130) to work on /opt/airflow/dags/enterprise_etl_dag.py
[2026-01-26T12:56:00.005+0000] {processor.py:830} INFO - Processing file /opt/airflow/dags/enterprise_etl_dag.py for tasks to queue
[2026-01-26T12:56:00.008+0000] {logging_mixin.py:188} INFO - [2026-01-26T12:56:00.007+0000] {dagbag.py:540} INFO - Filling up the DagBag from /opt/airflow/dags/enterprise_etl_dag.py
[2026-01-26T12:56:00.232+0000] {processor.py:840} INFO - DAG(s) 'enterprise_etl_pipeline' retrieved from /opt/airflow/dags/enterprise_etl_dag.py
[2026-01-26T12:56:00.271+0000] {logging_mixin.py:188} INFO - [2026-01-26T12:56:00.271+0000] {dag.py:3047} INFO - Sync 1 DAGs
[2026-01-26T12:56:00.289+0000] {logging_mixin.py:188} INFO - [2026-01-26T12:56:00.289+0000] {dag.py:3834} INFO - Setting next_dagrun for enterprise_etl_pipeline to None, run_after=None
[2026-01-26T12:56:00.317+0000] {processor.py:183} INFO - Processing /opt/airflow/dags/enterprise_etl_dag.py took 0.325 seconds
[2026-01-26T12:56:33.337+0000] {processor.py:161} INFO - Started process (PID=132) to work on /opt/airflow/dags/enterprise_etl_dag.py
[2026-01-26T12:56:33.339+0000] {processor.py:830} INFO - Processing file /opt/airflow/dags/enterprise_etl_dag.py for tasks to queue
[2026-01-26T12:56:33.341+0000] {logging_mixin.py:188} INFO - [2026-01-26T12:56:33.341+0000] {dagbag.py:540} INFO - Filling up the DagBag from /opt/airflow/dags/enterprise_etl_dag.py
[2026-01-26T12:56:33.522+0000] {processor.py:840} INFO - DAG(s) 'enterprise_etl_pipeline' retrieved from /opt/airflow/dags/enterprise_etl_dag.py
[2026-01-26T12:56:33.557+0000] {logging_mixin.py:188} INFO - [2026-01-26T12:56:33.557+0000] {dag.py:3047} INFO - Sync 1 DAGs
[2026-01-26T12:56:33.572+0000] {logging_mixin.py:188} INFO - [2026-01-26T12:56:33.572+0000] {dag.py:3834} INFO - Setting next_dagrun for enterprise_etl_pipeline to None, run_after=None
[2026-01-26T12:56:33.597+0000] {processor.py:183} INFO - Processing /opt/airflow/dags/enterprise_etl_dag.py took 0.270 seconds
[2026-01-26T12:57:06.695+0000] {processor.py:161} INFO - Started process (PID=134) to work on /opt/airflow/dags/enterprise_etl_dag.py
[2026-01-26T12:57:06.699+0000] {processor.py:830} INFO - Processing file /opt/airflow/dags/enterprise_etl_dag.py for tasks to queue
[2026-01-26T12:57:06.702+0000] {logging_mixin.py:188} INFO - [2026-01-26T12:57:06.701+0000] {dagbag.py:540} INFO - Filling up the DagBag from /opt/airflow/dags/enterprise_etl_dag.py
[2026-01-26T12:57:06.912+0000] {processor.py:840} INFO - DAG(s) 'enterprise_etl_pipeline' retrieved from /opt/airflow/dags/enterprise_etl_dag.py
[2026-01-26T12:57:06.953+0000] {logging_mixin.py:188} INFO - [2026-01-26T12:57:06.953+0000] {dag.py:3047} INFO - Sync 1 DAGs
[2026-01-26T12:57:06.971+0000] {logging_mixin.py:188} INFO - [2026-01-26T12:57:06.970+0000] {dag.py:3834} INFO - Setting next_dagrun for enterprise_etl_pipeline to None, run_after=None
[2026-01-26T12:57:07.004+0000] {processor.py:183} INFO - Processing /opt/airflow/dags/enterprise_etl_dag.py took 0.320 seconds
[2026-01-26T12:57:40.152+0000] {processor.py:161} INFO - Started process (PID=136) to work on /opt/airflow/dags/enterprise_etl_dag.py
[2026-01-26T12:57:40.159+0000] {processor.py:830} INFO - Processing file /opt/airflow/dags/enterprise_etl_dag.py for tasks to queue
[2026-01-26T12:57:40.163+0000] {logging_mixin.py:188} INFO - [2026-01-26T12:57:40.162+0000] {dagbag.py:540} INFO - Filling up the DagBag from /opt/airflow/dags/enterprise_etl_dag.py
[2026-01-26T12:57:40.396+0000] {processor.py:840} INFO - DAG(s) 'enterprise_etl_pipeline' retrieved from /opt/airflow/dags/enterprise_etl_dag.py
[2026-01-26T12:57:40.453+0000] {logging_mixin.py:188} INFO - [2026-01-26T12:57:40.452+0000] {dag.py:3047} INFO - Sync 1 DAGs
[2026-01-26T12:57:40.475+0000] {logging_mixin.py:188} INFO - [2026-01-26T12:57:40.475+0000] {dag.py:3834} INFO - Setting next_dagrun for enterprise_etl_pipeline to None, run_after=None
[2026-01-26T12:57:40.514+0000] {processor.py:183} INFO - Processing /opt/airflow/dags/enterprise_etl_dag.py took 0.391 seconds
[2026-01-26T12:58:13.539+0000] {processor.py:161} INFO - Started process (PID=138) to work on /opt/airflow/dags/enterprise_etl_dag.py
[2026-01-26T12:58:13.543+0000] {processor.py:830} INFO - Processing file /opt/airflow/dags/enterprise_etl_dag.py for tasks to queue
[2026-01-26T12:58:13.549+0000] {logging_mixin.py:188} INFO - [2026-01-26T12:58:13.548+0000] {dagbag.py:540} INFO - Filling up the DagBag from /opt/airflow/dags/enterprise_etl_dag.py
[2026-01-26T12:58:13.737+0000] {processor.py:840} INFO - DAG(s) 'enterprise_etl_pipeline' retrieved from /opt/airflow/dags/enterprise_etl_dag.py
[2026-01-26T12:58:13.779+0000] {logging_mixin.py:188} INFO - [2026-01-26T12:58:13.779+0000] {dag.py:3047} INFO - Sync 1 DAGs
[2026-01-26T12:58:13.797+0000] {logging_mixin.py:188} INFO - [2026-01-26T12:58:13.797+0000] {dag.py:3834} INFO - Setting next_dagrun for enterprise_etl_pipeline to None, run_after=None
[2026-01-26T12:58:13.862+0000] {processor.py:183} INFO - Processing /opt/airflow/dags/enterprise_etl_dag.py took 0.360 seconds
[2026-01-26T12:58:47.127+0000] {processor.py:161} INFO - Started process (PID=140) to work on /opt/airflow/dags/enterprise_etl_dag.py
[2026-01-26T12:58:47.143+0000] {processor.py:830} INFO - Processing file /opt/airflow/dags/enterprise_etl_dag.py for tasks to queue
[2026-01-26T12:58:47.146+0000] {logging_mixin.py:188} INFO - [2026-01-26T12:58:47.145+0000] {dagbag.py:540} INFO - Filling up the DagBag from /opt/airflow/dags/enterprise_etl_dag.py
[2026-01-26T12:58:48.184+0000] {processor.py:840} INFO - DAG(s) 'enterprise_etl_pipeline' retrieved from /opt/airflow/dags/enterprise_etl_dag.py
[2026-01-26T12:58:48.309+0000] {logging_mixin.py:188} INFO - [2026-01-26T12:58:48.308+0000] {dag.py:3047} INFO - Sync 1 DAGs
[2026-01-26T12:58:48.370+0000] {logging_mixin.py:188} INFO - [2026-01-26T12:58:48.370+0000] {dag.py:3834} INFO - Setting next_dagrun for enterprise_etl_pipeline to None, run_after=None
[2026-01-26T12:58:48.469+0000] {processor.py:183} INFO - Processing /opt/airflow/dags/enterprise_etl_dag.py took 1.351 seconds
[2026-01-26T12:59:20.444+0000] {processor.py:161} INFO - Started process (PID=142) to work on /opt/airflow/dags/enterprise_etl_dag.py
[2026-01-26T12:59:20.447+0000] {processor.py:830} INFO - Processing file /opt/airflow/dags/enterprise_etl_dag.py for tasks to queue
[2026-01-26T12:59:20.452+0000] {logging_mixin.py:188} INFO - [2026-01-26T12:59:20.451+0000] {dagbag.py:540} INFO - Filling up the DagBag from /opt/airflow/dags/enterprise_etl_dag.py
[2026-01-26T12:59:20.676+0000] {processor.py:840} INFO - DAG(s) 'enterprise_etl_pipeline' retrieved from /opt/airflow/dags/enterprise_etl_dag.py
[2026-01-26T12:59:20.731+0000] {logging_mixin.py:188} INFO - [2026-01-26T12:59:20.731+0000] {dag.py:3047} INFO - Sync 1 DAGs
[2026-01-26T12:59:20.748+0000] {logging_mixin.py:188} INFO - [2026-01-26T12:59:20.748+0000] {dag.py:3834} INFO - Setting next_dagrun for enterprise_etl_pipeline to None, run_after=None
[2026-01-26T12:59:20.780+0000] {processor.py:183} INFO - Processing /opt/airflow/dags/enterprise_etl_dag.py took 0.344 seconds
[2026-01-26T12:59:53.700+0000] {processor.py:161} INFO - Started process (PID=144) to work on /opt/airflow/dags/enterprise_etl_dag.py
[2026-01-26T12:59:53.711+0000] {processor.py:830} INFO - Processing file /opt/airflow/dags/enterprise_etl_dag.py for tasks to queue
[2026-01-26T12:59:53.715+0000] {logging_mixin.py:188} INFO - [2026-01-26T12:59:53.714+0000] {dagbag.py:540} INFO - Filling up the DagBag from /opt/airflow/dags/enterprise_etl_dag.py
[2026-01-26T12:59:54.116+0000] {processor.py:840} INFO - DAG(s) 'enterprise_etl_pipeline' retrieved from /opt/airflow/dags/enterprise_etl_dag.py
[2026-01-26T12:59:54.169+0000] {logging_mixin.py:188} INFO - [2026-01-26T12:59:54.169+0000] {dag.py:3047} INFO - Sync 1 DAGs
[2026-01-26T12:59:54.204+0000] {logging_mixin.py:188} INFO - [2026-01-26T12:59:54.203+0000] {dag.py:3834} INFO - Setting next_dagrun for enterprise_etl_pipeline to None, run_after=None
[2026-01-26T12:59:54.244+0000] {processor.py:183} INFO - Processing /opt/airflow/dags/enterprise_etl_dag.py took 0.557 seconds
[2026-01-26T13:00:27.065+0000] {processor.py:161} INFO - Started process (PID=146) to work on /opt/airflow/dags/enterprise_etl_dag.py
[2026-01-26T13:00:27.068+0000] {processor.py:830} INFO - Processing file /opt/airflow/dags/enterprise_etl_dag.py for tasks to queue
[2026-01-26T13:00:27.072+0000] {logging_mixin.py:188} INFO - [2026-01-26T13:00:27.071+0000] {dagbag.py:540} INFO - Filling up the DagBag from /opt/airflow/dags/enterprise_etl_dag.py
[2026-01-26T13:00:27.244+0000] {processor.py:840} INFO - DAG(s) 'enterprise_etl_pipeline' retrieved from /opt/airflow/dags/enterprise_etl_dag.py
[2026-01-26T13:00:27.294+0000] {logging_mixin.py:188} INFO - [2026-01-26T13:00:27.294+0000] {dag.py:3047} INFO - Sync 1 DAGs
[2026-01-26T13:00:27.312+0000] {logging_mixin.py:188} INFO - [2026-01-26T13:00:27.312+0000] {dag.py:3834} INFO - Setting next_dagrun for enterprise_etl_pipeline to None, run_after=None
[2026-01-26T13:00:27.336+0000] {processor.py:183} INFO - Processing /opt/airflow/dags/enterprise_etl_dag.py took 0.296 seconds
[2026-01-26T13:01:00.483+0000] {processor.py:161} INFO - Started process (PID=148) to work on /opt/airflow/dags/enterprise_etl_dag.py
[2026-01-26T13:01:00.487+0000] {processor.py:830} INFO - Processing file /opt/airflow/dags/enterprise_etl_dag.py for tasks to queue
[2026-01-26T13:01:00.489+0000] {logging_mixin.py:188} INFO - [2026-01-26T13:01:00.489+0000] {dagbag.py:540} INFO - Filling up the DagBag from /opt/airflow/dags/enterprise_etl_dag.py
[2026-01-26T13:01:00.689+0000] {processor.py:840} INFO - DAG(s) 'enterprise_etl_pipeline' retrieved from /opt/airflow/dags/enterprise_etl_dag.py
[2026-01-26T13:01:00.738+0000] {logging_mixin.py:188} INFO - [2026-01-26T13:01:00.738+0000] {dag.py:3047} INFO - Sync 1 DAGs
[2026-01-26T13:01:00.753+0000] {logging_mixin.py:188} INFO - [2026-01-26T13:01:00.753+0000] {dag.py:3834} INFO - Setting next_dagrun for enterprise_etl_pipeline to None, run_after=None
[2026-01-26T13:01:00.787+0000] {processor.py:183} INFO - Processing /opt/airflow/dags/enterprise_etl_dag.py took 0.312 seconds
[2026-01-26T13:01:33.671+0000] {processor.py:161} INFO - Started process (PID=150) to work on /opt/airflow/dags/enterprise_etl_dag.py
[2026-01-26T13:01:33.673+0000] {processor.py:830} INFO - Processing file /opt/airflow/dags/enterprise_etl_dag.py for tasks to queue
[2026-01-26T13:01:33.674+0000] {logging_mixin.py:188} INFO - [2026-01-26T13:01:33.674+0000] {dagbag.py:540} INFO - Filling up the DagBag from /opt/airflow/dags/enterprise_etl_dag.py
[2026-01-26T13:01:33.844+0000] {processor.py:840} INFO - DAG(s) 'enterprise_etl_pipeline' retrieved from /opt/airflow/dags/enterprise_etl_dag.py
[2026-01-26T13:01:33.877+0000] {logging_mixin.py:188} INFO - [2026-01-26T13:01:33.877+0000] {dag.py:3047} INFO - Sync 1 DAGs
[2026-01-26T13:01:33.902+0000] {logging_mixin.py:188} INFO - [2026-01-26T13:01:33.902+0000] {dag.py:3834} INFO - Setting next_dagrun for enterprise_etl_pipeline to None, run_after=None
[2026-01-26T13:01:34.285+0000] {processor.py:183} INFO - Processing /opt/airflow/dags/enterprise_etl_dag.py took 0.619 seconds
[2026-01-26T13:02:07.268+0000] {processor.py:161} INFO - Started process (PID=152) to work on /opt/airflow/dags/enterprise_etl_dag.py
[2026-01-26T13:02:07.271+0000] {processor.py:830} INFO - Processing file /opt/airflow/dags/enterprise_etl_dag.py for tasks to queue
[2026-01-26T13:02:07.273+0000] {logging_mixin.py:188} INFO - [2026-01-26T13:02:07.273+0000] {dagbag.py:540} INFO - Filling up the DagBag from /opt/airflow/dags/enterprise_etl_dag.py
[2026-01-26T13:02:08.335+0000] {processor.py:840} INFO - DAG(s) 'enterprise_etl_pipeline' retrieved from /opt/airflow/dags/enterprise_etl_dag.py
[2026-01-26T13:02:08.394+0000] {logging_mixin.py:188} INFO - [2026-01-26T13:02:08.394+0000] {dag.py:3047} INFO - Sync 1 DAGs
[2026-01-26T13:02:08.423+0000] {logging_mixin.py:188} INFO - [2026-01-26T13:02:08.423+0000] {dag.py:3834} INFO - Setting next_dagrun for enterprise_etl_pipeline to None, run_after=None
[2026-01-26T13:02:08.477+0000] {processor.py:183} INFO - Processing /opt/airflow/dags/enterprise_etl_dag.py took 1.220 seconds
[2026-01-26T13:02:40.134+0000] {processor.py:161} INFO - Started process (PID=154) to work on /opt/airflow/dags/enterprise_etl_dag.py
[2026-01-26T13:02:40.145+0000] {processor.py:830} INFO - Processing file /opt/airflow/dags/enterprise_etl_dag.py for tasks to queue
[2026-01-26T13:02:40.147+0000] {logging_mixin.py:188} INFO - [2026-01-26T13:02:40.146+0000] {dagbag.py:540} INFO - Filling up the DagBag from /opt/airflow/dags/enterprise_etl_dag.py
[2026-01-26T13:02:40.381+0000] {processor.py:840} INFO - DAG(s) 'enterprise_etl_pipeline' retrieved from /opt/airflow/dags/enterprise_etl_dag.py
[2026-01-26T13:02:40.429+0000] {logging_mixin.py:188} INFO - [2026-01-26T13:02:40.429+0000] {dag.py:3047} INFO - Sync 1 DAGs
[2026-01-26T13:02:40.447+0000] {logging_mixin.py:188} INFO - [2026-01-26T13:02:40.447+0000] {dag.py:3834} INFO - Setting next_dagrun for enterprise_etl_pipeline to None, run_after=None
[2026-01-26T13:02:40.483+0000] {processor.py:183} INFO - Processing /opt/airflow/dags/enterprise_etl_dag.py took 0.357 seconds
[2026-01-26T13:03:14.286+0000] {processor.py:161} INFO - Started process (PID=156) to work on /opt/airflow/dags/enterprise_etl_dag.py
[2026-01-26T13:03:14.295+0000] {processor.py:830} INFO - Processing file /opt/airflow/dags/enterprise_etl_dag.py for tasks to queue
[2026-01-26T13:03:14.303+0000] {logging_mixin.py:188} INFO - [2026-01-26T13:03:14.302+0000] {dagbag.py:540} INFO - Filling up the DagBag from /opt/airflow/dags/enterprise_etl_dag.py
[2026-01-26T13:03:14.556+0000] {processor.py:840} INFO - DAG(s) 'enterprise_etl_pipeline' retrieved from /opt/airflow/dags/enterprise_etl_dag.py
[2026-01-26T13:03:14.587+0000] {logging_mixin.py:188} INFO - [2026-01-26T13:03:14.586+0000] {dag.py:3047} INFO - Sync 1 DAGs
[2026-01-26T13:03:14.601+0000] {logging_mixin.py:188} INFO - [2026-01-26T13:03:14.601+0000] {dag.py:3834} INFO - Setting next_dagrun for enterprise_etl_pipeline to None, run_after=None
[2026-01-26T13:03:14.625+0000] {processor.py:183} INFO - Processing /opt/airflow/dags/enterprise_etl_dag.py took 0.365 seconds
[2026-01-26T13:03:46.850+0000] {processor.py:161} INFO - Started process (PID=158) to work on /opt/airflow/dags/enterprise_etl_dag.py
[2026-01-26T13:03:46.853+0000] {processor.py:830} INFO - Processing file /opt/airflow/dags/enterprise_etl_dag.py for tasks to queue
[2026-01-26T13:03:46.855+0000] {logging_mixin.py:188} INFO - [2026-01-26T13:03:46.854+0000] {dagbag.py:540} INFO - Filling up the DagBag from /opt/airflow/dags/enterprise_etl_dag.py
[2026-01-26T13:03:47.044+0000] {processor.py:840} INFO - DAG(s) 'enterprise_etl_pipeline' retrieved from /opt/airflow/dags/enterprise_etl_dag.py
[2026-01-26T13:03:47.076+0000] {logging_mixin.py:188} INFO - [2026-01-26T13:03:47.076+0000] {dag.py:3047} INFO - Sync 1 DAGs
[2026-01-26T13:03:47.098+0000] {logging_mixin.py:188} INFO - [2026-01-26T13:03:47.098+0000] {dag.py:3834} INFO - Setting next_dagrun for enterprise_etl_pipeline to None, run_after=None
[2026-01-26T13:03:47.123+0000] {processor.py:183} INFO - Processing /opt/airflow/dags/enterprise_etl_dag.py took 0.280 seconds
[2026-01-26T13:04:20.112+0000] {processor.py:161} INFO - Started process (PID=160) to work on /opt/airflow/dags/enterprise_etl_dag.py
[2026-01-26T13:04:20.119+0000] {processor.py:830} INFO - Processing file /opt/airflow/dags/enterprise_etl_dag.py for tasks to queue
[2026-01-26T13:04:20.125+0000] {logging_mixin.py:188} INFO - [2026-01-26T13:04:20.124+0000] {dagbag.py:540} INFO - Filling up the DagBag from /opt/airflow/dags/enterprise_etl_dag.py
[2026-01-26T13:04:20.584+0000] {processor.py:840} INFO - DAG(s) 'enterprise_etl_pipeline' retrieved from /opt/airflow/dags/enterprise_etl_dag.py
[2026-01-26T13:04:20.620+0000] {logging_mixin.py:188} INFO - [2026-01-26T13:04:20.620+0000] {dag.py:3047} INFO - Sync 1 DAGs
[2026-01-26T13:04:20.636+0000] {logging_mixin.py:188} INFO - [2026-01-26T13:04:20.635+0000] {dag.py:3834} INFO - Setting next_dagrun for enterprise_etl_pipeline to None, run_after=None
[2026-01-26T13:04:20.660+0000] {processor.py:183} INFO - Processing /opt/airflow/dags/enterprise_etl_dag.py took 0.572 seconds
[2026-01-26T13:04:53.573+0000] {processor.py:161} INFO - Started process (PID=162) to work on /opt/airflow/dags/enterprise_etl_dag.py
[2026-01-26T13:04:53.578+0000] {processor.py:830} INFO - Processing file /opt/airflow/dags/enterprise_etl_dag.py for tasks to queue
[2026-01-26T13:04:53.583+0000] {logging_mixin.py:188} INFO - [2026-01-26T13:04:53.581+0000] {dagbag.py:540} INFO - Filling up the DagBag from /opt/airflow/dags/enterprise_etl_dag.py
[2026-01-26T13:04:53.959+0000] {processor.py:840} INFO - DAG(s) 'enterprise_etl_pipeline' retrieved from /opt/airflow/dags/enterprise_etl_dag.py
[2026-01-26T13:04:54.004+0000] {logging_mixin.py:188} INFO - [2026-01-26T13:04:54.004+0000] {dag.py:3047} INFO - Sync 1 DAGs
[2026-01-26T13:04:54.022+0000] {logging_mixin.py:188} INFO - [2026-01-26T13:04:54.022+0000] {dag.py:3834} INFO - Setting next_dagrun for enterprise_etl_pipeline to None, run_after=None
[2026-01-26T13:04:54.090+0000] {processor.py:183} INFO - Processing /opt/airflow/dags/enterprise_etl_dag.py took 0.530 seconds
[2026-01-26T13:05:26.696+0000] {processor.py:161} INFO - Started process (PID=164) to work on /opt/airflow/dags/enterprise_etl_dag.py
[2026-01-26T13:05:26.698+0000] {processor.py:830} INFO - Processing file /opt/airflow/dags/enterprise_etl_dag.py for tasks to queue
[2026-01-26T13:05:26.700+0000] {logging_mixin.py:188} INFO - [2026-01-26T13:05:26.699+0000] {dagbag.py:540} INFO - Filling up the DagBag from /opt/airflow/dags/enterprise_etl_dag.py
[2026-01-26T13:05:26.874+0000] {processor.py:840} INFO - DAG(s) 'enterprise_etl_pipeline' retrieved from /opt/airflow/dags/enterprise_etl_dag.py
[2026-01-26T13:05:26.918+0000] {logging_mixin.py:188} INFO - [2026-01-26T13:05:26.918+0000] {dag.py:3047} INFO - Sync 1 DAGs
[2026-01-26T13:05:26.940+0000] {logging_mixin.py:188} INFO - [2026-01-26T13:05:26.939+0000] {dag.py:3834} INFO - Setting next_dagrun for enterprise_etl_pipeline to None, run_after=None
[2026-01-26T13:05:26.969+0000] {processor.py:183} INFO - Processing /opt/airflow/dags/enterprise_etl_dag.py took 0.282 seconds
[2026-01-26T13:06:00.767+0000] {processor.py:161} INFO - Started process (PID=166) to work on /opt/airflow/dags/enterprise_etl_dag.py
[2026-01-26T13:06:00.770+0000] {processor.py:830} INFO - Processing file /opt/airflow/dags/enterprise_etl_dag.py for tasks to queue
[2026-01-26T13:06:00.772+0000] {logging_mixin.py:188} INFO - [2026-01-26T13:06:00.771+0000] {dagbag.py:540} INFO - Filling up the DagBag from /opt/airflow/dags/enterprise_etl_dag.py
[2026-01-26T13:06:00.960+0000] {processor.py:840} INFO - DAG(s) 'enterprise_etl_pipeline' retrieved from /opt/airflow/dags/enterprise_etl_dag.py
[2026-01-26T13:06:01.005+0000] {logging_mixin.py:188} INFO - [2026-01-26T13:06:01.005+0000] {dag.py:3047} INFO - Sync 1 DAGs
[2026-01-26T13:06:01.023+0000] {logging_mixin.py:188} INFO - [2026-01-26T13:06:01.023+0000] {dag.py:3834} INFO - Setting next_dagrun for enterprise_etl_pipeline to None, run_after=None
[2026-01-26T13:06:01.052+0000] {processor.py:183} INFO - Processing /opt/airflow/dags/enterprise_etl_dag.py took 0.292 seconds
[2026-01-26T13:06:33.705+0000] {processor.py:161} INFO - Started process (PID=168) to work on /opt/airflow/dags/enterprise_etl_dag.py
[2026-01-26T13:06:33.707+0000] {processor.py:830} INFO - Processing file /opt/airflow/dags/enterprise_etl_dag.py for tasks to queue
[2026-01-26T13:06:33.709+0000] {logging_mixin.py:188} INFO - [2026-01-26T13:06:33.709+0000] {dagbag.py:540} INFO - Filling up the DagBag from /opt/airflow/dags/enterprise_etl_dag.py
[2026-01-26T13:06:33.881+0000] {processor.py:840} INFO - DAG(s) 'enterprise_etl_pipeline' retrieved from /opt/airflow/dags/enterprise_etl_dag.py
[2026-01-26T13:06:33.923+0000] {logging_mixin.py:188} INFO - [2026-01-26T13:06:33.923+0000] {dag.py:3047} INFO - Sync 1 DAGs
[2026-01-26T13:06:33.950+0000] {logging_mixin.py:188} INFO - [2026-01-26T13:06:33.950+0000] {dag.py:3834} INFO - Setting next_dagrun for enterprise_etl_pipeline to None, run_after=None
[2026-01-26T13:06:34.003+0000] {processor.py:183} INFO - Processing /opt/airflow/dags/enterprise_etl_dag.py took 0.305 seconds
[2026-01-26T13:07:07.098+0000] {processor.py:161} INFO - Started process (PID=170) to work on /opt/airflow/dags/enterprise_etl_dag.py
[2026-01-26T13:07:07.102+0000] {processor.py:830} INFO - Processing file /opt/airflow/dags/enterprise_etl_dag.py for tasks to queue
[2026-01-26T13:07:07.105+0000] {logging_mixin.py:188} INFO - [2026-01-26T13:07:07.104+0000] {dagbag.py:540} INFO - Filling up the DagBag from /opt/airflow/dags/enterprise_etl_dag.py
[2026-01-26T13:07:07.405+0000] {processor.py:840} INFO - DAG(s) 'enterprise_etl_pipeline' retrieved from /opt/airflow/dags/enterprise_etl_dag.py
[2026-01-26T13:07:07.474+0000] {logging_mixin.py:188} INFO - [2026-01-26T13:07:07.474+0000] {dag.py:3047} INFO - Sync 1 DAGs
[2026-01-26T13:07:07.501+0000] {logging_mixin.py:188} INFO - [2026-01-26T13:07:07.500+0000] {dag.py:3834} INFO - Setting next_dagrun for enterprise_etl_pipeline to None, run_after=None
[2026-01-26T13:07:07.541+0000] {processor.py:183} INFO - Processing /opt/airflow/dags/enterprise_etl_dag.py took 0.468 seconds
[2026-01-26T13:07:41.383+0000] {processor.py:161} INFO - Started process (PID=172) to work on /opt/airflow/dags/enterprise_etl_dag.py
[2026-01-26T13:07:41.390+0000] {processor.py:830} INFO - Processing file /opt/airflow/dags/enterprise_etl_dag.py for tasks to queue
[2026-01-26T13:07:41.396+0000] {logging_mixin.py:188} INFO - [2026-01-26T13:07:41.396+0000] {dagbag.py:540} INFO - Filling up the DagBag from /opt/airflow/dags/enterprise_etl_dag.py
[2026-01-26T13:07:41.723+0000] {processor.py:840} INFO - DAG(s) 'enterprise_etl_pipeline' retrieved from /opt/airflow/dags/enterprise_etl_dag.py
[2026-01-26T13:07:41.801+0000] {logging_mixin.py:188} INFO - [2026-01-26T13:07:41.801+0000] {dag.py:3047} INFO - Sync 1 DAGs
[2026-01-26T13:07:41.846+0000] {logging_mixin.py:188} INFO - [2026-01-26T13:07:41.846+0000] {dag.py:3834} INFO - Setting next_dagrun for enterprise_etl_pipeline to None, run_after=None
[2026-01-26T13:07:41.903+0000] {processor.py:183} INFO - Processing /opt/airflow/dags/enterprise_etl_dag.py took 0.538 seconds
[2026-01-26T13:08:13.715+0000] {processor.py:161} INFO - Started process (PID=174) to work on /opt/airflow/dags/enterprise_etl_dag.py
[2026-01-26T13:08:13.728+0000] {processor.py:830} INFO - Processing file /opt/airflow/dags/enterprise_etl_dag.py for tasks to queue
[2026-01-26T13:08:13.731+0000] {logging_mixin.py:188} INFO - [2026-01-26T13:08:13.730+0000] {dagbag.py:540} INFO - Filling up the DagBag from /opt/airflow/dags/enterprise_etl_dag.py
[2026-01-26T13:08:13.978+0000] {processor.py:840} INFO - DAG(s) 'enterprise_etl_pipeline' retrieved from /opt/airflow/dags/enterprise_etl_dag.py
[2026-01-26T13:08:14.016+0000] {logging_mixin.py:188} INFO - [2026-01-26T13:08:14.015+0000] {dag.py:3047} INFO - Sync 1 DAGs
[2026-01-26T13:08:14.030+0000] {logging_mixin.py:188} INFO - [2026-01-26T13:08:14.030+0000] {dag.py:3834} INFO - Setting next_dagrun for enterprise_etl_pipeline to None, run_after=None
[2026-01-26T13:08:14.078+0000] {processor.py:183} INFO - Processing /opt/airflow/dags/enterprise_etl_dag.py took 0.371 seconds
[2026-01-26T13:08:48.072+0000] {processor.py:161} INFO - Started process (PID=176) to work on /opt/airflow/dags/enterprise_etl_dag.py
[2026-01-26T13:08:48.083+0000] {processor.py:830} INFO - Processing file /opt/airflow/dags/enterprise_etl_dag.py for tasks to queue
[2026-01-26T13:08:48.085+0000] {logging_mixin.py:188} INFO - [2026-01-26T13:08:48.085+0000] {dagbag.py:540} INFO - Filling up the DagBag from /opt/airflow/dags/enterprise_etl_dag.py
[2026-01-26T13:08:48.426+0000] {processor.py:840} INFO - DAG(s) 'enterprise_etl_pipeline' retrieved from /opt/airflow/dags/enterprise_etl_dag.py
[2026-01-26T13:08:48.492+0000] {logging_mixin.py:188} INFO - [2026-01-26T13:08:48.491+0000] {dag.py:3047} INFO - Sync 1 DAGs
[2026-01-26T13:08:48.533+0000] {logging_mixin.py:188} INFO - [2026-01-26T13:08:48.533+0000] {dag.py:3834} INFO - Setting next_dagrun for enterprise_etl_pipeline to None, run_after=None
[2026-01-26T13:08:48.623+0000] {processor.py:183} INFO - Processing /opt/airflow/dags/enterprise_etl_dag.py took 0.558 seconds
[2026-01-26T13:09:21.474+0000] {processor.py:161} INFO - Started process (PID=178) to work on /opt/airflow/dags/enterprise_etl_dag.py
[2026-01-26T13:09:21.508+0000] {processor.py:830} INFO - Processing file /opt/airflow/dags/enterprise_etl_dag.py for tasks to queue
[2026-01-26T13:09:21.521+0000] {logging_mixin.py:188} INFO - [2026-01-26T13:09:21.518+0000] {dagbag.py:540} INFO - Filling up the DagBag from /opt/airflow/dags/enterprise_etl_dag.py
[2026-01-26T13:09:22.826+0000] {processor.py:840} INFO - DAG(s) 'enterprise_etl_pipeline' retrieved from /opt/airflow/dags/enterprise_etl_dag.py
[2026-01-26T13:09:22.985+0000] {logging_mixin.py:188} INFO - [2026-01-26T13:09:22.974+0000] {dag.py:3047} INFO - Sync 1 DAGs
[2026-01-26T13:09:23.091+0000] {logging_mixin.py:188} INFO - [2026-01-26T13:09:23.090+0000] {dag.py:3834} INFO - Setting next_dagrun for enterprise_etl_pipeline to None, run_after=None
[2026-01-26T13:09:23.264+0000] {processor.py:183} INFO - Processing /opt/airflow/dags/enterprise_etl_dag.py took 1.816 seconds
[2026-01-26T13:09:54.108+0000] {processor.py:161} INFO - Started process (PID=180) to work on /opt/airflow/dags/enterprise_etl_dag.py
[2026-01-26T13:09:54.110+0000] {processor.py:830} INFO - Processing file /opt/airflow/dags/enterprise_etl_dag.py for tasks to queue
[2026-01-26T13:09:54.112+0000] {logging_mixin.py:188} INFO - [2026-01-26T13:09:54.111+0000] {dagbag.py:540} INFO - Filling up the DagBag from /opt/airflow/dags/enterprise_etl_dag.py
[2026-01-26T13:09:54.349+0000] {processor.py:840} INFO - DAG(s) 'enterprise_etl_pipeline' retrieved from /opt/airflow/dags/enterprise_etl_dag.py
[2026-01-26T13:09:54.395+0000] {logging_mixin.py:188} INFO - [2026-01-26T13:09:54.394+0000] {dag.py:3047} INFO - Sync 1 DAGs
[2026-01-26T13:09:54.417+0000] {logging_mixin.py:188} INFO - [2026-01-26T13:09:54.417+0000] {dag.py:3834} INFO - Setting next_dagrun for enterprise_etl_pipeline to None, run_after=None
[2026-01-26T13:09:54.450+0000] {processor.py:183} INFO - Processing /opt/airflow/dags/enterprise_etl_dag.py took 0.360 seconds
[2026-01-26T13:10:27.875+0000] {processor.py:161} INFO - Started process (PID=182) to work on /opt/airflow/dags/enterprise_etl_dag.py
[2026-01-26T13:10:27.877+0000] {processor.py:830} INFO - Processing file /opt/airflow/dags/enterprise_etl_dag.py for tasks to queue
[2026-01-26T13:10:27.880+0000] {logging_mixin.py:188} INFO - [2026-01-26T13:10:27.879+0000] {dagbag.py:540} INFO - Filling up the DagBag from /opt/airflow/dags/enterprise_etl_dag.py
[2026-01-26T13:10:28.106+0000] {processor.py:840} INFO - DAG(s) 'enterprise_etl_pipeline' retrieved from /opt/airflow/dags/enterprise_etl_dag.py
[2026-01-26T13:10:28.148+0000] {logging_mixin.py:188} INFO - [2026-01-26T13:10:28.148+0000] {dag.py:3047} INFO - Sync 1 DAGs
[2026-01-26T13:10:28.174+0000] {logging_mixin.py:188} INFO - [2026-01-26T13:10:28.173+0000] {dag.py:3834} INFO - Setting next_dagrun for enterprise_etl_pipeline to None, run_after=None
[2026-01-26T13:10:28.207+0000] {processor.py:183} INFO - Processing /opt/airflow/dags/enterprise_etl_dag.py took 0.343 seconds
[2026-01-26T13:11:00.918+0000] {processor.py:161} INFO - Started process (PID=184) to work on /opt/airflow/dags/enterprise_etl_dag.py
[2026-01-26T13:11:00.921+0000] {processor.py:830} INFO - Processing file /opt/airflow/dags/enterprise_etl_dag.py for tasks to queue
[2026-01-26T13:11:00.923+0000] {logging_mixin.py:188} INFO - [2026-01-26T13:11:00.922+0000] {dagbag.py:540} INFO - Filling up the DagBag from /opt/airflow/dags/enterprise_etl_dag.py
[2026-01-26T13:11:01.547+0000] {processor.py:840} INFO - DAG(s) 'enterprise_etl_pipeline' retrieved from /opt/airflow/dags/enterprise_etl_dag.py
[2026-01-26T13:11:01.637+0000] {logging_mixin.py:188} INFO - [2026-01-26T13:11:01.633+0000] {dag.py:3047} INFO - Sync 1 DAGs
[2026-01-26T13:11:01.698+0000] {logging_mixin.py:188} INFO - [2026-01-26T13:11:01.697+0000] {dag.py:3834} INFO - Setting next_dagrun for enterprise_etl_pipeline to None, run_after=None
[2026-01-26T13:11:01.843+0000] {processor.py:183} INFO - Processing /opt/airflow/dags/enterprise_etl_dag.py took 0.937 seconds
[2026-01-26T13:11:34.428+0000] {processor.py:161} INFO - Started process (PID=186) to work on /opt/airflow/dags/enterprise_etl_dag.py
[2026-01-26T13:11:34.448+0000] {processor.py:830} INFO - Processing file /opt/airflow/dags/enterprise_etl_dag.py for tasks to queue
[2026-01-26T13:11:34.473+0000] {logging_mixin.py:188} INFO - [2026-01-26T13:11:34.462+0000] {dagbag.py:540} INFO - Filling up the DagBag from /opt/airflow/dags/enterprise_etl_dag.py
[2026-01-26T13:11:35.076+0000] {processor.py:840} INFO - DAG(s) 'enterprise_etl_pipeline' retrieved from /opt/airflow/dags/enterprise_etl_dag.py
[2026-01-26T13:11:35.153+0000] {logging_mixin.py:188} INFO - [2026-01-26T13:11:35.153+0000] {dag.py:3047} INFO - Sync 1 DAGs
[2026-01-26T13:11:35.194+0000] {logging_mixin.py:188} INFO - [2026-01-26T13:11:35.193+0000] {dag.py:3834} INFO - Setting next_dagrun for enterprise_etl_pipeline to None, run_after=None
[2026-01-26T13:11:35.270+0000] {processor.py:183} INFO - Processing /opt/airflow/dags/enterprise_etl_dag.py took 0.864 seconds
[2026-01-26T13:12:07.620+0000] {processor.py:161} INFO - Started process (PID=188) to work on /opt/airflow/dags/enterprise_etl_dag.py
[2026-01-26T13:12:07.623+0000] {processor.py:830} INFO - Processing file /opt/airflow/dags/enterprise_etl_dag.py for tasks to queue
[2026-01-26T13:12:07.626+0000] {logging_mixin.py:188} INFO - [2026-01-26T13:12:07.625+0000] {dagbag.py:540} INFO - Filling up the DagBag from /opt/airflow/dags/enterprise_etl_dag.py
[2026-01-26T13:12:07.990+0000] {processor.py:840} INFO - DAG(s) 'enterprise_etl_pipeline' retrieved from /opt/airflow/dags/enterprise_etl_dag.py
[2026-01-26T13:12:08.055+0000] {logging_mixin.py:188} INFO - [2026-01-26T13:12:08.055+0000] {dag.py:3047} INFO - Sync 1 DAGs
[2026-01-26T13:12:08.086+0000] {logging_mixin.py:188} INFO - [2026-01-26T13:12:08.086+0000] {dag.py:3834} INFO - Setting next_dagrun for enterprise_etl_pipeline to None, run_after=None
[2026-01-26T13:12:08.146+0000] {processor.py:183} INFO - Processing /opt/airflow/dags/enterprise_etl_dag.py took 0.542 seconds
[2026-01-26T13:12:41.148+0000] {processor.py:161} INFO - Started process (PID=190) to work on /opt/airflow/dags/enterprise_etl_dag.py
[2026-01-26T13:12:41.152+0000] {processor.py:830} INFO - Processing file /opt/airflow/dags/enterprise_etl_dag.py for tasks to queue
[2026-01-26T13:12:41.155+0000] {logging_mixin.py:188} INFO - [2026-01-26T13:12:41.154+0000] {dagbag.py:540} INFO - Filling up the DagBag from /opt/airflow/dags/enterprise_etl_dag.py
[2026-01-26T13:12:41.424+0000] {processor.py:840} INFO - DAG(s) 'enterprise_etl_pipeline' retrieved from /opt/airflow/dags/enterprise_etl_dag.py
[2026-01-26T13:12:41.468+0000] {logging_mixin.py:188} INFO - [2026-01-26T13:12:41.468+0000] {dag.py:3047} INFO - Sync 1 DAGs
[2026-01-26T13:12:41.490+0000] {logging_mixin.py:188} INFO - [2026-01-26T13:12:41.490+0000] {dag.py:3834} INFO - Setting next_dagrun for enterprise_etl_pipeline to None, run_after=None
[2026-01-26T13:12:41.522+0000] {processor.py:183} INFO - Processing /opt/airflow/dags/enterprise_etl_dag.py took 0.388 seconds
[2026-01-26T13:13:14.373+0000] {processor.py:161} INFO - Started process (PID=192) to work on /opt/airflow/dags/enterprise_etl_dag.py
[2026-01-26T13:13:14.395+0000] {processor.py:830} INFO - Processing file /opt/airflow/dags/enterprise_etl_dag.py for tasks to queue
[2026-01-26T13:13:14.411+0000] {logging_mixin.py:188} INFO - [2026-01-26T13:13:14.410+0000] {dagbag.py:540} INFO - Filling up the DagBag from /opt/airflow/dags/enterprise_etl_dag.py
[2026-01-26T13:13:15.268+0000] {processor.py:840} INFO - DAG(s) 'enterprise_etl_pipeline' retrieved from /opt/airflow/dags/enterprise_etl_dag.py
[2026-01-26T13:13:15.364+0000] {logging_mixin.py:188} INFO - [2026-01-26T13:13:15.363+0000] {dag.py:3047} INFO - Sync 1 DAGs
[2026-01-26T13:13:15.428+0000] {logging_mixin.py:188} INFO - [2026-01-26T13:13:15.427+0000] {dag.py:3834} INFO - Setting next_dagrun for enterprise_etl_pipeline to None, run_after=None
[2026-01-26T13:13:15.513+0000] {processor.py:183} INFO - Processing /opt/airflow/dags/enterprise_etl_dag.py took 1.166 seconds
[2026-01-26T13:13:47.642+0000] {processor.py:161} INFO - Started process (PID=194) to work on /opt/airflow/dags/enterprise_etl_dag.py
[2026-01-26T13:13:47.646+0000] {processor.py:830} INFO - Processing file /opt/airflow/dags/enterprise_etl_dag.py for tasks to queue
[2026-01-26T13:13:47.652+0000] {logging_mixin.py:188} INFO - [2026-01-26T13:13:47.650+0000] {dagbag.py:540} INFO - Filling up the DagBag from /opt/airflow/dags/enterprise_etl_dag.py
[2026-01-26T13:13:47.979+0000] {processor.py:840} INFO - DAG(s) 'enterprise_etl_pipeline' retrieved from /opt/airflow/dags/enterprise_etl_dag.py
[2026-01-26T13:13:48.029+0000] {logging_mixin.py:188} INFO - [2026-01-26T13:13:48.028+0000] {dag.py:3047} INFO - Sync 1 DAGs
[2026-01-26T13:13:48.063+0000] {logging_mixin.py:188} INFO - [2026-01-26T13:13:48.054+0000] {dag.py:3834} INFO - Setting next_dagrun for enterprise_etl_pipeline to None, run_after=None
[2026-01-26T13:13:48.148+0000] {processor.py:183} INFO - Processing /opt/airflow/dags/enterprise_etl_dag.py took 0.515 seconds
[2026-01-26T13:14:21.144+0000] {processor.py:161} INFO - Started process (PID=196) to work on /opt/airflow/dags/enterprise_etl_dag.py
[2026-01-26T13:14:21.146+0000] {processor.py:830} INFO - Processing file /opt/airflow/dags/enterprise_etl_dag.py for tasks to queue
[2026-01-26T13:14:21.148+0000] {logging_mixin.py:188} INFO - [2026-01-26T13:14:21.147+0000] {dagbag.py:540} INFO - Filling up the DagBag from /opt/airflow/dags/enterprise_etl_dag.py
[2026-01-26T13:14:21.378+0000] {processor.py:840} INFO - DAG(s) 'enterprise_etl_pipeline' retrieved from /opt/airflow/dags/enterprise_etl_dag.py
[2026-01-26T13:14:21.419+0000] {logging_mixin.py:188} INFO - [2026-01-26T13:14:21.419+0000] {dag.py:3047} INFO - Sync 1 DAGs
[2026-01-26T13:14:21.440+0000] {logging_mixin.py:188} INFO - [2026-01-26T13:14:21.439+0000] {dag.py:3834} INFO - Setting next_dagrun for enterprise_etl_pipeline to None, run_after=None
[2026-01-26T13:14:21.510+0000] {processor.py:183} INFO - Processing /opt/airflow/dags/enterprise_etl_dag.py took 0.377 seconds
[2026-01-26T13:14:54.587+0000] {processor.py:161} INFO - Started process (PID=198) to work on /opt/airflow/dags/enterprise_etl_dag.py
[2026-01-26T13:14:54.589+0000] {processor.py:830} INFO - Processing file /opt/airflow/dags/enterprise_etl_dag.py for tasks to queue
[2026-01-26T13:14:54.591+0000] {logging_mixin.py:188} INFO - [2026-01-26T13:14:54.591+0000] {dagbag.py:540} INFO - Filling up the DagBag from /opt/airflow/dags/enterprise_etl_dag.py
[2026-01-26T13:14:54.765+0000] {processor.py:840} INFO - DAG(s) 'enterprise_etl_pipeline' retrieved from /opt/airflow/dags/enterprise_etl_dag.py
[2026-01-26T13:14:54.806+0000] {logging_mixin.py:188} INFO - [2026-01-26T13:14:54.805+0000] {dag.py:3047} INFO - Sync 1 DAGs
[2026-01-26T13:14:54.823+0000] {logging_mixin.py:188} INFO - [2026-01-26T13:14:54.822+0000] {dag.py:3834} INFO - Setting next_dagrun for enterprise_etl_pipeline to None, run_after=None
[2026-01-26T13:14:54.850+0000] {processor.py:183} INFO - Processing /opt/airflow/dags/enterprise_etl_dag.py took 0.269 seconds
[2026-01-26T13:15:27.705+0000] {processor.py:161} INFO - Started process (PID=200) to work on /opt/airflow/dags/enterprise_etl_dag.py
[2026-01-26T13:15:27.708+0000] {processor.py:830} INFO - Processing file /opt/airflow/dags/enterprise_etl_dag.py for tasks to queue
[2026-01-26T13:15:27.710+0000] {logging_mixin.py:188} INFO - [2026-01-26T13:15:27.709+0000] {dagbag.py:540} INFO - Filling up the DagBag from /opt/airflow/dags/enterprise_etl_dag.py
[2026-01-26T13:15:27.890+0000] {processor.py:840} INFO - DAG(s) 'enterprise_etl_pipeline' retrieved from /opt/airflow/dags/enterprise_etl_dag.py
[2026-01-26T13:15:27.928+0000] {logging_mixin.py:188} INFO - [2026-01-26T13:15:27.928+0000] {dag.py:3047} INFO - Sync 1 DAGs
[2026-01-26T13:15:27.946+0000] {logging_mixin.py:188} INFO - [2026-01-26T13:15:27.946+0000] {dag.py:3834} INFO - Setting next_dagrun for enterprise_etl_pipeline to None, run_after=None
[2026-01-26T13:15:27.972+0000] {processor.py:183} INFO - Processing /opt/airflow/dags/enterprise_etl_dag.py took 0.275 seconds
[2026-01-26T13:16:00.859+0000] {processor.py:161} INFO - Started process (PID=202) to work on /opt/airflow/dags/enterprise_etl_dag.py
[2026-01-26T13:16:00.865+0000] {processor.py:830} INFO - Processing file /opt/airflow/dags/enterprise_etl_dag.py for tasks to queue
[2026-01-26T13:16:00.872+0000] {logging_mixin.py:188} INFO - [2026-01-26T13:16:00.870+0000] {dagbag.py:540} INFO - Filling up the DagBag from /opt/airflow/dags/enterprise_etl_dag.py
[2026-01-26T13:16:01.141+0000] {processor.py:840} INFO - DAG(s) 'enterprise_etl_pipeline' retrieved from /opt/airflow/dags/enterprise_etl_dag.py
[2026-01-26T13:16:01.178+0000] {logging_mixin.py:188} INFO - [2026-01-26T13:16:01.178+0000] {dag.py:3047} INFO - Sync 1 DAGs
[2026-01-26T13:16:01.195+0000] {logging_mixin.py:188} INFO - [2026-01-26T13:16:01.195+0000] {dag.py:3834} INFO - Setting next_dagrun for enterprise_etl_pipeline to None, run_after=None
[2026-01-26T13:16:01.219+0000] {processor.py:183} INFO - Processing /opt/airflow/dags/enterprise_etl_dag.py took 0.380 seconds
[2026-01-26T13:16:34.256+0000] {processor.py:161} INFO - Started process (PID=204) to work on /opt/airflow/dags/enterprise_etl_dag.py
[2026-01-26T13:16:34.258+0000] {processor.py:830} INFO - Processing file /opt/airflow/dags/enterprise_etl_dag.py for tasks to queue
[2026-01-26T13:16:34.261+0000] {logging_mixin.py:188} INFO - [2026-01-26T13:16:34.260+0000] {dagbag.py:540} INFO - Filling up the DagBag from /opt/airflow/dags/enterprise_etl_dag.py
[2026-01-26T13:16:34.495+0000] {processor.py:840} INFO - DAG(s) 'enterprise_etl_pipeline' retrieved from /opt/airflow/dags/enterprise_etl_dag.py
[2026-01-26T13:16:34.524+0000] {logging_mixin.py:188} INFO - [2026-01-26T13:16:34.523+0000] {dag.py:3047} INFO - Sync 1 DAGs
[2026-01-26T13:16:34.538+0000] {logging_mixin.py:188} INFO - [2026-01-26T13:16:34.538+0000] {dag.py:3834} INFO - Setting next_dagrun for enterprise_etl_pipeline to None, run_after=None
[2026-01-26T13:16:34.563+0000] {processor.py:183} INFO - Processing /opt/airflow/dags/enterprise_etl_dag.py took 0.319 seconds
[2026-01-26T13:17:07.451+0000] {processor.py:161} INFO - Started process (PID=206) to work on /opt/airflow/dags/enterprise_etl_dag.py
[2026-01-26T13:17:07.454+0000] {processor.py:830} INFO - Processing file /opt/airflow/dags/enterprise_etl_dag.py for tasks to queue
[2026-01-26T13:17:07.457+0000] {logging_mixin.py:188} INFO - [2026-01-26T13:17:07.456+0000] {dagbag.py:540} INFO - Filling up the DagBag from /opt/airflow/dags/enterprise_etl_dag.py
[2026-01-26T13:17:07.641+0000] {processor.py:840} INFO - DAG(s) 'enterprise_etl_pipeline' retrieved from /opt/airflow/dags/enterprise_etl_dag.py
[2026-01-26T13:17:07.685+0000] {logging_mixin.py:188} INFO - [2026-01-26T13:17:07.684+0000] {dag.py:3047} INFO - Sync 1 DAGs
[2026-01-26T13:17:07.704+0000] {logging_mixin.py:188} INFO - [2026-01-26T13:17:07.703+0000] {dag.py:3834} INFO - Setting next_dagrun for enterprise_etl_pipeline to None, run_after=None
[2026-01-26T13:17:07.732+0000] {processor.py:183} INFO - Processing /opt/airflow/dags/enterprise_etl_dag.py took 0.292 seconds
[2026-01-26T13:17:38.271+0000] {processor.py:161} INFO - Started process (PID=208) to work on /opt/airflow/dags/enterprise_etl_dag.py
[2026-01-26T13:17:38.276+0000] {processor.py:830} INFO - Processing file /opt/airflow/dags/enterprise_etl_dag.py for tasks to queue
[2026-01-26T13:17:38.282+0000] {logging_mixin.py:188} INFO - [2026-01-26T13:17:38.280+0000] {dagbag.py:540} INFO - Filling up the DagBag from /opt/airflow/dags/enterprise_etl_dag.py
[2026-01-26T13:17:38.575+0000] {processor.py:840} INFO - DAG(s) 'enterprise_etl_pipeline' retrieved from /opt/airflow/dags/enterprise_etl_dag.py
[2026-01-26T13:17:38.612+0000] {logging_mixin.py:188} INFO - [2026-01-26T13:17:38.611+0000] {dag.py:3047} INFO - Sync 1 DAGs
[2026-01-26T13:17:38.629+0000] {logging_mixin.py:188} INFO - [2026-01-26T13:17:38.628+0000] {dag.py:3834} INFO - Setting next_dagrun for enterprise_etl_pipeline to None, run_after=None
[2026-01-26T13:17:38.660+0000] {processor.py:183} INFO - Processing /opt/airflow/dags/enterprise_etl_dag.py took 0.399 seconds
[2026-01-26T13:18:08.830+0000] {processor.py:161} INFO - Started process (PID=210) to work on /opt/airflow/dags/enterprise_etl_dag.py
[2026-01-26T13:18:08.842+0000] {processor.py:830} INFO - Processing file /opt/airflow/dags/enterprise_etl_dag.py for tasks to queue
[2026-01-26T13:18:08.854+0000] {logging_mixin.py:188} INFO - [2026-01-26T13:18:08.853+0000] {dagbag.py:540} INFO - Filling up the DagBag from /opt/airflow/dags/enterprise_etl_dag.py
[2026-01-26T13:18:09.081+0000] {processor.py:840} INFO - DAG(s) 'enterprise_etl_pipeline' retrieved from /opt/airflow/dags/enterprise_etl_dag.py
[2026-01-26T13:18:09.128+0000] {logging_mixin.py:188} INFO - [2026-01-26T13:18:09.128+0000] {dag.py:3047} INFO - Sync 1 DAGs
[2026-01-26T13:18:09.147+0000] {logging_mixin.py:188} INFO - [2026-01-26T13:18:09.147+0000] {dag.py:3834} INFO - Setting next_dagrun for enterprise_etl_pipeline to None, run_after=None
[2026-01-26T13:18:09.175+0000] {processor.py:183} INFO - Processing /opt/airflow/dags/enterprise_etl_dag.py took 0.362 seconds
[2026-01-26T13:18:39.386+0000] {processor.py:161} INFO - Started process (PID=212) to work on /opt/airflow/dags/enterprise_etl_dag.py
[2026-01-26T13:18:39.389+0000] {processor.py:830} INFO - Processing file /opt/airflow/dags/enterprise_etl_dag.py for tasks to queue
[2026-01-26T13:18:39.393+0000] {logging_mixin.py:188} INFO - [2026-01-26T13:18:39.393+0000] {dagbag.py:540} INFO - Filling up the DagBag from /opt/airflow/dags/enterprise_etl_dag.py
[2026-01-26T13:18:39.637+0000] {processor.py:840} INFO - DAG(s) 'enterprise_etl_pipeline' retrieved from /opt/airflow/dags/enterprise_etl_dag.py
[2026-01-26T13:18:39.768+0000] {logging_mixin.py:188} INFO - [2026-01-26T13:18:39.767+0000] {dag.py:3047} INFO - Sync 1 DAGs
[2026-01-26T13:18:39.873+0000] {logging_mixin.py:188} INFO - [2026-01-26T13:18:39.873+0000] {dag.py:3834} INFO - Setting next_dagrun for enterprise_etl_pipeline to None, run_after=None
[2026-01-26T13:18:40.108+0000] {processor.py:183} INFO - Processing /opt/airflow/dags/enterprise_etl_dag.py took 0.733 seconds
[2026-01-26T13:19:10.348+0000] {processor.py:161} INFO - Started process (PID=214) to work on /opt/airflow/dags/enterprise_etl_dag.py
[2026-01-26T13:19:10.354+0000] {processor.py:830} INFO - Processing file /opt/airflow/dags/enterprise_etl_dag.py for tasks to queue
[2026-01-26T13:19:10.358+0000] {logging_mixin.py:188} INFO - [2026-01-26T13:19:10.357+0000] {dagbag.py:540} INFO - Filling up the DagBag from /opt/airflow/dags/enterprise_etl_dag.py
[2026-01-26T13:19:10.736+0000] {processor.py:840} INFO - DAG(s) 'enterprise_etl_pipeline' retrieved from /opt/airflow/dags/enterprise_etl_dag.py
[2026-01-26T13:19:10.827+0000] {logging_mixin.py:188} INFO - [2026-01-26T13:19:10.826+0000] {dag.py:3047} INFO - Sync 1 DAGs
[2026-01-26T13:19:10.854+0000] {logging_mixin.py:188} INFO - [2026-01-26T13:19:10.853+0000] {dag.py:3834} INFO - Setting next_dagrun for enterprise_etl_pipeline to None, run_after=None
[2026-01-26T13:19:10.902+0000] {processor.py:183} INFO - Processing /opt/airflow/dags/enterprise_etl_dag.py took 0.577 seconds
