[2026-01-26T12:35:53.999+0000] {processor.py:161} INFO - Started process (PID=54) to work on /opt/airflow/dags/master_pipeline_dag.py
[2026-01-26T12:35:54.005+0000] {processor.py:830} INFO - Processing file /opt/airflow/dags/master_pipeline_dag.py for tasks to queue
[2026-01-26T12:35:54.019+0000] {logging_mixin.py:188} INFO - [2026-01-26T12:35:54.018+0000] {dagbag.py:540} INFO - Filling up the DagBag from /opt/airflow/dags/master_pipeline_dag.py
[2026-01-26T12:35:54.086+0000] {processor.py:840} INFO - DAG(s) 'master_etl_pipeline' retrieved from /opt/airflow/dags/master_pipeline_dag.py
[2026-01-26T12:35:54.199+0000] {logging_mixin.py:188} INFO - [2026-01-26T12:35:54.198+0000] {dag.py:3047} INFO - Sync 1 DAGs
[2026-01-26T12:35:54.244+0000] {logging_mixin.py:188} INFO - [2026-01-26T12:35:54.243+0000] {dag.py:3834} INFO - Setting next_dagrun for master_etl_pipeline to 2026-01-25 02:00:00+00:00, run_after=2026-01-26 02:00:00+00:00
[2026-01-26T12:35:54.300+0000] {processor.py:183} INFO - Processing /opt/airflow/dags/master_pipeline_dag.py took 0.312 seconds
[2026-01-26T12:36:50.190+0000] {processor.py:161} INFO - Started process (PID=46) to work on /opt/airflow/dags/master_pipeline_dag.py
[2026-01-26T12:36:50.205+0000] {processor.py:830} INFO - Processing file /opt/airflow/dags/master_pipeline_dag.py for tasks to queue
[2026-01-26T12:36:50.208+0000] {logging_mixin.py:188} INFO - [2026-01-26T12:36:50.207+0000] {dagbag.py:540} INFO - Filling up the DagBag from /opt/airflow/dags/master_pipeline_dag.py
[2026-01-26T12:36:50.706+0000] {processor.py:840} INFO - DAG(s) 'master_etl_pipeline' retrieved from /opt/airflow/dags/master_pipeline_dag.py
[2026-01-26T12:36:50.860+0000] {logging_mixin.py:188} INFO - [2026-01-26T12:36:50.859+0000] {dag.py:3047} INFO - Sync 1 DAGs
[2026-01-26T12:36:50.997+0000] {logging_mixin.py:188} INFO - [2026-01-26T12:36:50.991+0000] {dag.py:3834} INFO - Setting next_dagrun for master_etl_pipeline to 2026-01-25 02:00:00+00:00, run_after=2026-01-26 02:00:00+00:00
[2026-01-26T12:36:51.298+0000] {processor.py:183} INFO - Processing /opt/airflow/dags/master_pipeline_dag.py took 1.126 seconds
[2026-01-26T12:37:21.865+0000] {processor.py:161} INFO - Started process (PID=53) to work on /opt/airflow/dags/master_pipeline_dag.py
[2026-01-26T12:37:21.871+0000] {processor.py:830} INFO - Processing file /opt/airflow/dags/master_pipeline_dag.py for tasks to queue
[2026-01-26T12:37:21.876+0000] {logging_mixin.py:188} INFO - [2026-01-26T12:37:21.876+0000] {dagbag.py:540} INFO - Filling up the DagBag from /opt/airflow/dags/master_pipeline_dag.py
[2026-01-26T12:37:21.937+0000] {processor.py:840} INFO - DAG(s) 'master_etl_pipeline' retrieved from /opt/airflow/dags/master_pipeline_dag.py
[2026-01-26T12:37:22.166+0000] {logging_mixin.py:188} INFO - [2026-01-26T12:37:22.165+0000] {dag.py:3047} INFO - Sync 1 DAGs
[2026-01-26T12:37:22.231+0000] {logging_mixin.py:188} INFO - [2026-01-26T12:37:22.230+0000] {dag.py:3834} INFO - Setting next_dagrun for master_etl_pipeline to 2026-01-25 02:00:00+00:00, run_after=2026-01-26 02:00:00+00:00
[2026-01-26T12:37:22.300+0000] {processor.py:183} INFO - Processing /opt/airflow/dags/master_pipeline_dag.py took 0.442 seconds
[2026-01-26T12:37:52.466+0000] {processor.py:161} INFO - Started process (PID=64) to work on /opt/airflow/dags/master_pipeline_dag.py
[2026-01-26T12:37:52.469+0000] {processor.py:830} INFO - Processing file /opt/airflow/dags/master_pipeline_dag.py for tasks to queue
[2026-01-26T12:37:52.470+0000] {logging_mixin.py:188} INFO - [2026-01-26T12:37:52.470+0000] {dagbag.py:540} INFO - Filling up the DagBag from /opt/airflow/dags/master_pipeline_dag.py
[2026-01-26T12:37:52.497+0000] {processor.py:840} INFO - DAG(s) 'master_etl_pipeline' retrieved from /opt/airflow/dags/master_pipeline_dag.py
[2026-01-26T12:37:52.526+0000] {logging_mixin.py:188} INFO - [2026-01-26T12:37:52.526+0000] {dag.py:3047} INFO - Sync 1 DAGs
[2026-01-26T12:37:52.558+0000] {logging_mixin.py:188} INFO - [2026-01-26T12:37:52.558+0000] {dag.py:3834} INFO - Setting next_dagrun for master_etl_pipeline to 2026-01-25 02:00:00+00:00, run_after=2026-01-26 02:00:00+00:00
[2026-01-26T12:37:52.619+0000] {processor.py:183} INFO - Processing /opt/airflow/dags/master_pipeline_dag.py took 0.159 seconds
[2026-01-26T12:38:23.007+0000] {processor.py:161} INFO - Started process (PID=67) to work on /opt/airflow/dags/master_pipeline_dag.py
[2026-01-26T12:38:23.010+0000] {processor.py:830} INFO - Processing file /opt/airflow/dags/master_pipeline_dag.py for tasks to queue
[2026-01-26T12:38:23.015+0000] {logging_mixin.py:188} INFO - [2026-01-26T12:38:23.014+0000] {dagbag.py:540} INFO - Filling up the DagBag from /opt/airflow/dags/master_pipeline_dag.py
[2026-01-26T12:38:23.095+0000] {processor.py:840} INFO - DAG(s) 'master_etl_pipeline' retrieved from /opt/airflow/dags/master_pipeline_dag.py
[2026-01-26T12:38:23.184+0000] {logging_mixin.py:188} INFO - [2026-01-26T12:38:23.183+0000] {dag.py:3047} INFO - Sync 1 DAGs
[2026-01-26T12:38:23.280+0000] {logging_mixin.py:188} INFO - [2026-01-26T12:38:23.280+0000] {dag.py:3834} INFO - Setting next_dagrun for master_etl_pipeline to 2026-01-25 02:00:00+00:00, run_after=2026-01-26 02:00:00+00:00
[2026-01-26T12:38:23.372+0000] {processor.py:183} INFO - Processing /opt/airflow/dags/master_pipeline_dag.py took 0.373 seconds
[2026-01-26T12:38:53.601+0000] {processor.py:161} INFO - Started process (PID=69) to work on /opt/airflow/dags/master_pipeline_dag.py
[2026-01-26T12:38:53.604+0000] {processor.py:830} INFO - Processing file /opt/airflow/dags/master_pipeline_dag.py for tasks to queue
[2026-01-26T12:38:53.607+0000] {logging_mixin.py:188} INFO - [2026-01-26T12:38:53.606+0000] {dagbag.py:540} INFO - Filling up the DagBag from /opt/airflow/dags/master_pipeline_dag.py
[2026-01-26T12:38:53.656+0000] {processor.py:840} INFO - DAG(s) 'master_etl_pipeline' retrieved from /opt/airflow/dags/master_pipeline_dag.py
[2026-01-26T12:38:53.700+0000] {logging_mixin.py:188} INFO - [2026-01-26T12:38:53.700+0000] {dag.py:3047} INFO - Sync 1 DAGs
[2026-01-26T12:38:53.752+0000] {logging_mixin.py:188} INFO - [2026-01-26T12:38:53.752+0000] {dag.py:3834} INFO - Setting next_dagrun for master_etl_pipeline to 2026-01-25 02:00:00+00:00, run_after=2026-01-26 02:00:00+00:00
[2026-01-26T12:38:53.791+0000] {processor.py:183} INFO - Processing /opt/airflow/dags/master_pipeline_dag.py took 0.210 seconds
[2026-01-26T12:39:24.725+0000] {processor.py:161} INFO - Started process (PID=71) to work on /opt/airflow/dags/master_pipeline_dag.py
[2026-01-26T12:39:24.729+0000] {processor.py:830} INFO - Processing file /opt/airflow/dags/master_pipeline_dag.py for tasks to queue
[2026-01-26T12:39:24.732+0000] {logging_mixin.py:188} INFO - [2026-01-26T12:39:24.731+0000] {dagbag.py:540} INFO - Filling up the DagBag from /opt/airflow/dags/master_pipeline_dag.py
[2026-01-26T12:39:24.793+0000] {processor.py:840} INFO - DAG(s) 'master_etl_pipeline' retrieved from /opt/airflow/dags/master_pipeline_dag.py
[2026-01-26T12:39:24.857+0000] {logging_mixin.py:188} INFO - [2026-01-26T12:39:24.856+0000] {dag.py:3047} INFO - Sync 1 DAGs
[2026-01-26T12:39:24.942+0000] {logging_mixin.py:188} INFO - [2026-01-26T12:39:24.941+0000] {dag.py:3834} INFO - Setting next_dagrun for master_etl_pipeline to 2026-01-25 02:00:00+00:00, run_after=2026-01-26 02:00:00+00:00
[2026-01-26T12:39:24.993+0000] {processor.py:183} INFO - Processing /opt/airflow/dags/master_pipeline_dag.py took 0.275 seconds
[2026-01-26T12:39:55.139+0000] {processor.py:161} INFO - Started process (PID=72) to work on /opt/airflow/dags/master_pipeline_dag.py
[2026-01-26T12:39:55.141+0000] {processor.py:830} INFO - Processing file /opt/airflow/dags/master_pipeline_dag.py for tasks to queue
[2026-01-26T12:39:55.143+0000] {logging_mixin.py:188} INFO - [2026-01-26T12:39:55.143+0000] {dagbag.py:540} INFO - Filling up the DagBag from /opt/airflow/dags/master_pipeline_dag.py
[2026-01-26T12:39:55.189+0000] {processor.py:840} INFO - DAG(s) 'master_etl_pipeline' retrieved from /opt/airflow/dags/master_pipeline_dag.py
[2026-01-26T12:39:55.236+0000] {logging_mixin.py:188} INFO - [2026-01-26T12:39:55.236+0000] {dag.py:3047} INFO - Sync 1 DAGs
[2026-01-26T12:39:55.274+0000] {logging_mixin.py:188} INFO - [2026-01-26T12:39:55.274+0000] {dag.py:3834} INFO - Setting next_dagrun for master_etl_pipeline to 2026-01-25 02:00:00+00:00, run_after=2026-01-26 02:00:00+00:00
[2026-01-26T12:39:55.310+0000] {processor.py:183} INFO - Processing /opt/airflow/dags/master_pipeline_dag.py took 0.182 seconds
[2026-01-26T12:40:26.307+0000] {processor.py:161} INFO - Started process (PID=75) to work on /opt/airflow/dags/master_pipeline_dag.py
[2026-01-26T12:40:26.309+0000] {processor.py:830} INFO - Processing file /opt/airflow/dags/master_pipeline_dag.py for tasks to queue
[2026-01-26T12:40:26.315+0000] {logging_mixin.py:188} INFO - [2026-01-26T12:40:26.314+0000] {dagbag.py:540} INFO - Filling up the DagBag from /opt/airflow/dags/master_pipeline_dag.py
[2026-01-26T12:40:26.422+0000] {processor.py:840} INFO - DAG(s) 'master_etl_pipeline' retrieved from /opt/airflow/dags/master_pipeline_dag.py
[2026-01-26T12:40:26.512+0000] {logging_mixin.py:188} INFO - [2026-01-26T12:40:26.512+0000] {dag.py:3047} INFO - Sync 1 DAGs
[2026-01-26T12:40:26.604+0000] {logging_mixin.py:188} INFO - [2026-01-26T12:40:26.604+0000] {dag.py:3834} INFO - Setting next_dagrun for master_etl_pipeline to 2026-01-25 02:00:00+00:00, run_after=2026-01-26 02:00:00+00:00
[2026-01-26T12:40:26.699+0000] {processor.py:183} INFO - Processing /opt/airflow/dags/master_pipeline_dag.py took 0.408 seconds
[2026-01-26T12:40:59.606+0000] {processor.py:161} INFO - Started process (PID=77) to work on /opt/airflow/dags/master_pipeline_dag.py
[2026-01-26T12:40:59.610+0000] {processor.py:830} INFO - Processing file /opt/airflow/dags/master_pipeline_dag.py for tasks to queue
[2026-01-26T12:40:59.616+0000] {logging_mixin.py:188} INFO - [2026-01-26T12:40:59.614+0000] {dagbag.py:540} INFO - Filling up the DagBag from /opt/airflow/dags/master_pipeline_dag.py
[2026-01-26T12:40:59.724+0000] {processor.py:840} INFO - DAG(s) 'master_etl_pipeline' retrieved from /opt/airflow/dags/master_pipeline_dag.py
[2026-01-26T12:40:59.783+0000] {logging_mixin.py:188} INFO - [2026-01-26T12:40:59.782+0000] {dag.py:3047} INFO - Sync 1 DAGs
[2026-01-26T12:40:59.845+0000] {logging_mixin.py:188} INFO - [2026-01-26T12:40:59.845+0000] {dag.py:3834} INFO - Setting next_dagrun for master_etl_pipeline to 2026-01-25 02:00:00+00:00, run_after=2026-01-26 02:00:00+00:00
[2026-01-26T12:40:59.930+0000] {processor.py:183} INFO - Processing /opt/airflow/dags/master_pipeline_dag.py took 0.342 seconds
[2026-01-26T12:41:33.013+0000] {processor.py:161} INFO - Started process (PID=79) to work on /opt/airflow/dags/master_pipeline_dag.py
[2026-01-26T12:41:33.015+0000] {processor.py:830} INFO - Processing file /opt/airflow/dags/master_pipeline_dag.py for tasks to queue
[2026-01-26T12:41:33.017+0000] {logging_mixin.py:188} INFO - [2026-01-26T12:41:33.017+0000] {dagbag.py:540} INFO - Filling up the DagBag from /opt/airflow/dags/master_pipeline_dag.py
[2026-01-26T12:41:33.071+0000] {processor.py:840} INFO - DAG(s) 'master_etl_pipeline' retrieved from /opt/airflow/dags/master_pipeline_dag.py
[2026-01-26T12:41:33.144+0000] {logging_mixin.py:188} INFO - [2026-01-26T12:41:33.143+0000] {dag.py:3047} INFO - Sync 1 DAGs
[2026-01-26T12:41:33.223+0000] {logging_mixin.py:188} INFO - [2026-01-26T12:41:33.223+0000] {dag.py:3834} INFO - Setting next_dagrun for master_etl_pipeline to 2026-01-25 02:00:00+00:00, run_after=2026-01-26 02:00:00+00:00
[2026-01-26T12:41:33.268+0000] {processor.py:183} INFO - Processing /opt/airflow/dags/master_pipeline_dag.py took 0.265 seconds
[2026-01-26T12:42:06.131+0000] {processor.py:161} INFO - Started process (PID=81) to work on /opt/airflow/dags/master_pipeline_dag.py
[2026-01-26T12:42:06.134+0000] {processor.py:830} INFO - Processing file /opt/airflow/dags/master_pipeline_dag.py for tasks to queue
[2026-01-26T12:42:06.137+0000] {logging_mixin.py:188} INFO - [2026-01-26T12:42:06.136+0000] {dagbag.py:540} INFO - Filling up the DagBag from /opt/airflow/dags/master_pipeline_dag.py
[2026-01-26T12:42:06.216+0000] {processor.py:840} INFO - DAG(s) 'master_etl_pipeline' retrieved from /opt/airflow/dags/master_pipeline_dag.py
[2026-01-26T12:42:06.287+0000] {logging_mixin.py:188} INFO - [2026-01-26T12:42:06.286+0000] {dag.py:3047} INFO - Sync 1 DAGs
[2026-01-26T12:42:06.369+0000] {logging_mixin.py:188} INFO - [2026-01-26T12:42:06.368+0000] {dag.py:3834} INFO - Setting next_dagrun for master_etl_pipeline to 2026-01-25 02:00:00+00:00, run_after=2026-01-26 02:00:00+00:00
[2026-01-26T12:42:06.443+0000] {processor.py:183} INFO - Processing /opt/airflow/dags/master_pipeline_dag.py took 0.328 seconds
[2026-01-26T12:42:39.489+0000] {processor.py:161} INFO - Started process (PID=83) to work on /opt/airflow/dags/master_pipeline_dag.py
[2026-01-26T12:42:39.492+0000] {processor.py:830} INFO - Processing file /opt/airflow/dags/master_pipeline_dag.py for tasks to queue
[2026-01-26T12:42:39.497+0000] {logging_mixin.py:188} INFO - [2026-01-26T12:42:39.496+0000] {dagbag.py:540} INFO - Filling up the DagBag from /opt/airflow/dags/master_pipeline_dag.py
[2026-01-26T12:42:39.560+0000] {processor.py:840} INFO - DAG(s) 'master_etl_pipeline' retrieved from /opt/airflow/dags/master_pipeline_dag.py
[2026-01-26T12:42:39.617+0000] {logging_mixin.py:188} INFO - [2026-01-26T12:42:39.617+0000] {dag.py:3047} INFO - Sync 1 DAGs
[2026-01-26T12:42:39.668+0000] {logging_mixin.py:188} INFO - [2026-01-26T12:42:39.667+0000] {dag.py:3834} INFO - Setting next_dagrun for master_etl_pipeline to 2026-01-25 02:00:00+00:00, run_after=2026-01-26 02:00:00+00:00
[2026-01-26T12:42:39.700+0000] {processor.py:183} INFO - Processing /opt/airflow/dags/master_pipeline_dag.py took 0.228 seconds
[2026-01-26T12:43:13.153+0000] {processor.py:161} INFO - Started process (PID=85) to work on /opt/airflow/dags/master_pipeline_dag.py
[2026-01-26T12:43:13.159+0000] {processor.py:830} INFO - Processing file /opt/airflow/dags/master_pipeline_dag.py for tasks to queue
[2026-01-26T12:43:13.166+0000] {logging_mixin.py:188} INFO - [2026-01-26T12:43:13.166+0000] {dagbag.py:540} INFO - Filling up the DagBag from /opt/airflow/dags/master_pipeline_dag.py
[2026-01-26T12:43:13.255+0000] {processor.py:840} INFO - DAG(s) 'master_etl_pipeline' retrieved from /opt/airflow/dags/master_pipeline_dag.py
[2026-01-26T12:43:13.368+0000] {logging_mixin.py:188} INFO - [2026-01-26T12:43:13.359+0000] {dag.py:3047} INFO - Sync 1 DAGs
[2026-01-26T12:43:13.489+0000] {logging_mixin.py:188} INFO - [2026-01-26T12:43:13.488+0000] {dag.py:3834} INFO - Setting next_dagrun for master_etl_pipeline to 2026-01-25 02:00:00+00:00, run_after=2026-01-26 02:00:00+00:00
[2026-01-26T12:43:13.575+0000] {processor.py:183} INFO - Processing /opt/airflow/dags/master_pipeline_dag.py took 0.436 seconds
[2026-01-26T12:43:46.669+0000] {processor.py:161} INFO - Started process (PID=87) to work on /opt/airflow/dags/master_pipeline_dag.py
[2026-01-26T12:43:46.672+0000] {processor.py:830} INFO - Processing file /opt/airflow/dags/master_pipeline_dag.py for tasks to queue
[2026-01-26T12:43:46.674+0000] {logging_mixin.py:188} INFO - [2026-01-26T12:43:46.673+0000] {dagbag.py:540} INFO - Filling up the DagBag from /opt/airflow/dags/master_pipeline_dag.py
[2026-01-26T12:43:46.735+0000] {processor.py:840} INFO - DAG(s) 'master_etl_pipeline' retrieved from /opt/airflow/dags/master_pipeline_dag.py
[2026-01-26T12:43:46.798+0000] {logging_mixin.py:188} INFO - [2026-01-26T12:43:46.797+0000] {dag.py:3047} INFO - Sync 1 DAGs
[2026-01-26T12:43:46.902+0000] {logging_mixin.py:188} INFO - [2026-01-26T12:43:46.901+0000] {dag.py:3834} INFO - Setting next_dagrun for master_etl_pipeline to 2026-01-25 02:00:00+00:00, run_after=2026-01-26 02:00:00+00:00
[2026-01-26T12:43:46.978+0000] {processor.py:183} INFO - Processing /opt/airflow/dags/master_pipeline_dag.py took 0.317 seconds
[2026-01-26T12:44:19.773+0000] {processor.py:161} INFO - Started process (PID=89) to work on /opt/airflow/dags/master_pipeline_dag.py
[2026-01-26T12:44:19.775+0000] {processor.py:830} INFO - Processing file /opt/airflow/dags/master_pipeline_dag.py for tasks to queue
[2026-01-26T12:44:19.778+0000] {logging_mixin.py:188} INFO - [2026-01-26T12:44:19.777+0000] {dagbag.py:540} INFO - Filling up the DagBag from /opt/airflow/dags/master_pipeline_dag.py
[2026-01-26T12:44:19.827+0000] {processor.py:840} INFO - DAG(s) 'master_etl_pipeline' retrieved from /opt/airflow/dags/master_pipeline_dag.py
[2026-01-26T12:44:19.908+0000] {logging_mixin.py:188} INFO - [2026-01-26T12:44:19.908+0000] {dag.py:3047} INFO - Sync 1 DAGs
[2026-01-26T12:44:19.973+0000] {logging_mixin.py:188} INFO - [2026-01-26T12:44:19.973+0000] {dag.py:3834} INFO - Setting next_dagrun for master_etl_pipeline to 2026-01-25 02:00:00+00:00, run_after=2026-01-26 02:00:00+00:00
[2026-01-26T12:44:20.028+0000] {processor.py:183} INFO - Processing /opt/airflow/dags/master_pipeline_dag.py took 0.265 seconds
[2026-01-26T12:44:52.738+0000] {processor.py:161} INFO - Started process (PID=91) to work on /opt/airflow/dags/master_pipeline_dag.py
[2026-01-26T12:44:52.743+0000] {processor.py:830} INFO - Processing file /opt/airflow/dags/master_pipeline_dag.py for tasks to queue
[2026-01-26T12:44:52.747+0000] {logging_mixin.py:188} INFO - [2026-01-26T12:44:52.745+0000] {dagbag.py:540} INFO - Filling up the DagBag from /opt/airflow/dags/master_pipeline_dag.py
[2026-01-26T12:44:52.806+0000] {processor.py:840} INFO - DAG(s) 'master_etl_pipeline' retrieved from /opt/airflow/dags/master_pipeline_dag.py
[2026-01-26T12:44:52.880+0000] {logging_mixin.py:188} INFO - [2026-01-26T12:44:52.879+0000] {dag.py:3047} INFO - Sync 1 DAGs
[2026-01-26T12:44:52.963+0000] {logging_mixin.py:188} INFO - [2026-01-26T12:44:52.962+0000] {dag.py:3834} INFO - Setting next_dagrun for master_etl_pipeline to 2026-01-25 02:00:00+00:00, run_after=2026-01-26 02:00:00+00:00
[2026-01-26T12:44:53.054+0000] {processor.py:183} INFO - Processing /opt/airflow/dags/master_pipeline_dag.py took 0.322 seconds
[2026-01-26T12:45:26.448+0000] {processor.py:161} INFO - Started process (PID=93) to work on /opt/airflow/dags/master_pipeline_dag.py
[2026-01-26T12:45:26.451+0000] {processor.py:830} INFO - Processing file /opt/airflow/dags/master_pipeline_dag.py for tasks to queue
[2026-01-26T12:45:26.453+0000] {logging_mixin.py:188} INFO - [2026-01-26T12:45:26.453+0000] {dagbag.py:540} INFO - Filling up the DagBag from /opt/airflow/dags/master_pipeline_dag.py
[2026-01-26T12:45:26.562+0000] {processor.py:840} INFO - DAG(s) 'master_etl_pipeline' retrieved from /opt/airflow/dags/master_pipeline_dag.py
[2026-01-26T12:45:26.649+0000] {logging_mixin.py:188} INFO - [2026-01-26T12:45:26.648+0000] {dag.py:3047} INFO - Sync 1 DAGs
[2026-01-26T12:45:26.722+0000] {logging_mixin.py:188} INFO - [2026-01-26T12:45:26.722+0000] {dag.py:3834} INFO - Setting next_dagrun for master_etl_pipeline to 2026-01-25 02:00:00+00:00, run_after=2026-01-26 02:00:00+00:00
[2026-01-26T12:45:26.764+0000] {processor.py:183} INFO - Processing /opt/airflow/dags/master_pipeline_dag.py took 0.330 seconds
[2026-01-26T12:45:59.827+0000] {processor.py:161} INFO - Started process (PID=95) to work on /opt/airflow/dags/master_pipeline_dag.py
[2026-01-26T12:45:59.829+0000] {processor.py:830} INFO - Processing file /opt/airflow/dags/master_pipeline_dag.py for tasks to queue
[2026-01-26T12:45:59.834+0000] {logging_mixin.py:188} INFO - [2026-01-26T12:45:59.833+0000] {dagbag.py:540} INFO - Filling up the DagBag from /opt/airflow/dags/master_pipeline_dag.py
[2026-01-26T12:45:59.886+0000] {processor.py:840} INFO - DAG(s) 'master_etl_pipeline' retrieved from /opt/airflow/dags/master_pipeline_dag.py
[2026-01-26T12:45:59.939+0000] {logging_mixin.py:188} INFO - [2026-01-26T12:45:59.939+0000] {dag.py:3047} INFO - Sync 1 DAGs
[2026-01-26T12:45:59.991+0000] {logging_mixin.py:188} INFO - [2026-01-26T12:45:59.990+0000] {dag.py:3834} INFO - Setting next_dagrun for master_etl_pipeline to 2026-01-25 02:00:00+00:00, run_after=2026-01-26 02:00:00+00:00
[2026-01-26T12:46:00.022+0000] {processor.py:183} INFO - Processing /opt/airflow/dags/master_pipeline_dag.py took 0.203 seconds
[2026-01-26T12:46:33.681+0000] {processor.py:161} INFO - Started process (PID=97) to work on /opt/airflow/dags/master_pipeline_dag.py
[2026-01-26T12:46:33.684+0000] {processor.py:830} INFO - Processing file /opt/airflow/dags/master_pipeline_dag.py for tasks to queue
[2026-01-26T12:46:33.687+0000] {logging_mixin.py:188} INFO - [2026-01-26T12:46:33.686+0000] {dagbag.py:540} INFO - Filling up the DagBag from /opt/airflow/dags/master_pipeline_dag.py
[2026-01-26T12:46:33.756+0000] {processor.py:840} INFO - DAG(s) 'master_etl_pipeline' retrieved from /opt/airflow/dags/master_pipeline_dag.py
[2026-01-26T12:46:33.842+0000] {logging_mixin.py:188} INFO - [2026-01-26T12:46:33.842+0000] {dag.py:3047} INFO - Sync 1 DAGs
[2026-01-26T12:46:33.918+0000] {logging_mixin.py:188} INFO - [2026-01-26T12:46:33.918+0000] {dag.py:3834} INFO - Setting next_dagrun for master_etl_pipeline to 2026-01-25 02:00:00+00:00, run_after=2026-01-26 02:00:00+00:00
[2026-01-26T12:46:33.982+0000] {processor.py:183} INFO - Processing /opt/airflow/dags/master_pipeline_dag.py took 0.313 seconds
[2026-01-26T12:47:06.348+0000] {processor.py:161} INFO - Started process (PID=99) to work on /opt/airflow/dags/master_pipeline_dag.py
[2026-01-26T12:47:06.351+0000] {processor.py:830} INFO - Processing file /opt/airflow/dags/master_pipeline_dag.py for tasks to queue
[2026-01-26T12:47:06.356+0000] {logging_mixin.py:188} INFO - [2026-01-26T12:47:06.354+0000] {dagbag.py:540} INFO - Filling up the DagBag from /opt/airflow/dags/master_pipeline_dag.py
[2026-01-26T12:47:06.428+0000] {processor.py:840} INFO - DAG(s) 'master_etl_pipeline' retrieved from /opt/airflow/dags/master_pipeline_dag.py
[2026-01-26T12:47:06.509+0000] {logging_mixin.py:188} INFO - [2026-01-26T12:47:06.508+0000] {dag.py:3047} INFO - Sync 1 DAGs
[2026-01-26T12:47:06.628+0000] {logging_mixin.py:188} INFO - [2026-01-26T12:47:06.628+0000] {dag.py:3834} INFO - Setting next_dagrun for master_etl_pipeline to 2026-01-25 02:00:00+00:00, run_after=2026-01-26 02:00:00+00:00
[2026-01-26T12:47:06.710+0000] {processor.py:183} INFO - Processing /opt/airflow/dags/master_pipeline_dag.py took 0.376 seconds
[2026-01-26T12:47:39.889+0000] {processor.py:161} INFO - Started process (PID=101) to work on /opt/airflow/dags/master_pipeline_dag.py
[2026-01-26T12:47:39.892+0000] {processor.py:830} INFO - Processing file /opt/airflow/dags/master_pipeline_dag.py for tasks to queue
[2026-01-26T12:47:39.894+0000] {logging_mixin.py:188} INFO - [2026-01-26T12:47:39.893+0000] {dagbag.py:540} INFO - Filling up the DagBag from /opt/airflow/dags/master_pipeline_dag.py
[2026-01-26T12:47:39.954+0000] {processor.py:840} INFO - DAG(s) 'master_etl_pipeline' retrieved from /opt/airflow/dags/master_pipeline_dag.py
[2026-01-26T12:47:40.018+0000] {logging_mixin.py:188} INFO - [2026-01-26T12:47:40.017+0000] {dag.py:3047} INFO - Sync 1 DAGs
[2026-01-26T12:47:40.077+0000] {logging_mixin.py:188} INFO - [2026-01-26T12:47:40.074+0000] {dag.py:3834} INFO - Setting next_dagrun for master_etl_pipeline to 2026-01-25 02:00:00+00:00, run_after=2026-01-26 02:00:00+00:00
[2026-01-26T12:47:40.122+0000] {processor.py:183} INFO - Processing /opt/airflow/dags/master_pipeline_dag.py took 0.250 seconds
[2026-01-26T12:48:13.247+0000] {processor.py:161} INFO - Started process (PID=103) to work on /opt/airflow/dags/master_pipeline_dag.py
[2026-01-26T12:48:13.250+0000] {processor.py:830} INFO - Processing file /opt/airflow/dags/master_pipeline_dag.py for tasks to queue
[2026-01-26T12:48:13.254+0000] {logging_mixin.py:188} INFO - [2026-01-26T12:48:13.253+0000] {dagbag.py:540} INFO - Filling up the DagBag from /opt/airflow/dags/master_pipeline_dag.py
[2026-01-26T12:48:13.346+0000] {processor.py:840} INFO - DAG(s) 'master_etl_pipeline' retrieved from /opt/airflow/dags/master_pipeline_dag.py
[2026-01-26T12:48:13.440+0000] {logging_mixin.py:188} INFO - [2026-01-26T12:48:13.439+0000] {dag.py:3047} INFO - Sync 1 DAGs
[2026-01-26T12:48:13.520+0000] {logging_mixin.py:188} INFO - [2026-01-26T12:48:13.519+0000] {dag.py:3834} INFO - Setting next_dagrun for master_etl_pipeline to 2026-01-25 02:00:00+00:00, run_after=2026-01-26 02:00:00+00:00
[2026-01-26T12:48:13.607+0000] {processor.py:183} INFO - Processing /opt/airflow/dags/master_pipeline_dag.py took 0.373 seconds
[2026-01-26T12:48:46.424+0000] {processor.py:161} INFO - Started process (PID=105) to work on /opt/airflow/dags/master_pipeline_dag.py
[2026-01-26T12:48:46.426+0000] {processor.py:830} INFO - Processing file /opt/airflow/dags/master_pipeline_dag.py for tasks to queue
[2026-01-26T12:48:46.428+0000] {logging_mixin.py:188} INFO - [2026-01-26T12:48:46.428+0000] {dagbag.py:540} INFO - Filling up the DagBag from /opt/airflow/dags/master_pipeline_dag.py
[2026-01-26T12:48:46.485+0000] {processor.py:840} INFO - DAG(s) 'master_etl_pipeline' retrieved from /opt/airflow/dags/master_pipeline_dag.py
[2026-01-26T12:48:46.549+0000] {logging_mixin.py:188} INFO - [2026-01-26T12:48:46.549+0000] {dag.py:3047} INFO - Sync 1 DAGs
[2026-01-26T12:48:46.635+0000] {logging_mixin.py:188} INFO - [2026-01-26T12:48:46.634+0000] {dag.py:3834} INFO - Setting next_dagrun for master_etl_pipeline to 2026-01-25 02:00:00+00:00, run_after=2026-01-26 02:00:00+00:00
[2026-01-26T12:48:46.694+0000] {processor.py:183} INFO - Processing /opt/airflow/dags/master_pipeline_dag.py took 0.287 seconds
[2026-01-26T12:49:19.805+0000] {processor.py:161} INFO - Started process (PID=107) to work on /opt/airflow/dags/master_pipeline_dag.py
[2026-01-26T12:49:19.807+0000] {processor.py:830} INFO - Processing file /opt/airflow/dags/master_pipeline_dag.py for tasks to queue
[2026-01-26T12:49:19.809+0000] {logging_mixin.py:188} INFO - [2026-01-26T12:49:19.809+0000] {dagbag.py:540} INFO - Filling up the DagBag from /opt/airflow/dags/master_pipeline_dag.py
[2026-01-26T12:49:19.850+0000] {processor.py:840} INFO - DAG(s) 'master_etl_pipeline' retrieved from /opt/airflow/dags/master_pipeline_dag.py
[2026-01-26T12:49:19.898+0000] {logging_mixin.py:188} INFO - [2026-01-26T12:49:19.898+0000] {dag.py:3047} INFO - Sync 1 DAGs
[2026-01-26T12:49:19.954+0000] {logging_mixin.py:188} INFO - [2026-01-26T12:49:19.953+0000] {dag.py:3834} INFO - Setting next_dagrun for master_etl_pipeline to 2026-01-25 02:00:00+00:00, run_after=2026-01-26 02:00:00+00:00
[2026-01-26T12:49:19.990+0000] {processor.py:183} INFO - Processing /opt/airflow/dags/master_pipeline_dag.py took 0.199 seconds
[2026-01-26T12:49:53.003+0000] {processor.py:161} INFO - Started process (PID=109) to work on /opt/airflow/dags/master_pipeline_dag.py
[2026-01-26T12:49:53.005+0000] {processor.py:830} INFO - Processing file /opt/airflow/dags/master_pipeline_dag.py for tasks to queue
[2026-01-26T12:49:53.007+0000] {logging_mixin.py:188} INFO - [2026-01-26T12:49:53.006+0000] {dagbag.py:540} INFO - Filling up the DagBag from /opt/airflow/dags/master_pipeline_dag.py
[2026-01-26T12:49:53.049+0000] {processor.py:840} INFO - DAG(s) 'master_etl_pipeline' retrieved from /opt/airflow/dags/master_pipeline_dag.py
[2026-01-26T12:49:53.097+0000] {logging_mixin.py:188} INFO - [2026-01-26T12:49:53.096+0000] {dag.py:3047} INFO - Sync 1 DAGs
[2026-01-26T12:49:53.150+0000] {logging_mixin.py:188} INFO - [2026-01-26T12:49:53.148+0000] {dag.py:3834} INFO - Setting next_dagrun for master_etl_pipeline to 2026-01-25 02:00:00+00:00, run_after=2026-01-26 02:00:00+00:00
[2026-01-26T12:49:53.197+0000] {processor.py:183} INFO - Processing /opt/airflow/dags/master_pipeline_dag.py took 0.203 seconds
[2026-01-26T12:50:27.379+0000] {processor.py:161} INFO - Started process (PID=111) to work on /opt/airflow/dags/master_pipeline_dag.py
[2026-01-26T12:50:27.383+0000] {processor.py:830} INFO - Processing file /opt/airflow/dags/master_pipeline_dag.py for tasks to queue
[2026-01-26T12:50:27.385+0000] {logging_mixin.py:188} INFO - [2026-01-26T12:50:27.385+0000] {dagbag.py:540} INFO - Filling up the DagBag from /opt/airflow/dags/master_pipeline_dag.py
[2026-01-26T12:50:27.424+0000] {processor.py:840} INFO - DAG(s) 'master_etl_pipeline' retrieved from /opt/airflow/dags/master_pipeline_dag.py
[2026-01-26T12:50:27.485+0000] {logging_mixin.py:188} INFO - [2026-01-26T12:50:27.484+0000] {dag.py:3047} INFO - Sync 1 DAGs
[2026-01-26T12:50:27.541+0000] {logging_mixin.py:188} INFO - [2026-01-26T12:50:27.540+0000] {dag.py:3834} INFO - Setting next_dagrun for master_etl_pipeline to 2026-01-25 02:00:00+00:00, run_after=2026-01-26 02:00:00+00:00
[2026-01-26T12:50:27.572+0000] {processor.py:183} INFO - Processing /opt/airflow/dags/master_pipeline_dag.py took 0.203 seconds
[2026-01-26T12:51:00.084+0000] {processor.py:161} INFO - Started process (PID=113) to work on /opt/airflow/dags/master_pipeline_dag.py
[2026-01-26T12:51:00.086+0000] {processor.py:830} INFO - Processing file /opt/airflow/dags/master_pipeline_dag.py for tasks to queue
[2026-01-26T12:51:00.088+0000] {logging_mixin.py:188} INFO - [2026-01-26T12:51:00.087+0000] {dagbag.py:540} INFO - Filling up the DagBag from /opt/airflow/dags/master_pipeline_dag.py
[2026-01-26T12:51:00.132+0000] {processor.py:840} INFO - DAG(s) 'master_etl_pipeline' retrieved from /opt/airflow/dags/master_pipeline_dag.py
[2026-01-26T12:51:00.184+0000] {logging_mixin.py:188} INFO - [2026-01-26T12:51:00.183+0000] {dag.py:3047} INFO - Sync 1 DAGs
[2026-01-26T12:51:00.236+0000] {logging_mixin.py:188} INFO - [2026-01-26T12:51:00.236+0000] {dag.py:3834} INFO - Setting next_dagrun for master_etl_pipeline to 2026-01-25 02:00:00+00:00, run_after=2026-01-26 02:00:00+00:00
[2026-01-26T12:51:00.283+0000] {processor.py:183} INFO - Processing /opt/airflow/dags/master_pipeline_dag.py took 0.210 seconds
[2026-01-26T12:51:33.338+0000] {processor.py:161} INFO - Started process (PID=115) to work on /opt/airflow/dags/master_pipeline_dag.py
[2026-01-26T12:51:33.340+0000] {processor.py:830} INFO - Processing file /opt/airflow/dags/master_pipeline_dag.py for tasks to queue
[2026-01-26T12:51:33.342+0000] {logging_mixin.py:188} INFO - [2026-01-26T12:51:33.341+0000] {dagbag.py:540} INFO - Filling up the DagBag from /opt/airflow/dags/master_pipeline_dag.py
[2026-01-26T12:51:33.401+0000] {processor.py:840} INFO - DAG(s) 'master_etl_pipeline' retrieved from /opt/airflow/dags/master_pipeline_dag.py
[2026-01-26T12:51:33.459+0000] {logging_mixin.py:188} INFO - [2026-01-26T12:51:33.458+0000] {dag.py:3047} INFO - Sync 1 DAGs
[2026-01-26T12:51:33.508+0000] {logging_mixin.py:188} INFO - [2026-01-26T12:51:33.508+0000] {dag.py:3834} INFO - Setting next_dagrun for master_etl_pipeline to 2026-01-25 02:00:00+00:00, run_after=2026-01-26 02:00:00+00:00
[2026-01-26T12:51:33.544+0000] {processor.py:183} INFO - Processing /opt/airflow/dags/master_pipeline_dag.py took 0.216 seconds
[2026-01-26T12:52:06.827+0000] {processor.py:161} INFO - Started process (PID=117) to work on /opt/airflow/dags/master_pipeline_dag.py
[2026-01-26T12:52:06.830+0000] {processor.py:830} INFO - Processing file /opt/airflow/dags/master_pipeline_dag.py for tasks to queue
[2026-01-26T12:52:06.834+0000] {logging_mixin.py:188} INFO - [2026-01-26T12:52:06.833+0000] {dagbag.py:540} INFO - Filling up the DagBag from /opt/airflow/dags/master_pipeline_dag.py
[2026-01-26T12:52:06.885+0000] {processor.py:840} INFO - DAG(s) 'master_etl_pipeline' retrieved from /opt/airflow/dags/master_pipeline_dag.py
[2026-01-26T12:52:06.939+0000] {logging_mixin.py:188} INFO - [2026-01-26T12:52:06.939+0000] {dag.py:3047} INFO - Sync 1 DAGs
[2026-01-26T12:52:06.995+0000] {logging_mixin.py:188} INFO - [2026-01-26T12:52:06.995+0000] {dag.py:3834} INFO - Setting next_dagrun for master_etl_pipeline to 2026-01-25 02:00:00+00:00, run_after=2026-01-26 02:00:00+00:00
[2026-01-26T12:52:07.036+0000] {processor.py:183} INFO - Processing /opt/airflow/dags/master_pipeline_dag.py took 0.220 seconds
[2026-01-26T12:52:40.051+0000] {processor.py:161} INFO - Started process (PID=119) to work on /opt/airflow/dags/master_pipeline_dag.py
[2026-01-26T12:52:40.053+0000] {processor.py:830} INFO - Processing file /opt/airflow/dags/master_pipeline_dag.py for tasks to queue
[2026-01-26T12:52:40.055+0000] {logging_mixin.py:188} INFO - [2026-01-26T12:52:40.054+0000] {dagbag.py:540} INFO - Filling up the DagBag from /opt/airflow/dags/master_pipeline_dag.py
[2026-01-26T12:52:40.100+0000] {processor.py:840} INFO - DAG(s) 'master_etl_pipeline' retrieved from /opt/airflow/dags/master_pipeline_dag.py
[2026-01-26T12:52:40.157+0000] {logging_mixin.py:188} INFO - [2026-01-26T12:52:40.156+0000] {dag.py:3047} INFO - Sync 1 DAGs
[2026-01-26T12:52:40.211+0000] {logging_mixin.py:188} INFO - [2026-01-26T12:52:40.210+0000] {dag.py:3834} INFO - Setting next_dagrun for master_etl_pipeline to 2026-01-25 02:00:00+00:00, run_after=2026-01-26 02:00:00+00:00
[2026-01-26T12:52:40.246+0000] {processor.py:183} INFO - Processing /opt/airflow/dags/master_pipeline_dag.py took 0.202 seconds
[2026-01-26T12:53:13.464+0000] {processor.py:161} INFO - Started process (PID=121) to work on /opt/airflow/dags/master_pipeline_dag.py
[2026-01-26T12:53:13.466+0000] {processor.py:830} INFO - Processing file /opt/airflow/dags/master_pipeline_dag.py for tasks to queue
[2026-01-26T12:53:13.471+0000] {logging_mixin.py:188} INFO - [2026-01-26T12:53:13.470+0000] {dagbag.py:540} INFO - Filling up the DagBag from /opt/airflow/dags/master_pipeline_dag.py
[2026-01-26T12:53:13.524+0000] {processor.py:840} INFO - DAG(s) 'master_etl_pipeline' retrieved from /opt/airflow/dags/master_pipeline_dag.py
[2026-01-26T12:53:13.577+0000] {logging_mixin.py:188} INFO - [2026-01-26T12:53:13.577+0000] {dag.py:3047} INFO - Sync 1 DAGs
[2026-01-26T12:53:13.630+0000] {logging_mixin.py:188} INFO - [2026-01-26T12:53:13.629+0000] {dag.py:3834} INFO - Setting next_dagrun for master_etl_pipeline to 2026-01-25 02:00:00+00:00, run_after=2026-01-26 02:00:00+00:00
[2026-01-26T12:53:13.676+0000] {processor.py:183} INFO - Processing /opt/airflow/dags/master_pipeline_dag.py took 0.222 seconds
[2026-01-26T12:53:46.790+0000] {processor.py:161} INFO - Started process (PID=123) to work on /opt/airflow/dags/master_pipeline_dag.py
[2026-01-26T12:53:46.792+0000] {processor.py:830} INFO - Processing file /opt/airflow/dags/master_pipeline_dag.py for tasks to queue
[2026-01-26T12:53:46.793+0000] {logging_mixin.py:188} INFO - [2026-01-26T12:53:46.793+0000] {dagbag.py:540} INFO - Filling up the DagBag from /opt/airflow/dags/master_pipeline_dag.py
[2026-01-26T12:53:46.833+0000] {processor.py:840} INFO - DAG(s) 'master_etl_pipeline' retrieved from /opt/airflow/dags/master_pipeline_dag.py
[2026-01-26T12:53:46.893+0000] {logging_mixin.py:188} INFO - [2026-01-26T12:53:46.892+0000] {dag.py:3047} INFO - Sync 1 DAGs
[2026-01-26T12:53:46.945+0000] {logging_mixin.py:188} INFO - [2026-01-26T12:53:46.945+0000] {dag.py:3834} INFO - Setting next_dagrun for master_etl_pipeline to 2026-01-25 02:00:00+00:00, run_after=2026-01-26 02:00:00+00:00
[2026-01-26T12:53:46.983+0000] {processor.py:183} INFO - Processing /opt/airflow/dags/master_pipeline_dag.py took 0.201 seconds
[2026-01-26T12:54:20.094+0000] {processor.py:161} INFO - Started process (PID=125) to work on /opt/airflow/dags/master_pipeline_dag.py
[2026-01-26T12:54:20.096+0000] {processor.py:830} INFO - Processing file /opt/airflow/dags/master_pipeline_dag.py for tasks to queue
[2026-01-26T12:54:20.098+0000] {logging_mixin.py:188} INFO - [2026-01-26T12:54:20.097+0000] {dagbag.py:540} INFO - Filling up the DagBag from /opt/airflow/dags/master_pipeline_dag.py
[2026-01-26T12:54:20.141+0000] {processor.py:840} INFO - DAG(s) 'master_etl_pipeline' retrieved from /opt/airflow/dags/master_pipeline_dag.py
[2026-01-26T12:54:20.197+0000] {logging_mixin.py:188} INFO - [2026-01-26T12:54:20.197+0000] {dag.py:3047} INFO - Sync 1 DAGs
[2026-01-26T12:54:20.261+0000] {logging_mixin.py:188} INFO - [2026-01-26T12:54:20.260+0000] {dag.py:3834} INFO - Setting next_dagrun for master_etl_pipeline to 2026-01-25 02:00:00+00:00, run_after=2026-01-26 02:00:00+00:00
[2026-01-26T12:54:20.297+0000] {processor.py:183} INFO - Processing /opt/airflow/dags/master_pipeline_dag.py took 0.211 seconds
[2026-01-26T12:54:53.244+0000] {processor.py:161} INFO - Started process (PID=127) to work on /opt/airflow/dags/master_pipeline_dag.py
[2026-01-26T12:54:53.247+0000] {processor.py:830} INFO - Processing file /opt/airflow/dags/master_pipeline_dag.py for tasks to queue
[2026-01-26T12:54:53.248+0000] {logging_mixin.py:188} INFO - [2026-01-26T12:54:53.248+0000] {dagbag.py:540} INFO - Filling up the DagBag from /opt/airflow/dags/master_pipeline_dag.py
[2026-01-26T12:54:53.290+0000] {processor.py:840} INFO - DAG(s) 'master_etl_pipeline' retrieved from /opt/airflow/dags/master_pipeline_dag.py
[2026-01-26T12:54:53.338+0000] {logging_mixin.py:188} INFO - [2026-01-26T12:54:53.337+0000] {dag.py:3047} INFO - Sync 1 DAGs
[2026-01-26T12:54:53.385+0000] {logging_mixin.py:188} INFO - [2026-01-26T12:54:53.385+0000] {dag.py:3834} INFO - Setting next_dagrun for master_etl_pipeline to 2026-01-25 02:00:00+00:00, run_after=2026-01-26 02:00:00+00:00
[2026-01-26T12:54:53.427+0000] {processor.py:183} INFO - Processing /opt/airflow/dags/master_pipeline_dag.py took 0.196 seconds
[2026-01-26T12:55:26.704+0000] {processor.py:161} INFO - Started process (PID=129) to work on /opt/airflow/dags/master_pipeline_dag.py
[2026-01-26T12:55:26.707+0000] {processor.py:830} INFO - Processing file /opt/airflow/dags/master_pipeline_dag.py for tasks to queue
[2026-01-26T12:55:26.710+0000] {logging_mixin.py:188} INFO - [2026-01-26T12:55:26.710+0000] {dagbag.py:540} INFO - Filling up the DagBag from /opt/airflow/dags/master_pipeline_dag.py
[2026-01-26T12:55:26.780+0000] {processor.py:840} INFO - DAG(s) 'master_etl_pipeline' retrieved from /opt/airflow/dags/master_pipeline_dag.py
[2026-01-26T12:55:26.857+0000] {logging_mixin.py:188} INFO - [2026-01-26T12:55:26.857+0000] {dag.py:3047} INFO - Sync 1 DAGs
[2026-01-26T12:55:26.929+0000] {logging_mixin.py:188} INFO - [2026-01-26T12:55:26.929+0000] {dag.py:3834} INFO - Setting next_dagrun for master_etl_pipeline to 2026-01-25 02:00:00+00:00, run_after=2026-01-26 02:00:00+00:00
[2026-01-26T12:55:26.964+0000] {processor.py:183} INFO - Processing /opt/airflow/dags/master_pipeline_dag.py took 0.281 seconds
[2026-01-26T12:56:00.014+0000] {processor.py:161} INFO - Started process (PID=131) to work on /opt/airflow/dags/master_pipeline_dag.py
[2026-01-26T12:56:00.017+0000] {processor.py:830} INFO - Processing file /opt/airflow/dags/master_pipeline_dag.py for tasks to queue
[2026-01-26T12:56:00.019+0000] {logging_mixin.py:188} INFO - [2026-01-26T12:56:00.018+0000] {dagbag.py:540} INFO - Filling up the DagBag from /opt/airflow/dags/master_pipeline_dag.py
[2026-01-26T12:56:00.082+0000] {processor.py:840} INFO - DAG(s) 'master_etl_pipeline' retrieved from /opt/airflow/dags/master_pipeline_dag.py
[2026-01-26T12:56:00.150+0000] {logging_mixin.py:188} INFO - [2026-01-26T12:56:00.149+0000] {dag.py:3047} INFO - Sync 1 DAGs
[2026-01-26T12:56:00.203+0000] {logging_mixin.py:188} INFO - [2026-01-26T12:56:00.203+0000] {dag.py:3834} INFO - Setting next_dagrun for master_etl_pipeline to 2026-01-25 02:00:00+00:00, run_after=2026-01-26 02:00:00+00:00
[2026-01-26T12:56:00.242+0000] {processor.py:183} INFO - Processing /opt/airflow/dags/master_pipeline_dag.py took 0.237 seconds
[2026-01-26T12:56:33.345+0000] {processor.py:161} INFO - Started process (PID=133) to work on /opt/airflow/dags/master_pipeline_dag.py
[2026-01-26T12:56:33.348+0000] {processor.py:830} INFO - Processing file /opt/airflow/dags/master_pipeline_dag.py for tasks to queue
[2026-01-26T12:56:33.352+0000] {logging_mixin.py:188} INFO - [2026-01-26T12:56:33.351+0000] {dagbag.py:540} INFO - Filling up the DagBag from /opt/airflow/dags/master_pipeline_dag.py
[2026-01-26T12:56:33.393+0000] {processor.py:840} INFO - DAG(s) 'master_etl_pipeline' retrieved from /opt/airflow/dags/master_pipeline_dag.py
[2026-01-26T12:56:33.441+0000] {logging_mixin.py:188} INFO - [2026-01-26T12:56:33.441+0000] {dag.py:3047} INFO - Sync 1 DAGs
[2026-01-26T12:56:33.498+0000] {logging_mixin.py:188} INFO - [2026-01-26T12:56:33.498+0000] {dag.py:3834} INFO - Setting next_dagrun for master_etl_pipeline to 2026-01-25 02:00:00+00:00, run_after=2026-01-26 02:00:00+00:00
[2026-01-26T12:56:33.532+0000] {processor.py:183} INFO - Processing /opt/airflow/dags/master_pipeline_dag.py took 0.195 seconds
[2026-01-26T12:57:06.704+0000] {processor.py:161} INFO - Started process (PID=135) to work on /opt/airflow/dags/master_pipeline_dag.py
[2026-01-26T12:57:06.707+0000] {processor.py:830} INFO - Processing file /opt/airflow/dags/master_pipeline_dag.py for tasks to queue
[2026-01-26T12:57:06.710+0000] {logging_mixin.py:188} INFO - [2026-01-26T12:57:06.709+0000] {dagbag.py:540} INFO - Filling up the DagBag from /opt/airflow/dags/master_pipeline_dag.py
[2026-01-26T12:57:06.752+0000] {processor.py:840} INFO - DAG(s) 'master_etl_pipeline' retrieved from /opt/airflow/dags/master_pipeline_dag.py
[2026-01-26T12:57:06.810+0000] {logging_mixin.py:188} INFO - [2026-01-26T12:57:06.809+0000] {dag.py:3047} INFO - Sync 1 DAGs
[2026-01-26T12:57:06.871+0000] {logging_mixin.py:188} INFO - [2026-01-26T12:57:06.871+0000] {dag.py:3834} INFO - Setting next_dagrun for master_etl_pipeline to 2026-01-25 02:00:00+00:00, run_after=2026-01-26 02:00:00+00:00
[2026-01-26T12:57:06.910+0000] {processor.py:183} INFO - Processing /opt/airflow/dags/master_pipeline_dag.py took 0.214 seconds
[2026-01-26T12:57:40.185+0000] {processor.py:161} INFO - Started process (PID=137) to work on /opt/airflow/dags/master_pipeline_dag.py
[2026-01-26T12:57:40.187+0000] {processor.py:830} INFO - Processing file /opt/airflow/dags/master_pipeline_dag.py for tasks to queue
[2026-01-26T12:57:40.190+0000] {logging_mixin.py:188} INFO - [2026-01-26T12:57:40.189+0000] {dagbag.py:540} INFO - Filling up the DagBag from /opt/airflow/dags/master_pipeline_dag.py
[2026-01-26T12:57:40.246+0000] {processor.py:840} INFO - DAG(s) 'master_etl_pipeline' retrieved from /opt/airflow/dags/master_pipeline_dag.py
[2026-01-26T12:57:40.308+0000] {logging_mixin.py:188} INFO - [2026-01-26T12:57:40.308+0000] {dag.py:3047} INFO - Sync 1 DAGs
[2026-01-26T12:57:40.377+0000] {logging_mixin.py:188} INFO - [2026-01-26T12:57:40.377+0000] {dag.py:3834} INFO - Setting next_dagrun for master_etl_pipeline to 2026-01-25 02:00:00+00:00, run_after=2026-01-26 02:00:00+00:00
[2026-01-26T12:57:40.425+0000] {processor.py:183} INFO - Processing /opt/airflow/dags/master_pipeline_dag.py took 0.253 seconds
[2026-01-26T12:58:13.555+0000] {processor.py:161} INFO - Started process (PID=139) to work on /opt/airflow/dags/master_pipeline_dag.py
[2026-01-26T12:58:13.557+0000] {processor.py:830} INFO - Processing file /opt/airflow/dags/master_pipeline_dag.py for tasks to queue
[2026-01-26T12:58:13.563+0000] {logging_mixin.py:188} INFO - [2026-01-26T12:58:13.562+0000] {dagbag.py:540} INFO - Filling up the DagBag from /opt/airflow/dags/master_pipeline_dag.py
[2026-01-26T12:58:13.610+0000] {processor.py:840} INFO - DAG(s) 'master_etl_pipeline' retrieved from /opt/airflow/dags/master_pipeline_dag.py
[2026-01-26T12:58:13.661+0000] {logging_mixin.py:188} INFO - [2026-01-26T12:58:13.661+0000] {dag.py:3047} INFO - Sync 1 DAGs
[2026-01-26T12:58:13.714+0000] {logging_mixin.py:188} INFO - [2026-01-26T12:58:13.714+0000] {dag.py:3834} INFO - Setting next_dagrun for master_etl_pipeline to 2026-01-25 02:00:00+00:00, run_after=2026-01-26 02:00:00+00:00
[2026-01-26T12:58:13.751+0000] {processor.py:183} INFO - Processing /opt/airflow/dags/master_pipeline_dag.py took 0.203 seconds
[2026-01-26T12:58:47.196+0000] {processor.py:161} INFO - Started process (PID=141) to work on /opt/airflow/dags/master_pipeline_dag.py
[2026-01-26T12:58:47.213+0000] {processor.py:830} INFO - Processing file /opt/airflow/dags/master_pipeline_dag.py for tasks to queue
[2026-01-26T12:58:47.216+0000] {logging_mixin.py:188} INFO - [2026-01-26T12:58:47.215+0000] {dagbag.py:540} INFO - Filling up the DagBag from /opt/airflow/dags/master_pipeline_dag.py
[2026-01-26T12:58:47.338+0000] {processor.py:840} INFO - DAG(s) 'master_etl_pipeline' retrieved from /opt/airflow/dags/master_pipeline_dag.py
[2026-01-26T12:58:47.453+0000] {logging_mixin.py:188} INFO - [2026-01-26T12:58:47.452+0000] {dag.py:3047} INFO - Sync 1 DAGs
[2026-01-26T12:58:47.607+0000] {logging_mixin.py:188} INFO - [2026-01-26T12:58:47.606+0000] {dag.py:3834} INFO - Setting next_dagrun for master_etl_pipeline to 2026-01-25 02:00:00+00:00, run_after=2026-01-26 02:00:00+00:00
[2026-01-26T12:58:47.737+0000] {processor.py:183} INFO - Processing /opt/airflow/dags/master_pipeline_dag.py took 0.549 seconds
[2026-01-26T12:59:20.467+0000] {processor.py:161} INFO - Started process (PID=143) to work on /opt/airflow/dags/master_pipeline_dag.py
[2026-01-26T12:59:20.468+0000] {processor.py:830} INFO - Processing file /opt/airflow/dags/master_pipeline_dag.py for tasks to queue
[2026-01-26T12:59:20.470+0000] {logging_mixin.py:188} INFO - [2026-01-26T12:59:20.470+0000] {dagbag.py:540} INFO - Filling up the DagBag from /opt/airflow/dags/master_pipeline_dag.py
[2026-01-26T12:59:20.515+0000] {processor.py:840} INFO - DAG(s) 'master_etl_pipeline' retrieved from /opt/airflow/dags/master_pipeline_dag.py
[2026-01-26T12:59:20.588+0000] {logging_mixin.py:188} INFO - [2026-01-26T12:59:20.587+0000] {dag.py:3047} INFO - Sync 1 DAGs
[2026-01-26T12:59:20.648+0000] {logging_mixin.py:188} INFO - [2026-01-26T12:59:20.648+0000] {dag.py:3834} INFO - Setting next_dagrun for master_etl_pipeline to 2026-01-25 02:00:00+00:00, run_after=2026-01-26 02:00:00+00:00
[2026-01-26T12:59:20.691+0000] {processor.py:183} INFO - Processing /opt/airflow/dags/master_pipeline_dag.py took 0.232 seconds
[2026-01-26T12:59:53.706+0000] {processor.py:161} INFO - Started process (PID=145) to work on /opt/airflow/dags/master_pipeline_dag.py
[2026-01-26T12:59:53.709+0000] {processor.py:830} INFO - Processing file /opt/airflow/dags/master_pipeline_dag.py for tasks to queue
[2026-01-26T12:59:53.712+0000] {logging_mixin.py:188} INFO - [2026-01-26T12:59:53.711+0000] {dagbag.py:540} INFO - Filling up the DagBag from /opt/airflow/dags/master_pipeline_dag.py
[2026-01-26T12:59:53.852+0000] {processor.py:840} INFO - DAG(s) 'master_etl_pipeline' retrieved from /opt/airflow/dags/master_pipeline_dag.py
[2026-01-26T12:59:53.938+0000] {logging_mixin.py:188} INFO - [2026-01-26T12:59:53.937+0000] {dag.py:3047} INFO - Sync 1 DAGs
[2026-01-26T12:59:54.026+0000] {logging_mixin.py:188} INFO - [2026-01-26T12:59:54.026+0000] {dag.py:3834} INFO - Setting next_dagrun for master_etl_pipeline to 2026-01-25 02:00:00+00:00, run_after=2026-01-26 02:00:00+00:00
[2026-01-26T12:59:54.082+0000] {processor.py:183} INFO - Processing /opt/airflow/dags/master_pipeline_dag.py took 0.394 seconds
[2026-01-26T13:00:27.070+0000] {processor.py:161} INFO - Started process (PID=147) to work on /opt/airflow/dags/master_pipeline_dag.py
[2026-01-26T13:00:27.073+0000] {processor.py:830} INFO - Processing file /opt/airflow/dags/master_pipeline_dag.py for tasks to queue
[2026-01-26T13:00:27.075+0000] {logging_mixin.py:188} INFO - [2026-01-26T13:00:27.075+0000] {dagbag.py:540} INFO - Filling up the DagBag from /opt/airflow/dags/master_pipeline_dag.py
[2026-01-26T13:00:27.115+0000] {processor.py:840} INFO - DAG(s) 'master_etl_pipeline' retrieved from /opt/airflow/dags/master_pipeline_dag.py
[2026-01-26T13:00:27.160+0000] {logging_mixin.py:188} INFO - [2026-01-26T13:00:27.159+0000] {dag.py:3047} INFO - Sync 1 DAGs
[2026-01-26T13:00:27.210+0000] {logging_mixin.py:188} INFO - [2026-01-26T13:00:27.210+0000] {dag.py:3834} INFO - Setting next_dagrun for master_etl_pipeline to 2026-01-25 02:00:00+00:00, run_after=2026-01-26 02:00:00+00:00
[2026-01-26T13:00:27.264+0000] {processor.py:183} INFO - Processing /opt/airflow/dags/master_pipeline_dag.py took 0.199 seconds
[2026-01-26T13:01:00.505+0000] {processor.py:161} INFO - Started process (PID=149) to work on /opt/airflow/dags/master_pipeline_dag.py
[2026-01-26T13:01:00.507+0000] {processor.py:830} INFO - Processing file /opt/airflow/dags/master_pipeline_dag.py for tasks to queue
[2026-01-26T13:01:00.512+0000] {logging_mixin.py:188} INFO - [2026-01-26T13:01:00.510+0000] {dagbag.py:540} INFO - Filling up the DagBag from /opt/airflow/dags/master_pipeline_dag.py
[2026-01-26T13:01:00.557+0000] {processor.py:840} INFO - DAG(s) 'master_etl_pipeline' retrieved from /opt/airflow/dags/master_pipeline_dag.py
[2026-01-26T13:01:00.624+0000] {logging_mixin.py:188} INFO - [2026-01-26T13:01:00.624+0000] {dag.py:3047} INFO - Sync 1 DAGs
[2026-01-26T13:01:00.677+0000] {logging_mixin.py:188} INFO - [2026-01-26T13:01:00.677+0000] {dag.py:3834} INFO - Setting next_dagrun for master_etl_pipeline to 2026-01-25 02:00:00+00:00, run_after=2026-01-26 02:00:00+00:00
[2026-01-26T13:01:00.714+0000] {processor.py:183} INFO - Processing /opt/airflow/dags/master_pipeline_dag.py took 0.216 seconds
[2026-01-26T13:01:33.694+0000] {processor.py:161} INFO - Started process (PID=151) to work on /opt/airflow/dags/master_pipeline_dag.py
[2026-01-26T13:01:33.696+0000] {processor.py:830} INFO - Processing file /opt/airflow/dags/master_pipeline_dag.py for tasks to queue
[2026-01-26T13:01:33.699+0000] {logging_mixin.py:188} INFO - [2026-01-26T13:01:33.698+0000] {dagbag.py:540} INFO - Filling up the DagBag from /opt/airflow/dags/master_pipeline_dag.py
[2026-01-26T13:01:33.733+0000] {processor.py:840} INFO - DAG(s) 'master_etl_pipeline' retrieved from /opt/airflow/dags/master_pipeline_dag.py
[2026-01-26T13:01:33.773+0000] {logging_mixin.py:188} INFO - [2026-01-26T13:01:33.773+0000] {dag.py:3047} INFO - Sync 1 DAGs
[2026-01-26T13:01:33.833+0000] {logging_mixin.py:188} INFO - [2026-01-26T13:01:33.832+0000] {dag.py:3834} INFO - Setting next_dagrun for master_etl_pipeline to 2026-01-25 02:00:00+00:00, run_after=2026-01-26 02:00:00+00:00
[2026-01-26T13:01:34.128+0000] {processor.py:183} INFO - Processing /opt/airflow/dags/master_pipeline_dag.py took 0.440 seconds
[2026-01-26T13:02:07.310+0000] {processor.py:161} INFO - Started process (PID=153) to work on /opt/airflow/dags/master_pipeline_dag.py
[2026-01-26T13:02:07.312+0000] {processor.py:830} INFO - Processing file /opt/airflow/dags/master_pipeline_dag.py for tasks to queue
[2026-01-26T13:02:07.316+0000] {logging_mixin.py:188} INFO - [2026-01-26T13:02:07.314+0000] {dagbag.py:540} INFO - Filling up the DagBag from /opt/airflow/dags/master_pipeline_dag.py
[2026-01-26T13:02:07.934+0000] {processor.py:840} INFO - DAG(s) 'master_etl_pipeline' retrieved from /opt/airflow/dags/master_pipeline_dag.py
[2026-01-26T13:02:08.161+0000] {logging_mixin.py:188} INFO - [2026-01-26T13:02:08.161+0000] {dag.py:3047} INFO - Sync 1 DAGs
[2026-01-26T13:02:08.214+0000] {logging_mixin.py:188} INFO - [2026-01-26T13:02:08.214+0000] {dag.py:3834} INFO - Setting next_dagrun for master_etl_pipeline to 2026-01-25 02:00:00+00:00, run_after=2026-01-26 02:00:00+00:00
[2026-01-26T13:02:08.271+0000] {processor.py:183} INFO - Processing /opt/airflow/dags/master_pipeline_dag.py took 0.967 seconds
[2026-01-26T13:02:40.151+0000] {processor.py:161} INFO - Started process (PID=155) to work on /opt/airflow/dags/master_pipeline_dag.py
[2026-01-26T13:02:40.162+0000] {processor.py:830} INFO - Processing file /opt/airflow/dags/master_pipeline_dag.py for tasks to queue
[2026-01-26T13:02:40.164+0000] {logging_mixin.py:188} INFO - [2026-01-26T13:02:40.164+0000] {dagbag.py:540} INFO - Filling up the DagBag from /opt/airflow/dags/master_pipeline_dag.py
[2026-01-26T13:02:40.235+0000] {processor.py:840} INFO - DAG(s) 'master_etl_pipeline' retrieved from /opt/airflow/dags/master_pipeline_dag.py
[2026-01-26T13:02:40.299+0000] {logging_mixin.py:188} INFO - [2026-01-26T13:02:40.299+0000] {dag.py:3047} INFO - Sync 1 DAGs
[2026-01-26T13:02:40.363+0000] {logging_mixin.py:188} INFO - [2026-01-26T13:02:40.362+0000] {dag.py:3834} INFO - Setting next_dagrun for master_etl_pipeline to 2026-01-25 02:00:00+00:00, run_after=2026-01-26 02:00:00+00:00
[2026-01-26T13:02:40.403+0000] {processor.py:183} INFO - Processing /opt/airflow/dags/master_pipeline_dag.py took 0.262 seconds
[2026-01-26T13:03:14.334+0000] {processor.py:161} INFO - Started process (PID=157) to work on /opt/airflow/dags/master_pipeline_dag.py
[2026-01-26T13:03:14.343+0000] {processor.py:830} INFO - Processing file /opt/airflow/dags/master_pipeline_dag.py for tasks to queue
[2026-01-26T13:03:14.349+0000] {logging_mixin.py:188} INFO - [2026-01-26T13:03:14.347+0000] {dagbag.py:540} INFO - Filling up the DagBag from /opt/airflow/dags/master_pipeline_dag.py
[2026-01-26T13:03:14.445+0000] {processor.py:840} INFO - DAG(s) 'master_etl_pipeline' retrieved from /opt/airflow/dags/master_pipeline_dag.py
[2026-01-26T13:03:14.485+0000] {logging_mixin.py:188} INFO - [2026-01-26T13:03:14.485+0000] {dag.py:3047} INFO - Sync 1 DAGs
[2026-01-26T13:03:14.528+0000] {logging_mixin.py:188} INFO - [2026-01-26T13:03:14.528+0000] {dag.py:3834} INFO - Setting next_dagrun for master_etl_pipeline to 2026-01-25 02:00:00+00:00, run_after=2026-01-26 02:00:00+00:00
[2026-01-26T13:03:14.557+0000] {processor.py:183} INFO - Processing /opt/airflow/dags/master_pipeline_dag.py took 0.251 seconds
[2026-01-26T13:03:46.863+0000] {processor.py:161} INFO - Started process (PID=159) to work on /opt/airflow/dags/master_pipeline_dag.py
[2026-01-26T13:03:46.866+0000] {processor.py:830} INFO - Processing file /opt/airflow/dags/master_pipeline_dag.py for tasks to queue
[2026-01-26T13:03:46.867+0000] {logging_mixin.py:188} INFO - [2026-01-26T13:03:46.867+0000] {dagbag.py:540} INFO - Filling up the DagBag from /opt/airflow/dags/master_pipeline_dag.py
[2026-01-26T13:03:46.904+0000] {processor.py:840} INFO - DAG(s) 'master_etl_pipeline' retrieved from /opt/airflow/dags/master_pipeline_dag.py
[2026-01-26T13:03:46.959+0000] {logging_mixin.py:188} INFO - [2026-01-26T13:03:46.958+0000] {dag.py:3047} INFO - Sync 1 DAGs
[2026-01-26T13:03:46.998+0000] {logging_mixin.py:188} INFO - [2026-01-26T13:03:46.998+0000] {dag.py:3834} INFO - Setting next_dagrun for master_etl_pipeline to 2026-01-25 02:00:00+00:00, run_after=2026-01-26 02:00:00+00:00
[2026-01-26T13:03:47.029+0000] {processor.py:183} INFO - Processing /opt/airflow/dags/master_pipeline_dag.py took 0.170 seconds
[2026-01-26T13:04:20.159+0000] {processor.py:161} INFO - Started process (PID=161) to work on /opt/airflow/dags/master_pipeline_dag.py
[2026-01-26T13:04:20.169+0000] {processor.py:830} INFO - Processing file /opt/airflow/dags/master_pipeline_dag.py for tasks to queue
[2026-01-26T13:04:20.177+0000] {logging_mixin.py:188} INFO - [2026-01-26T13:04:20.175+0000] {dagbag.py:540} INFO - Filling up the DagBag from /opt/airflow/dags/master_pipeline_dag.py
[2026-01-26T13:04:20.316+0000] {processor.py:840} INFO - DAG(s) 'master_etl_pipeline' retrieved from /opt/airflow/dags/master_pipeline_dag.py
[2026-01-26T13:04:20.455+0000] {logging_mixin.py:188} INFO - [2026-01-26T13:04:20.453+0000] {dag.py:3047} INFO - Sync 1 DAGs
[2026-01-26T13:04:20.571+0000] {logging_mixin.py:188} INFO - [2026-01-26T13:04:20.570+0000] {dag.py:3834} INFO - Setting next_dagrun for master_etl_pipeline to 2026-01-25 02:00:00+00:00, run_after=2026-01-26 02:00:00+00:00
[2026-01-26T13:04:20.605+0000] {processor.py:183} INFO - Processing /opt/airflow/dags/master_pipeline_dag.py took 0.481 seconds
[2026-01-26T13:04:53.575+0000] {processor.py:161} INFO - Started process (PID=163) to work on /opt/airflow/dags/master_pipeline_dag.py
[2026-01-26T13:04:53.578+0000] {processor.py:830} INFO - Processing file /opt/airflow/dags/master_pipeline_dag.py for tasks to queue
[2026-01-26T13:04:53.580+0000] {logging_mixin.py:188} INFO - [2026-01-26T13:04:53.580+0000] {dagbag.py:540} INFO - Filling up the DagBag from /opt/airflow/dags/master_pipeline_dag.py
[2026-01-26T13:04:53.645+0000] {processor.py:840} INFO - DAG(s) 'master_etl_pipeline' retrieved from /opt/airflow/dags/master_pipeline_dag.py
[2026-01-26T13:04:53.718+0000] {logging_mixin.py:188} INFO - [2026-01-26T13:04:53.717+0000] {dag.py:3047} INFO - Sync 1 DAGs
[2026-01-26T13:04:53.784+0000] {logging_mixin.py:188} INFO - [2026-01-26T13:04:53.783+0000] {dag.py:3834} INFO - Setting next_dagrun for master_etl_pipeline to 2026-01-25 02:00:00+00:00, run_after=2026-01-26 02:00:00+00:00
[2026-01-26T13:04:53.866+0000] {processor.py:183} INFO - Processing /opt/airflow/dags/master_pipeline_dag.py took 0.306 seconds
[2026-01-26T13:05:26.705+0000] {processor.py:161} INFO - Started process (PID=165) to work on /opt/airflow/dags/master_pipeline_dag.py
[2026-01-26T13:05:26.708+0000] {processor.py:830} INFO - Processing file /opt/airflow/dags/master_pipeline_dag.py for tasks to queue
[2026-01-26T13:05:26.710+0000] {logging_mixin.py:188} INFO - [2026-01-26T13:05:26.709+0000] {dagbag.py:540} INFO - Filling up the DagBag from /opt/airflow/dags/master_pipeline_dag.py
[2026-01-26T13:05:26.755+0000] {processor.py:840} INFO - DAG(s) 'master_etl_pipeline' retrieved from /opt/airflow/dags/master_pipeline_dag.py
[2026-01-26T13:05:26.812+0000] {logging_mixin.py:188} INFO - [2026-01-26T13:05:26.811+0000] {dag.py:3047} INFO - Sync 1 DAGs
[2026-01-26T13:05:26.864+0000] {logging_mixin.py:188} INFO - [2026-01-26T13:05:26.864+0000] {dag.py:3834} INFO - Setting next_dagrun for master_etl_pipeline to 2026-01-25 02:00:00+00:00, run_after=2026-01-26 02:00:00+00:00
[2026-01-26T13:05:26.901+0000] {processor.py:183} INFO - Processing /opt/airflow/dags/master_pipeline_dag.py took 0.204 seconds
[2026-01-26T13:06:00.779+0000] {processor.py:161} INFO - Started process (PID=167) to work on /opt/airflow/dags/master_pipeline_dag.py
[2026-01-26T13:06:00.782+0000] {processor.py:830} INFO - Processing file /opt/airflow/dags/master_pipeline_dag.py for tasks to queue
[2026-01-26T13:06:00.785+0000] {logging_mixin.py:188} INFO - [2026-01-26T13:06:00.783+0000] {dagbag.py:540} INFO - Filling up the DagBag from /opt/airflow/dags/master_pipeline_dag.py
[2026-01-26T13:06:00.833+0000] {processor.py:840} INFO - DAG(s) 'master_etl_pipeline' retrieved from /opt/airflow/dags/master_pipeline_dag.py
[2026-01-26T13:06:00.884+0000] {logging_mixin.py:188} INFO - [2026-01-26T13:06:00.883+0000] {dag.py:3047} INFO - Sync 1 DAGs
[2026-01-26T13:06:00.936+0000] {logging_mixin.py:188} INFO - [2026-01-26T13:06:00.936+0000] {dag.py:3834} INFO - Setting next_dagrun for master_etl_pipeline to 2026-01-25 02:00:00+00:00, run_after=2026-01-26 02:00:00+00:00
[2026-01-26T13:06:00.983+0000] {processor.py:183} INFO - Processing /opt/airflow/dags/master_pipeline_dag.py took 0.213 seconds
[2026-01-26T13:06:33.717+0000] {processor.py:161} INFO - Started process (PID=169) to work on /opt/airflow/dags/master_pipeline_dag.py
[2026-01-26T13:06:33.719+0000] {processor.py:830} INFO - Processing file /opt/airflow/dags/master_pipeline_dag.py for tasks to queue
[2026-01-26T13:06:33.722+0000] {logging_mixin.py:188} INFO - [2026-01-26T13:06:33.721+0000] {dagbag.py:540} INFO - Filling up the DagBag from /opt/airflow/dags/master_pipeline_dag.py
[2026-01-26T13:06:33.762+0000] {processor.py:840} INFO - DAG(s) 'master_etl_pipeline' retrieved from /opt/airflow/dags/master_pipeline_dag.py
[2026-01-26T13:06:33.883+0000] {logging_mixin.py:188} INFO - [2026-01-26T13:06:33.883+0000] {dag.py:3047} INFO - Sync 1 DAGs
[2026-01-26T13:06:33.927+0000] {logging_mixin.py:188} INFO - [2026-01-26T13:06:33.926+0000] {dag.py:3834} INFO - Setting next_dagrun for master_etl_pipeline to 2026-01-25 02:00:00+00:00, run_after=2026-01-26 02:00:00+00:00
[2026-01-26T13:06:33.963+0000] {processor.py:183} INFO - Processing /opt/airflow/dags/master_pipeline_dag.py took 0.252 seconds
[2026-01-26T13:07:07.114+0000] {processor.py:161} INFO - Started process (PID=171) to work on /opt/airflow/dags/master_pipeline_dag.py
[2026-01-26T13:07:07.118+0000] {processor.py:830} INFO - Processing file /opt/airflow/dags/master_pipeline_dag.py for tasks to queue
[2026-01-26T13:07:07.121+0000] {logging_mixin.py:188} INFO - [2026-01-26T13:07:07.120+0000] {dagbag.py:540} INFO - Filling up the DagBag from /opt/airflow/dags/master_pipeline_dag.py
[2026-01-26T13:07:07.195+0000] {processor.py:840} INFO - DAG(s) 'master_etl_pipeline' retrieved from /opt/airflow/dags/master_pipeline_dag.py
[2026-01-26T13:07:07.277+0000] {logging_mixin.py:188} INFO - [2026-01-26T13:07:07.276+0000] {dag.py:3047} INFO - Sync 1 DAGs
[2026-01-26T13:07:07.359+0000] {logging_mixin.py:188} INFO - [2026-01-26T13:07:07.358+0000] {dag.py:3834} INFO - Setting next_dagrun for master_etl_pipeline to 2026-01-25 02:00:00+00:00, run_after=2026-01-26 02:00:00+00:00
[2026-01-26T13:07:07.409+0000] {processor.py:183} INFO - Processing /opt/airflow/dags/master_pipeline_dag.py took 0.307 seconds
[2026-01-26T13:07:41.424+0000] {processor.py:161} INFO - Started process (PID=173) to work on /opt/airflow/dags/master_pipeline_dag.py
[2026-01-26T13:07:41.430+0000] {processor.py:830} INFO - Processing file /opt/airflow/dags/master_pipeline_dag.py for tasks to queue
[2026-01-26T13:07:41.433+0000] {logging_mixin.py:188} INFO - [2026-01-26T13:07:41.433+0000] {dagbag.py:540} INFO - Filling up the DagBag from /opt/airflow/dags/master_pipeline_dag.py
[2026-01-26T13:07:41.519+0000] {processor.py:840} INFO - DAG(s) 'master_etl_pipeline' retrieved from /opt/airflow/dags/master_pipeline_dag.py
[2026-01-26T13:07:41.615+0000] {logging_mixin.py:188} INFO - [2026-01-26T13:07:41.614+0000] {dag.py:3047} INFO - Sync 1 DAGs
[2026-01-26T13:07:41.702+0000] {logging_mixin.py:188} INFO - [2026-01-26T13:07:41.701+0000] {dag.py:3834} INFO - Setting next_dagrun for master_etl_pipeline to 2026-01-25 02:00:00+00:00, run_after=2026-01-26 02:00:00+00:00
[2026-01-26T13:07:41.772+0000] {processor.py:183} INFO - Processing /opt/airflow/dags/master_pipeline_dag.py took 0.359 seconds
[2026-01-26T13:08:13.763+0000] {processor.py:161} INFO - Started process (PID=175) to work on /opt/airflow/dags/master_pipeline_dag.py
[2026-01-26T13:08:13.777+0000] {processor.py:830} INFO - Processing file /opt/airflow/dags/master_pipeline_dag.py for tasks to queue
[2026-01-26T13:08:13.780+0000] {logging_mixin.py:188} INFO - [2026-01-26T13:08:13.779+0000] {dagbag.py:540} INFO - Filling up the DagBag from /opt/airflow/dags/master_pipeline_dag.py
[2026-01-26T13:08:13.845+0000] {processor.py:840} INFO - DAG(s) 'master_etl_pipeline' retrieved from /opt/airflow/dags/master_pipeline_dag.py
[2026-01-26T13:08:13.904+0000] {logging_mixin.py:188} INFO - [2026-01-26T13:08:13.903+0000] {dag.py:3047} INFO - Sync 1 DAGs
[2026-01-26T13:08:13.950+0000] {logging_mixin.py:188} INFO - [2026-01-26T13:08:13.949+0000] {dag.py:3834} INFO - Setting next_dagrun for master_etl_pipeline to 2026-01-25 02:00:00+00:00, run_after=2026-01-26 02:00:00+00:00
[2026-01-26T13:08:13.983+0000] {processor.py:183} INFO - Processing /opt/airflow/dags/master_pipeline_dag.py took 0.234 seconds
[2026-01-26T13:08:48.085+0000] {processor.py:161} INFO - Started process (PID=177) to work on /opt/airflow/dags/master_pipeline_dag.py
[2026-01-26T13:08:48.087+0000] {processor.py:830} INFO - Processing file /opt/airflow/dags/master_pipeline_dag.py for tasks to queue
[2026-01-26T13:08:48.097+0000] {logging_mixin.py:188} INFO - [2026-01-26T13:08:48.096+0000] {dagbag.py:540} INFO - Filling up the DagBag from /opt/airflow/dags/master_pipeline_dag.py
[2026-01-26T13:08:48.210+0000] {processor.py:840} INFO - DAG(s) 'master_etl_pipeline' retrieved from /opt/airflow/dags/master_pipeline_dag.py
[2026-01-26T13:08:48.312+0000] {logging_mixin.py:188} INFO - [2026-01-26T13:08:48.312+0000] {dag.py:3047} INFO - Sync 1 DAGs
[2026-01-26T13:08:48.408+0000] {logging_mixin.py:188} INFO - [2026-01-26T13:08:48.402+0000] {dag.py:3834} INFO - Setting next_dagrun for master_etl_pipeline to 2026-01-25 02:00:00+00:00, run_after=2026-01-26 02:00:00+00:00
[2026-01-26T13:08:48.461+0000] {processor.py:183} INFO - Processing /opt/airflow/dags/master_pipeline_dag.py took 0.396 seconds
[2026-01-26T13:09:22.035+0000] {processor.py:161} INFO - Started process (PID=179) to work on /opt/airflow/dags/master_pipeline_dag.py
[2026-01-26T13:09:22.041+0000] {processor.py:830} INFO - Processing file /opt/airflow/dags/master_pipeline_dag.py for tasks to queue
[2026-01-26T13:09:22.051+0000] {logging_mixin.py:188} INFO - [2026-01-26T13:09:22.045+0000] {dagbag.py:540} INFO - Filling up the DagBag from /opt/airflow/dags/master_pipeline_dag.py
[2026-01-26T13:09:22.207+0000] {processor.py:840} INFO - DAG(s) 'master_etl_pipeline' retrieved from /opt/airflow/dags/master_pipeline_dag.py
[2026-01-26T13:09:22.375+0000] {logging_mixin.py:188} INFO - [2026-01-26T13:09:22.374+0000] {dag.py:3047} INFO - Sync 1 DAGs
[2026-01-26T13:09:22.493+0000] {logging_mixin.py:188} INFO - [2026-01-26T13:09:22.492+0000] {dag.py:3834} INFO - Setting next_dagrun for master_etl_pipeline to 2026-01-25 02:00:00+00:00, run_after=2026-01-26 02:00:00+00:00
[2026-01-26T13:09:22.668+0000] {processor.py:183} INFO - Processing /opt/airflow/dags/master_pipeline_dag.py took 0.652 seconds
[2026-01-26T13:09:54.120+0000] {processor.py:161} INFO - Started process (PID=181) to work on /opt/airflow/dags/master_pipeline_dag.py
[2026-01-26T13:09:54.122+0000] {processor.py:830} INFO - Processing file /opt/airflow/dags/master_pipeline_dag.py for tasks to queue
[2026-01-26T13:09:54.124+0000] {logging_mixin.py:188} INFO - [2026-01-26T13:09:54.123+0000] {dagbag.py:540} INFO - Filling up the DagBag from /opt/airflow/dags/master_pipeline_dag.py
[2026-01-26T13:09:54.180+0000] {processor.py:840} INFO - DAG(s) 'master_etl_pipeline' retrieved from /opt/airflow/dags/master_pipeline_dag.py
[2026-01-26T13:09:54.243+0000] {logging_mixin.py:188} INFO - [2026-01-26T13:09:54.243+0000] {dag.py:3047} INFO - Sync 1 DAGs
[2026-01-26T13:09:54.315+0000] {logging_mixin.py:188} INFO - [2026-01-26T13:09:54.314+0000] {dag.py:3834} INFO - Setting next_dagrun for master_etl_pipeline to 2026-01-25 02:00:00+00:00, run_after=2026-01-26 02:00:00+00:00
[2026-01-26T13:09:54.354+0000] {processor.py:183} INFO - Processing /opt/airflow/dags/master_pipeline_dag.py took 0.245 seconds
[2026-01-26T13:10:27.888+0000] {processor.py:161} INFO - Started process (PID=183) to work on /opt/airflow/dags/master_pipeline_dag.py
[2026-01-26T13:10:27.890+0000] {processor.py:830} INFO - Processing file /opt/airflow/dags/master_pipeline_dag.py for tasks to queue
[2026-01-26T13:10:27.892+0000] {logging_mixin.py:188} INFO - [2026-01-26T13:10:27.891+0000] {dagbag.py:540} INFO - Filling up the DagBag from /opt/airflow/dags/master_pipeline_dag.py
[2026-01-26T13:10:27.936+0000] {processor.py:840} INFO - DAG(s) 'master_etl_pipeline' retrieved from /opt/airflow/dags/master_pipeline_dag.py
[2026-01-26T13:10:27.993+0000] {logging_mixin.py:188} INFO - [2026-01-26T13:10:27.993+0000] {dag.py:3047} INFO - Sync 1 DAGs
[2026-01-26T13:10:28.056+0000] {logging_mixin.py:188} INFO - [2026-01-26T13:10:28.055+0000] {dag.py:3834} INFO - Setting next_dagrun for master_etl_pipeline to 2026-01-25 02:00:00+00:00, run_after=2026-01-26 02:00:00+00:00
[2026-01-26T13:10:28.106+0000] {processor.py:183} INFO - Processing /opt/airflow/dags/master_pipeline_dag.py took 0.226 seconds
[2026-01-26T13:11:00.922+0000] {processor.py:161} INFO - Started process (PID=185) to work on /opt/airflow/dags/master_pipeline_dag.py
[2026-01-26T13:11:00.924+0000] {processor.py:830} INFO - Processing file /opt/airflow/dags/master_pipeline_dag.py for tasks to queue
[2026-01-26T13:11:00.926+0000] {logging_mixin.py:188} INFO - [2026-01-26T13:11:00.925+0000] {dagbag.py:540} INFO - Filling up the DagBag from /opt/airflow/dags/master_pipeline_dag.py
[2026-01-26T13:11:00.972+0000] {processor.py:840} INFO - DAG(s) 'master_etl_pipeline' retrieved from /opt/airflow/dags/master_pipeline_dag.py
[2026-01-26T13:11:01.033+0000] {logging_mixin.py:188} INFO - [2026-01-26T13:11:01.032+0000] {dag.py:3047} INFO - Sync 1 DAGs
[2026-01-26T13:11:01.182+0000] {logging_mixin.py:188} INFO - [2026-01-26T13:11:01.182+0000] {dag.py:3834} INFO - Setting next_dagrun for master_etl_pipeline to 2026-01-25 02:00:00+00:00, run_after=2026-01-26 02:00:00+00:00
[2026-01-26T13:11:01.328+0000] {processor.py:183} INFO - Processing /opt/airflow/dags/master_pipeline_dag.py took 0.415 seconds
[2026-01-26T13:11:34.546+0000] {processor.py:161} INFO - Started process (PID=187) to work on /opt/airflow/dags/master_pipeline_dag.py
[2026-01-26T13:11:34.549+0000] {processor.py:830} INFO - Processing file /opt/airflow/dags/master_pipeline_dag.py for tasks to queue
[2026-01-26T13:11:34.558+0000] {logging_mixin.py:188} INFO - [2026-01-26T13:11:34.557+0000] {dagbag.py:540} INFO - Filling up the DagBag from /opt/airflow/dags/master_pipeline_dag.py
[2026-01-26T13:11:34.731+0000] {processor.py:840} INFO - DAG(s) 'master_etl_pipeline' retrieved from /opt/airflow/dags/master_pipeline_dag.py
[2026-01-26T13:11:34.863+0000] {logging_mixin.py:188} INFO - [2026-01-26T13:11:34.863+0000] {dag.py:3047} INFO - Sync 1 DAGs
[2026-01-26T13:11:34.978+0000] {logging_mixin.py:188} INFO - [2026-01-26T13:11:34.978+0000] {dag.py:3834} INFO - Setting next_dagrun for master_etl_pipeline to 2026-01-25 02:00:00+00:00, run_after=2026-01-26 02:00:00+00:00
[2026-01-26T13:11:35.064+0000] {processor.py:183} INFO - Processing /opt/airflow/dags/master_pipeline_dag.py took 0.534 seconds
[2026-01-26T13:12:07.638+0000] {processor.py:161} INFO - Started process (PID=189) to work on /opt/airflow/dags/master_pipeline_dag.py
[2026-01-26T13:12:07.640+0000] {processor.py:830} INFO - Processing file /opt/airflow/dags/master_pipeline_dag.py for tasks to queue
[2026-01-26T13:12:07.645+0000] {logging_mixin.py:188} INFO - [2026-01-26T13:12:07.644+0000] {dagbag.py:540} INFO - Filling up the DagBag from /opt/airflow/dags/master_pipeline_dag.py
[2026-01-26T13:12:07.711+0000] {processor.py:840} INFO - DAG(s) 'master_etl_pipeline' retrieved from /opt/airflow/dags/master_pipeline_dag.py
[2026-01-26T13:12:07.793+0000] {logging_mixin.py:188} INFO - [2026-01-26T13:12:07.791+0000] {dag.py:3047} INFO - Sync 1 DAGs
[2026-01-26T13:12:07.908+0000] {logging_mixin.py:188} INFO - [2026-01-26T13:12:07.908+0000] {dag.py:3834} INFO - Setting next_dagrun for master_etl_pipeline to 2026-01-25 02:00:00+00:00, run_after=2026-01-26 02:00:00+00:00
[2026-01-26T13:12:07.981+0000] {processor.py:183} INFO - Processing /opt/airflow/dags/master_pipeline_dag.py took 0.351 seconds
[2026-01-26T13:12:41.183+0000] {processor.py:161} INFO - Started process (PID=191) to work on /opt/airflow/dags/master_pipeline_dag.py
[2026-01-26T13:12:41.191+0000] {processor.py:830} INFO - Processing file /opt/airflow/dags/master_pipeline_dag.py for tasks to queue
[2026-01-26T13:12:41.195+0000] {logging_mixin.py:188} INFO - [2026-01-26T13:12:41.194+0000] {dagbag.py:540} INFO - Filling up the DagBag from /opt/airflow/dags/master_pipeline_dag.py
[2026-01-26T13:12:41.278+0000] {processor.py:840} INFO - DAG(s) 'master_etl_pipeline' retrieved from /opt/airflow/dags/master_pipeline_dag.py
[2026-01-26T13:12:41.335+0000] {logging_mixin.py:188} INFO - [2026-01-26T13:12:41.335+0000] {dag.py:3047} INFO - Sync 1 DAGs
[2026-01-26T13:12:41.391+0000] {logging_mixin.py:188} INFO - [2026-01-26T13:12:41.391+0000] {dag.py:3834} INFO - Setting next_dagrun for master_etl_pipeline to 2026-01-25 02:00:00+00:00, run_after=2026-01-26 02:00:00+00:00
[2026-01-26T13:12:41.433+0000] {processor.py:183} INFO - Processing /opt/airflow/dags/master_pipeline_dag.py took 0.268 seconds
[2026-01-26T13:13:14.477+0000] {processor.py:161} INFO - Started process (PID=193) to work on /opt/airflow/dags/master_pipeline_dag.py
[2026-01-26T13:13:14.480+0000] {processor.py:830} INFO - Processing file /opt/airflow/dags/master_pipeline_dag.py for tasks to queue
[2026-01-26T13:13:14.486+0000] {logging_mixin.py:188} INFO - [2026-01-26T13:13:14.485+0000] {dagbag.py:540} INFO - Filling up the DagBag from /opt/airflow/dags/master_pipeline_dag.py
[2026-01-26T13:13:14.801+0000] {processor.py:840} INFO - DAG(s) 'master_etl_pipeline' retrieved from /opt/airflow/dags/master_pipeline_dag.py
[2026-01-26T13:13:14.898+0000] {logging_mixin.py:188} INFO - [2026-01-26T13:13:14.898+0000] {dag.py:3047} INFO - Sync 1 DAGs
[2026-01-26T13:13:15.042+0000] {logging_mixin.py:188} INFO - [2026-01-26T13:13:15.041+0000] {dag.py:3834} INFO - Setting next_dagrun for master_etl_pipeline to 2026-01-25 02:00:00+00:00, run_after=2026-01-26 02:00:00+00:00
[2026-01-26T13:13:15.172+0000] {processor.py:183} INFO - Processing /opt/airflow/dags/master_pipeline_dag.py took 0.704 seconds
[2026-01-26T13:13:47.647+0000] {processor.py:161} INFO - Started process (PID=195) to work on /opt/airflow/dags/master_pipeline_dag.py
[2026-01-26T13:13:47.649+0000] {processor.py:830} INFO - Processing file /opt/airflow/dags/master_pipeline_dag.py for tasks to queue
[2026-01-26T13:13:47.652+0000] {logging_mixin.py:188} INFO - [2026-01-26T13:13:47.651+0000] {dagbag.py:540} INFO - Filling up the DagBag from /opt/airflow/dags/master_pipeline_dag.py
[2026-01-26T13:13:47.699+0000] {processor.py:840} INFO - DAG(s) 'master_etl_pipeline' retrieved from /opt/airflow/dags/master_pipeline_dag.py
[2026-01-26T13:13:47.768+0000] {logging_mixin.py:188} INFO - [2026-01-26T13:13:47.768+0000] {dag.py:3047} INFO - Sync 1 DAGs
[2026-01-26T13:13:47.875+0000] {logging_mixin.py:188} INFO - [2026-01-26T13:13:47.874+0000] {dag.py:3834} INFO - Setting next_dagrun for master_etl_pipeline to 2026-01-25 02:00:00+00:00, run_after=2026-01-26 02:00:00+00:00
[2026-01-26T13:13:47.953+0000] {processor.py:183} INFO - Processing /opt/airflow/dags/master_pipeline_dag.py took 0.317 seconds
[2026-01-26T13:14:21.145+0000] {processor.py:161} INFO - Started process (PID=197) to work on /opt/airflow/dags/master_pipeline_dag.py
[2026-01-26T13:14:21.147+0000] {processor.py:830} INFO - Processing file /opt/airflow/dags/master_pipeline_dag.py for tasks to queue
[2026-01-26T13:14:21.150+0000] {logging_mixin.py:188} INFO - [2026-01-26T13:14:21.149+0000] {dagbag.py:540} INFO - Filling up the DagBag from /opt/airflow/dags/master_pipeline_dag.py
[2026-01-26T13:14:21.195+0000] {processor.py:840} INFO - DAG(s) 'master_etl_pipeline' retrieved from /opt/airflow/dags/master_pipeline_dag.py
[2026-01-26T13:14:21.242+0000] {logging_mixin.py:188} INFO - [2026-01-26T13:14:21.242+0000] {dag.py:3047} INFO - Sync 1 DAGs
[2026-01-26T13:14:21.306+0000] {logging_mixin.py:188} INFO - [2026-01-26T13:14:21.306+0000] {dag.py:3834} INFO - Setting next_dagrun for master_etl_pipeline to 2026-01-25 02:00:00+00:00, run_after=2026-01-26 02:00:00+00:00
[2026-01-26T13:14:21.378+0000] {processor.py:183} INFO - Processing /opt/airflow/dags/master_pipeline_dag.py took 0.245 seconds
[2026-01-26T13:14:54.597+0000] {processor.py:161} INFO - Started process (PID=199) to work on /opt/airflow/dags/master_pipeline_dag.py
[2026-01-26T13:14:54.600+0000] {processor.py:830} INFO - Processing file /opt/airflow/dags/master_pipeline_dag.py for tasks to queue
[2026-01-26T13:14:54.602+0000] {logging_mixin.py:188} INFO - [2026-01-26T13:14:54.601+0000] {dagbag.py:540} INFO - Filling up the DagBag from /opt/airflow/dags/master_pipeline_dag.py
[2026-01-26T13:14:54.644+0000] {processor.py:840} INFO - DAG(s) 'master_etl_pipeline' retrieved from /opt/airflow/dags/master_pipeline_dag.py
[2026-01-26T13:14:54.690+0000] {logging_mixin.py:188} INFO - [2026-01-26T13:14:54.689+0000] {dag.py:3047} INFO - Sync 1 DAGs
[2026-01-26T13:14:54.746+0000] {logging_mixin.py:188} INFO - [2026-01-26T13:14:54.746+0000] {dag.py:3834} INFO - Setting next_dagrun for master_etl_pipeline to 2026-01-25 02:00:00+00:00, run_after=2026-01-26 02:00:00+00:00
[2026-01-26T13:14:54.782+0000] {processor.py:183} INFO - Processing /opt/airflow/dags/master_pipeline_dag.py took 0.192 seconds
[2026-01-26T13:15:27.721+0000] {processor.py:161} INFO - Started process (PID=201) to work on /opt/airflow/dags/master_pipeline_dag.py
[2026-01-26T13:15:27.723+0000] {processor.py:830} INFO - Processing file /opt/airflow/dags/master_pipeline_dag.py for tasks to queue
[2026-01-26T13:15:27.725+0000] {logging_mixin.py:188} INFO - [2026-01-26T13:15:27.724+0000] {dagbag.py:540} INFO - Filling up the DagBag from /opt/airflow/dags/master_pipeline_dag.py
[2026-01-26T13:15:27.764+0000] {processor.py:840} INFO - DAG(s) 'master_etl_pipeline' retrieved from /opt/airflow/dags/master_pipeline_dag.py
[2026-01-26T13:15:27.823+0000] {logging_mixin.py:188} INFO - [2026-01-26T13:15:27.822+0000] {dag.py:3047} INFO - Sync 1 DAGs
[2026-01-26T13:15:27.874+0000] {logging_mixin.py:188} INFO - [2026-01-26T13:15:27.874+0000] {dag.py:3834} INFO - Setting next_dagrun for master_etl_pipeline to 2026-01-25 02:00:00+00:00, run_after=2026-01-26 02:00:00+00:00
[2026-01-26T13:15:27.904+0000] {processor.py:183} INFO - Processing /opt/airflow/dags/master_pipeline_dag.py took 0.191 seconds
[2026-01-26T13:16:00.907+0000] {processor.py:161} INFO - Started process (PID=203) to work on /opt/airflow/dags/master_pipeline_dag.py
[2026-01-26T13:16:00.915+0000] {processor.py:830} INFO - Processing file /opt/airflow/dags/master_pipeline_dag.py for tasks to queue
[2026-01-26T13:16:00.924+0000] {logging_mixin.py:188} INFO - [2026-01-26T13:16:00.921+0000] {dagbag.py:540} INFO - Filling up the DagBag from /opt/airflow/dags/master_pipeline_dag.py
[2026-01-26T13:16:01.010+0000] {processor.py:840} INFO - DAG(s) 'master_etl_pipeline' retrieved from /opt/airflow/dags/master_pipeline_dag.py
[2026-01-26T13:16:01.078+0000] {logging_mixin.py:188} INFO - [2026-01-26T13:16:01.077+0000] {dag.py:3047} INFO - Sync 1 DAGs
[2026-01-26T13:16:01.123+0000] {logging_mixin.py:188} INFO - [2026-01-26T13:16:01.122+0000] {dag.py:3834} INFO - Setting next_dagrun for master_etl_pipeline to 2026-01-25 02:00:00+00:00, run_after=2026-01-26 02:00:00+00:00
[2026-01-26T13:16:01.153+0000] {processor.py:183} INFO - Processing /opt/airflow/dags/master_pipeline_dag.py took 0.275 seconds
[2026-01-26T13:16:34.265+0000] {processor.py:161} INFO - Started process (PID=205) to work on /opt/airflow/dags/master_pipeline_dag.py
[2026-01-26T13:16:34.269+0000] {processor.py:830} INFO - Processing file /opt/airflow/dags/master_pipeline_dag.py for tasks to queue
[2026-01-26T13:16:34.272+0000] {logging_mixin.py:188} INFO - [2026-01-26T13:16:34.271+0000] {dagbag.py:540} INFO - Filling up the DagBag from /opt/airflow/dags/master_pipeline_dag.py
[2026-01-26T13:16:34.321+0000] {processor.py:840} INFO - DAG(s) 'master_etl_pipeline' retrieved from /opt/airflow/dags/master_pipeline_dag.py
[2026-01-26T13:16:34.384+0000] {logging_mixin.py:188} INFO - [2026-01-26T13:16:34.383+0000] {dag.py:3047} INFO - Sync 1 DAGs
[2026-01-26T13:16:34.434+0000] {logging_mixin.py:188} INFO - [2026-01-26T13:16:34.434+0000] {dag.py:3834} INFO - Setting next_dagrun for master_etl_pipeline to 2026-01-25 02:00:00+00:00, run_after=2026-01-26 02:00:00+00:00
[2026-01-26T13:16:34.476+0000] {processor.py:183} INFO - Processing /opt/airflow/dags/master_pipeline_dag.py took 0.219 seconds
[2026-01-26T13:17:07.454+0000] {processor.py:161} INFO - Started process (PID=207) to work on /opt/airflow/dags/master_pipeline_dag.py
[2026-01-26T13:17:07.457+0000] {processor.py:830} INFO - Processing file /opt/airflow/dags/master_pipeline_dag.py for tasks to queue
[2026-01-26T13:17:07.460+0000] {logging_mixin.py:188} INFO - [2026-01-26T13:17:07.459+0000] {dagbag.py:540} INFO - Filling up the DagBag from /opt/airflow/dags/master_pipeline_dag.py
[2026-01-26T13:17:07.505+0000] {processor.py:840} INFO - DAG(s) 'master_etl_pipeline' retrieved from /opt/airflow/dags/master_pipeline_dag.py
[2026-01-26T13:17:07.558+0000] {logging_mixin.py:188} INFO - [2026-01-26T13:17:07.558+0000] {dag.py:3047} INFO - Sync 1 DAGs
[2026-01-26T13:17:07.612+0000] {logging_mixin.py:188} INFO - [2026-01-26T13:17:07.611+0000] {dag.py:3834} INFO - Setting next_dagrun for master_etl_pipeline to 2026-01-25 02:00:00+00:00, run_after=2026-01-26 02:00:00+00:00
[2026-01-26T13:17:07.647+0000] {processor.py:183} INFO - Processing /opt/airflow/dags/master_pipeline_dag.py took 0.201 seconds
[2026-01-26T13:17:38.279+0000] {processor.py:161} INFO - Started process (PID=209) to work on /opt/airflow/dags/master_pipeline_dag.py
[2026-01-26T13:17:38.288+0000] {processor.py:830} INFO - Processing file /opt/airflow/dags/master_pipeline_dag.py for tasks to queue
[2026-01-26T13:17:38.292+0000] {logging_mixin.py:188} INFO - [2026-01-26T13:17:38.291+0000] {dagbag.py:540} INFO - Filling up the DagBag from /opt/airflow/dags/master_pipeline_dag.py
[2026-01-26T13:17:38.369+0000] {processor.py:840} INFO - DAG(s) 'master_etl_pipeline' retrieved from /opt/airflow/dags/master_pipeline_dag.py
[2026-01-26T13:17:38.449+0000] {logging_mixin.py:188} INFO - [2026-01-26T13:17:38.449+0000] {dag.py:3047} INFO - Sync 1 DAGs
[2026-01-26T13:17:38.510+0000] {logging_mixin.py:188} INFO - [2026-01-26T13:17:38.510+0000] {dag.py:3834} INFO - Setting next_dagrun for master_etl_pipeline to 2026-01-25 02:00:00+00:00, run_after=2026-01-26 02:00:00+00:00
[2026-01-26T13:17:38.563+0000] {processor.py:183} INFO - Processing /opt/airflow/dags/master_pipeline_dag.py took 0.298 seconds
[2026-01-26T13:18:08.866+0000] {processor.py:161} INFO - Started process (PID=211) to work on /opt/airflow/dags/master_pipeline_dag.py
[2026-01-26T13:18:08.869+0000] {processor.py:830} INFO - Processing file /opt/airflow/dags/master_pipeline_dag.py for tasks to queue
[2026-01-26T13:18:08.873+0000] {logging_mixin.py:188} INFO - [2026-01-26T13:18:08.871+0000] {dagbag.py:540} INFO - Filling up the DagBag from /opt/airflow/dags/master_pipeline_dag.py
[2026-01-26T13:18:08.938+0000] {processor.py:840} INFO - DAG(s) 'master_etl_pipeline' retrieved from /opt/airflow/dags/master_pipeline_dag.py
[2026-01-26T13:18:08.998+0000] {logging_mixin.py:188} INFO - [2026-01-26T13:18:08.997+0000] {dag.py:3047} INFO - Sync 1 DAGs
[2026-01-26T13:18:09.069+0000] {logging_mixin.py:188} INFO - [2026-01-26T13:18:09.068+0000] {dag.py:3834} INFO - Setting next_dagrun for master_etl_pipeline to 2026-01-25 02:00:00+00:00, run_after=2026-01-26 02:00:00+00:00
[2026-01-26T13:18:09.106+0000] {processor.py:183} INFO - Processing /opt/airflow/dags/master_pipeline_dag.py took 0.257 seconds
[2026-01-26T13:18:39.555+0000] {processor.py:161} INFO - Started process (PID=213) to work on /opt/airflow/dags/master_pipeline_dag.py
[2026-01-26T13:18:39.566+0000] {processor.py:830} INFO - Processing file /opt/airflow/dags/master_pipeline_dag.py for tasks to queue
[2026-01-26T13:18:39.568+0000] {logging_mixin.py:188} INFO - [2026-01-26T13:18:39.568+0000] {dagbag.py:540} INFO - Filling up the DagBag from /opt/airflow/dags/master_pipeline_dag.py
[2026-01-26T13:18:39.624+0000] {processor.py:840} INFO - DAG(s) 'master_etl_pipeline' retrieved from /opt/airflow/dags/master_pipeline_dag.py
[2026-01-26T13:18:39.895+0000] {logging_mixin.py:188} INFO - [2026-01-26T13:18:39.894+0000] {dag.py:3047} INFO - Sync 1 DAGs
[2026-01-26T13:18:40.138+0000] {logging_mixin.py:188} INFO - [2026-01-26T13:18:40.138+0000] {dag.py:3834} INFO - Setting next_dagrun for master_etl_pipeline to 2026-01-25 02:00:00+00:00, run_after=2026-01-26 02:00:00+00:00
[2026-01-26T13:18:40.217+0000] {processor.py:183} INFO - Processing /opt/airflow/dags/master_pipeline_dag.py took 0.693 seconds
[2026-01-26T13:19:10.843+0000] {processor.py:161} INFO - Started process (PID=215) to work on /opt/airflow/dags/master_pipeline_dag.py
[2026-01-26T13:19:10.845+0000] {processor.py:830} INFO - Processing file /opt/airflow/dags/master_pipeline_dag.py for tasks to queue
[2026-01-26T13:19:10.849+0000] {logging_mixin.py:188} INFO - [2026-01-26T13:19:10.847+0000] {dagbag.py:540} INFO - Filling up the DagBag from /opt/airflow/dags/master_pipeline_dag.py
[2026-01-26T13:19:10.902+0000] {processor.py:840} INFO - DAG(s) 'master_etl_pipeline' retrieved from /opt/airflow/dags/master_pipeline_dag.py
[2026-01-26T13:19:10.954+0000] {logging_mixin.py:188} INFO - [2026-01-26T13:19:10.953+0000] {dag.py:3047} INFO - Sync 1 DAGs
[2026-01-26T13:19:10.986+0000] {logging_mixin.py:188} INFO - [2026-01-26T13:19:10.986+0000] {dag.py:3834} INFO - Setting next_dagrun for master_etl_pipeline to 2026-01-25 02:00:00+00:00, run_after=2026-01-26 02:00:00+00:00
[2026-01-26T13:19:11.010+0000] {processor.py:183} INFO - Processing /opt/airflow/dags/master_pipeline_dag.py took 0.176 seconds
