[2026-01-23T17:55:34.682+0000] {processor.py:161} INFO - Started process (PID=60) to work on /opt/airflow/dags/enterprise_etl_dag.py
[2026-01-23T17:55:34.708+0000] {processor.py:830} INFO - Processing file /opt/airflow/dags/enterprise_etl_dag.py for tasks to queue
[2026-01-23T17:55:34.725+0000] {logging_mixin.py:188} INFO - [2026-01-23T17:55:34.719+0000] {dagbag.py:540} INFO - Filling up the DagBag from /opt/airflow/dags/enterprise_etl_dag.py
[2026-01-23T17:55:34.851+0000] {processor.py:840} INFO - DAG(s) 'enterprise_etl_pipeline' retrieved from /opt/airflow/dags/enterprise_etl_dag.py
[2026-01-23T17:55:35.603+0000] {logging_mixin.py:188} INFO - [2026-01-23T17:55:35.601+0000] {override.py:1769} INFO - Created Permission View: can edit on DAG:enterprise_etl_pipeline
[2026-01-23T17:55:35.630+0000] {logging_mixin.py:188} INFO - [2026-01-23T17:55:35.629+0000] {override.py:1769} INFO - Created Permission View: can read on DAG:enterprise_etl_pipeline
[2026-01-23T17:55:35.651+0000] {logging_mixin.py:188} INFO - [2026-01-23T17:55:35.649+0000] {override.py:1769} INFO - Created Permission View: can delete on DAG:enterprise_etl_pipeline
[2026-01-23T17:55:35.653+0000] {logging_mixin.py:188} INFO - [2026-01-23T17:55:35.653+0000] {dag.py:3047} INFO - Sync 1 DAGs
[2026-01-23T17:55:35.699+0000] {logging_mixin.py:188} INFO - [2026-01-23T17:55:35.699+0000] {dag.py:3069} INFO - Creating ORM DAG for enterprise_etl_pipeline
[2026-01-23T17:55:35.705+0000] {logging_mixin.py:188} INFO - [2026-01-23T17:55:35.704+0000] {dag.py:3834} INFO - Setting next_dagrun for enterprise_etl_pipeline to None, run_after=None
[2026-01-23T17:55:35.765+0000] {processor.py:183} INFO - Processing /opt/airflow/dags/enterprise_etl_dag.py took 1.142 seconds
[2026-01-23T17:56:56.381+0000] {processor.py:161} INFO - Started process (PID=39) to work on /opt/airflow/dags/enterprise_etl_dag.py
[2026-01-23T17:56:56.397+0000] {processor.py:830} INFO - Processing file /opt/airflow/dags/enterprise_etl_dag.py for tasks to queue
[2026-01-23T17:56:56.402+0000] {logging_mixin.py:188} INFO - [2026-01-23T17:56:56.399+0000] {dagbag.py:540} INFO - Filling up the DagBag from /opt/airflow/dags/enterprise_etl_dag.py
[2026-01-23T17:56:56.483+0000] {processor.py:840} INFO - DAG(s) 'enterprise_etl_pipeline' retrieved from /opt/airflow/dags/enterprise_etl_dag.py
[2026-01-23T17:56:56.547+0000] {logging_mixin.py:188} INFO - [2026-01-23T17:56:56.547+0000] {dag.py:3047} INFO - Sync 1 DAGs
[2026-01-23T17:56:56.609+0000] {logging_mixin.py:188} INFO - [2026-01-23T17:56:56.608+0000] {dag.py:3834} INFO - Setting next_dagrun for enterprise_etl_pipeline to None, run_after=None
[2026-01-23T17:56:56.698+0000] {processor.py:183} INFO - Processing /opt/airflow/dags/enterprise_etl_dag.py took 0.357 seconds
[2026-01-23T17:57:26.969+0000] {processor.py:161} INFO - Started process (PID=60) to work on /opt/airflow/dags/enterprise_etl_dag.py
[2026-01-23T17:57:26.972+0000] {processor.py:830} INFO - Processing file /opt/airflow/dags/enterprise_etl_dag.py for tasks to queue
[2026-01-23T17:57:26.974+0000] {logging_mixin.py:188} INFO - [2026-01-23T17:57:26.974+0000] {dagbag.py:540} INFO - Filling up the DagBag from /opt/airflow/dags/enterprise_etl_dag.py
[2026-01-23T17:57:27.008+0000] {processor.py:840} INFO - DAG(s) 'enterprise_etl_pipeline' retrieved from /opt/airflow/dags/enterprise_etl_dag.py
[2026-01-23T17:57:27.219+0000] {logging_mixin.py:188} INFO - [2026-01-23T17:57:27.219+0000] {dag.py:3047} INFO - Sync 1 DAGs
[2026-01-23T17:57:27.242+0000] {logging_mixin.py:188} INFO - [2026-01-23T17:57:27.241+0000] {dag.py:3834} INFO - Setting next_dagrun for enterprise_etl_pipeline to None, run_after=None
[2026-01-23T17:57:27.281+0000] {processor.py:183} INFO - Processing /opt/airflow/dags/enterprise_etl_dag.py took 0.321 seconds
[2026-01-23T17:57:57.864+0000] {processor.py:161} INFO - Started process (PID=67) to work on /opt/airflow/dags/enterprise_etl_dag.py
[2026-01-23T17:57:57.868+0000] {processor.py:830} INFO - Processing file /opt/airflow/dags/enterprise_etl_dag.py for tasks to queue
[2026-01-23T17:57:57.870+0000] {logging_mixin.py:188} INFO - [2026-01-23T17:57:57.870+0000] {dagbag.py:540} INFO - Filling up the DagBag from /opt/airflow/dags/enterprise_etl_dag.py
[2026-01-23T17:57:57.904+0000] {processor.py:840} INFO - DAG(s) 'enterprise_etl_pipeline' retrieved from /opt/airflow/dags/enterprise_etl_dag.py
[2026-01-23T17:57:57.955+0000] {logging_mixin.py:188} INFO - [2026-01-23T17:57:57.955+0000] {dag.py:3047} INFO - Sync 1 DAGs
[2026-01-23T17:57:57.978+0000] {logging_mixin.py:188} INFO - [2026-01-23T17:57:57.978+0000] {dag.py:3834} INFO - Setting next_dagrun for enterprise_etl_pipeline to None, run_after=None
[2026-01-23T17:57:58.045+0000] {processor.py:183} INFO - Processing /opt/airflow/dags/enterprise_etl_dag.py took 0.198 seconds
[2026-01-23T17:58:28.467+0000] {processor.py:161} INFO - Started process (PID=68) to work on /opt/airflow/dags/enterprise_etl_dag.py
[2026-01-23T17:58:28.481+0000] {processor.py:830} INFO - Processing file /opt/airflow/dags/enterprise_etl_dag.py for tasks to queue
[2026-01-23T17:58:28.498+0000] {logging_mixin.py:188} INFO - [2026-01-23T17:58:28.497+0000] {dagbag.py:540} INFO - Filling up the DagBag from /opt/airflow/dags/enterprise_etl_dag.py
[2026-01-23T17:58:28.723+0000] {processor.py:840} INFO - DAG(s) 'enterprise_etl_pipeline' retrieved from /opt/airflow/dags/enterprise_etl_dag.py
[2026-01-23T17:58:28.836+0000] {logging_mixin.py:188} INFO - [2026-01-23T17:58:28.835+0000] {dag.py:3047} INFO - Sync 1 DAGs
[2026-01-23T17:58:28.876+0000] {logging_mixin.py:188} INFO - [2026-01-23T17:58:28.875+0000] {dag.py:3834} INFO - Setting next_dagrun for enterprise_etl_pipeline to None, run_after=None
[2026-01-23T17:58:28.930+0000] {processor.py:183} INFO - Processing /opt/airflow/dags/enterprise_etl_dag.py took 0.496 seconds
[2026-01-23T17:58:58.996+0000] {processor.py:161} INFO - Started process (PID=69) to work on /opt/airflow/dags/enterprise_etl_dag.py
[2026-01-23T17:58:58.999+0000] {processor.py:830} INFO - Processing file /opt/airflow/dags/enterprise_etl_dag.py for tasks to queue
[2026-01-23T17:58:59.000+0000] {logging_mixin.py:188} INFO - [2026-01-23T17:58:59.000+0000] {dagbag.py:540} INFO - Filling up the DagBag from /opt/airflow/dags/enterprise_etl_dag.py
[2026-01-23T17:58:59.029+0000] {processor.py:840} INFO - DAG(s) 'enterprise_etl_pipeline' retrieved from /opt/airflow/dags/enterprise_etl_dag.py
[2026-01-23T17:58:59.081+0000] {logging_mixin.py:188} INFO - [2026-01-23T17:58:59.080+0000] {dag.py:3047} INFO - Sync 1 DAGs
[2026-01-23T17:58:59.100+0000] {logging_mixin.py:188} INFO - [2026-01-23T17:58:59.099+0000] {dag.py:3834} INFO - Setting next_dagrun for enterprise_etl_pipeline to None, run_after=None
[2026-01-23T17:58:59.140+0000] {processor.py:183} INFO - Processing /opt/airflow/dags/enterprise_etl_dag.py took 0.151 seconds
[2026-01-23T17:59:29.288+0000] {processor.py:161} INFO - Started process (PID=70) to work on /opt/airflow/dags/enterprise_etl_dag.py
[2026-01-23T17:59:29.290+0000] {processor.py:830} INFO - Processing file /opt/airflow/dags/enterprise_etl_dag.py for tasks to queue
[2026-01-23T17:59:29.292+0000] {logging_mixin.py:188} INFO - [2026-01-23T17:59:29.291+0000] {dagbag.py:540} INFO - Filling up the DagBag from /opt/airflow/dags/enterprise_etl_dag.py
[2026-01-23T17:59:29.321+0000] {processor.py:840} INFO - DAG(s) 'enterprise_etl_pipeline' retrieved from /opt/airflow/dags/enterprise_etl_dag.py
[2026-01-23T17:59:29.362+0000] {logging_mixin.py:188} INFO - [2026-01-23T17:59:29.361+0000] {dag.py:3047} INFO - Sync 1 DAGs
[2026-01-23T17:59:29.383+0000] {logging_mixin.py:188} INFO - [2026-01-23T17:59:29.383+0000] {dag.py:3834} INFO - Setting next_dagrun for enterprise_etl_pipeline to None, run_after=None
[2026-01-23T17:59:29.414+0000] {processor.py:183} INFO - Processing /opt/airflow/dags/enterprise_etl_dag.py took 0.135 seconds
[2026-01-23T17:59:59.840+0000] {processor.py:161} INFO - Started process (PID=71) to work on /opt/airflow/dags/enterprise_etl_dag.py
[2026-01-23T17:59:59.846+0000] {processor.py:830} INFO - Processing file /opt/airflow/dags/enterprise_etl_dag.py for tasks to queue
[2026-01-23T17:59:59.850+0000] {logging_mixin.py:188} INFO - [2026-01-23T17:59:59.849+0000] {dagbag.py:540} INFO - Filling up the DagBag from /opt/airflow/dags/enterprise_etl_dag.py
[2026-01-23T17:59:59.928+0000] {processor.py:840} INFO - DAG(s) 'enterprise_etl_pipeline' retrieved from /opt/airflow/dags/enterprise_etl_dag.py
[2026-01-23T17:59:59.982+0000] {logging_mixin.py:188} INFO - [2026-01-23T17:59:59.982+0000] {dag.py:3047} INFO - Sync 1 DAGs
[2026-01-23T18:00:00.010+0000] {logging_mixin.py:188} INFO - [2026-01-23T18:00:00.010+0000] {dag.py:3834} INFO - Setting next_dagrun for enterprise_etl_pipeline to None, run_after=None
[2026-01-23T18:00:00.044+0000] {processor.py:183} INFO - Processing /opt/airflow/dags/enterprise_etl_dag.py took 0.219 seconds
[2026-01-23T18:00:30.479+0000] {processor.py:161} INFO - Started process (PID=72) to work on /opt/airflow/dags/enterprise_etl_dag.py
[2026-01-23T18:00:30.482+0000] {processor.py:830} INFO - Processing file /opt/airflow/dags/enterprise_etl_dag.py for tasks to queue
[2026-01-23T18:00:30.484+0000] {logging_mixin.py:188} INFO - [2026-01-23T18:00:30.483+0000] {dagbag.py:540} INFO - Filling up the DagBag from /opt/airflow/dags/enterprise_etl_dag.py
[2026-01-23T18:00:30.516+0000] {processor.py:840} INFO - DAG(s) 'enterprise_etl_pipeline' retrieved from /opt/airflow/dags/enterprise_etl_dag.py
[2026-01-23T18:00:30.561+0000] {logging_mixin.py:188} INFO - [2026-01-23T18:00:30.560+0000] {dag.py:3047} INFO - Sync 1 DAGs
[2026-01-23T18:00:30.579+0000] {logging_mixin.py:188} INFO - [2026-01-23T18:00:30.579+0000] {dag.py:3834} INFO - Setting next_dagrun for enterprise_etl_pipeline to None, run_after=None
[2026-01-23T18:00:30.612+0000] {processor.py:183} INFO - Processing /opt/airflow/dags/enterprise_etl_dag.py took 0.140 seconds
[2026-01-23T18:01:01.035+0000] {processor.py:161} INFO - Started process (PID=73) to work on /opt/airflow/dags/enterprise_etl_dag.py
[2026-01-23T18:01:01.040+0000] {processor.py:830} INFO - Processing file /opt/airflow/dags/enterprise_etl_dag.py for tasks to queue
[2026-01-23T18:01:01.044+0000] {logging_mixin.py:188} INFO - [2026-01-23T18:01:01.043+0000] {dagbag.py:540} INFO - Filling up the DagBag from /opt/airflow/dags/enterprise_etl_dag.py
[2026-01-23T18:01:01.111+0000] {processor.py:840} INFO - DAG(s) 'enterprise_etl_pipeline' retrieved from /opt/airflow/dags/enterprise_etl_dag.py
[2026-01-23T18:01:01.199+0000] {logging_mixin.py:188} INFO - [2026-01-23T18:01:01.199+0000] {dag.py:3047} INFO - Sync 1 DAGs
[2026-01-23T18:01:01.222+0000] {logging_mixin.py:188} INFO - [2026-01-23T18:01:01.222+0000] {dag.py:3834} INFO - Setting next_dagrun for enterprise_etl_pipeline to None, run_after=None
[2026-01-23T18:01:01.255+0000] {processor.py:183} INFO - Processing /opt/airflow/dags/enterprise_etl_dag.py took 0.231 seconds
[2026-01-23T18:01:31.533+0000] {processor.py:161} INFO - Started process (PID=74) to work on /opt/airflow/dags/enterprise_etl_dag.py
[2026-01-23T18:01:31.538+0000] {processor.py:830} INFO - Processing file /opt/airflow/dags/enterprise_etl_dag.py for tasks to queue
[2026-01-23T18:01:31.545+0000] {logging_mixin.py:188} INFO - [2026-01-23T18:01:31.541+0000] {dagbag.py:540} INFO - Filling up the DagBag from /opt/airflow/dags/enterprise_etl_dag.py
[2026-01-23T18:01:31.656+0000] {processor.py:840} INFO - DAG(s) 'enterprise_etl_pipeline' retrieved from /opt/airflow/dags/enterprise_etl_dag.py
[2026-01-23T18:01:31.708+0000] {logging_mixin.py:188} INFO - [2026-01-23T18:01:31.708+0000] {dag.py:3047} INFO - Sync 1 DAGs
[2026-01-23T18:01:31.729+0000] {logging_mixin.py:188} INFO - [2026-01-23T18:01:31.728+0000] {dag.py:3834} INFO - Setting next_dagrun for enterprise_etl_pipeline to None, run_after=None
[2026-01-23T18:01:31.780+0000] {processor.py:183} INFO - Processing /opt/airflow/dags/enterprise_etl_dag.py took 0.263 seconds
[2026-01-23T18:02:02.425+0000] {processor.py:161} INFO - Started process (PID=75) to work on /opt/airflow/dags/enterprise_etl_dag.py
[2026-01-23T18:02:02.427+0000] {processor.py:830} INFO - Processing file /opt/airflow/dags/enterprise_etl_dag.py for tasks to queue
[2026-01-23T18:02:02.429+0000] {logging_mixin.py:188} INFO - [2026-01-23T18:02:02.428+0000] {dagbag.py:540} INFO - Filling up the DagBag from /opt/airflow/dags/enterprise_etl_dag.py
[2026-01-23T18:02:02.467+0000] {processor.py:840} INFO - DAG(s) 'enterprise_etl_pipeline' retrieved from /opt/airflow/dags/enterprise_etl_dag.py
[2026-01-23T18:02:02.524+0000] {logging_mixin.py:188} INFO - [2026-01-23T18:02:02.524+0000] {dag.py:3047} INFO - Sync 1 DAGs
[2026-01-23T18:02:02.546+0000] {logging_mixin.py:188} INFO - [2026-01-23T18:02:02.545+0000] {dag.py:3834} INFO - Setting next_dagrun for enterprise_etl_pipeline to None, run_after=None
[2026-01-23T18:02:02.591+0000] {processor.py:183} INFO - Processing /opt/airflow/dags/enterprise_etl_dag.py took 0.175 seconds
[2026-01-23T18:02:33.047+0000] {processor.py:161} INFO - Started process (PID=76) to work on /opt/airflow/dags/enterprise_etl_dag.py
[2026-01-23T18:02:33.056+0000] {processor.py:830} INFO - Processing file /opt/airflow/dags/enterprise_etl_dag.py for tasks to queue
[2026-01-23T18:02:33.063+0000] {logging_mixin.py:188} INFO - [2026-01-23T18:02:33.061+0000] {dagbag.py:540} INFO - Filling up the DagBag from /opt/airflow/dags/enterprise_etl_dag.py
[2026-01-23T18:02:33.186+0000] {processor.py:840} INFO - DAG(s) 'enterprise_etl_pipeline' retrieved from /opt/airflow/dags/enterprise_etl_dag.py
[2026-01-23T18:02:33.352+0000] {logging_mixin.py:188} INFO - [2026-01-23T18:02:33.351+0000] {dag.py:3047} INFO - Sync 1 DAGs
[2026-01-23T18:02:33.409+0000] {logging_mixin.py:188} INFO - [2026-01-23T18:02:33.409+0000] {dag.py:3834} INFO - Setting next_dagrun for enterprise_etl_pipeline to None, run_after=None
[2026-01-23T18:02:33.503+0000] {processor.py:183} INFO - Processing /opt/airflow/dags/enterprise_etl_dag.py took 0.505 seconds
[2026-01-23T18:03:03.879+0000] {processor.py:161} INFO - Started process (PID=77) to work on /opt/airflow/dags/enterprise_etl_dag.py
[2026-01-23T18:03:03.885+0000] {processor.py:830} INFO - Processing file /opt/airflow/dags/enterprise_etl_dag.py for tasks to queue
[2026-01-23T18:03:03.888+0000] {logging_mixin.py:188} INFO - [2026-01-23T18:03:03.887+0000] {dagbag.py:540} INFO - Filling up the DagBag from /opt/airflow/dags/enterprise_etl_dag.py
[2026-01-23T18:03:03.924+0000] {processor.py:840} INFO - DAG(s) 'enterprise_etl_pipeline' retrieved from /opt/airflow/dags/enterprise_etl_dag.py
[2026-01-23T18:03:03.973+0000] {logging_mixin.py:188} INFO - [2026-01-23T18:03:03.972+0000] {dag.py:3047} INFO - Sync 1 DAGs
[2026-01-23T18:03:03.994+0000] {logging_mixin.py:188} INFO - [2026-01-23T18:03:03.994+0000] {dag.py:3834} INFO - Setting next_dagrun for enterprise_etl_pipeline to None, run_after=None
[2026-01-23T18:03:04.033+0000] {processor.py:183} INFO - Processing /opt/airflow/dags/enterprise_etl_dag.py took 0.167 seconds
[2026-01-23T18:03:34.187+0000] {processor.py:161} INFO - Started process (PID=78) to work on /opt/airflow/dags/enterprise_etl_dag.py
[2026-01-23T18:03:34.189+0000] {processor.py:830} INFO - Processing file /opt/airflow/dags/enterprise_etl_dag.py for tasks to queue
[2026-01-23T18:03:34.192+0000] {logging_mixin.py:188} INFO - [2026-01-23T18:03:34.191+0000] {dagbag.py:540} INFO - Filling up the DagBag from /opt/airflow/dags/enterprise_etl_dag.py
[2026-01-23T18:03:34.236+0000] {processor.py:840} INFO - DAG(s) 'enterprise_etl_pipeline' retrieved from /opt/airflow/dags/enterprise_etl_dag.py
[2026-01-23T18:03:34.306+0000] {logging_mixin.py:188} INFO - [2026-01-23T18:03:34.306+0000] {dag.py:3047} INFO - Sync 1 DAGs
[2026-01-23T18:03:34.339+0000] {logging_mixin.py:188} INFO - [2026-01-23T18:03:34.338+0000] {dag.py:3834} INFO - Setting next_dagrun for enterprise_etl_pipeline to None, run_after=None
[2026-01-23T18:03:34.386+0000] {processor.py:183} INFO - Processing /opt/airflow/dags/enterprise_etl_dag.py took 0.208 seconds
[2026-01-23T18:04:04.527+0000] {processor.py:161} INFO - Started process (PID=79) to work on /opt/airflow/dags/enterprise_etl_dag.py
[2026-01-23T18:04:04.529+0000] {processor.py:830} INFO - Processing file /opt/airflow/dags/enterprise_etl_dag.py for tasks to queue
[2026-01-23T18:04:04.532+0000] {logging_mixin.py:188} INFO - [2026-01-23T18:04:04.531+0000] {dagbag.py:540} INFO - Filling up the DagBag from /opt/airflow/dags/enterprise_etl_dag.py
[2026-01-23T18:04:04.563+0000] {processor.py:840} INFO - DAG(s) 'enterprise_etl_pipeline' retrieved from /opt/airflow/dags/enterprise_etl_dag.py
[2026-01-23T18:04:04.610+0000] {logging_mixin.py:188} INFO - [2026-01-23T18:04:04.609+0000] {dag.py:3047} INFO - Sync 1 DAGs
[2026-01-23T18:04:04.628+0000] {logging_mixin.py:188} INFO - [2026-01-23T18:04:04.628+0000] {dag.py:3834} INFO - Setting next_dagrun for enterprise_etl_pipeline to None, run_after=None
[2026-01-23T18:04:04.656+0000] {processor.py:183} INFO - Processing /opt/airflow/dags/enterprise_etl_dag.py took 0.141 seconds
[2026-01-23T18:04:14.017+0000] {processor.py:161} INFO - Started process (PID=80) to work on /opt/airflow/dags/enterprise_etl_dag.py
[2026-01-23T18:04:14.024+0000] {processor.py:830} INFO - Processing file /opt/airflow/dags/enterprise_etl_dag.py for tasks to queue
[2026-01-23T18:04:14.030+0000] {logging_mixin.py:188} INFO - [2026-01-23T18:04:14.028+0000] {dagbag.py:540} INFO - Filling up the DagBag from /opt/airflow/dags/enterprise_etl_dag.py
[2026-01-23T18:04:14.204+0000] {logging_mixin.py:188} INFO - [2026-01-23T18:04:14.174+0000] {dagbag.py:350} ERROR - Failed to import: /opt/airflow/dags/enterprise_etl_dag.py
Traceback (most recent call last):
  File "/home/airflow/.local/lib/python3.8/site-packages/airflow/models/dagbag.py", line 346, in parse
    loader.exec_module(new_module)
  File "<frozen importlib._bootstrap_external>", line 843, in exec_module
  File "<frozen importlib._bootstrap>", line 219, in _call_with_frames_removed
  File "/opt/airflow/dags/enterprise_etl_dag.py", line 5, in <module>
    from etl.ingestion.main import run as ingestion_run
ModuleNotFoundError: No module named 'etl'
[2026-01-23T18:04:14.208+0000] {processor.py:842} WARNING - No viable dags retrieved from /opt/airflow/dags/enterprise_etl_dag.py
[2026-01-23T18:04:14.301+0000] {processor.py:183} INFO - Processing /opt/airflow/dags/enterprise_etl_dag.py took 0.305 seconds
[2026-01-23T18:04:47.855+0000] {processor.py:161} INFO - Started process (PID=44) to work on /opt/airflow/dags/enterprise_etl_dag.py
[2026-01-23T18:04:47.859+0000] {processor.py:830} INFO - Processing file /opt/airflow/dags/enterprise_etl_dag.py for tasks to queue
[2026-01-23T18:04:47.862+0000] {logging_mixin.py:188} INFO - [2026-01-23T18:04:47.861+0000] {dagbag.py:540} INFO - Filling up the DagBag from /opt/airflow/dags/enterprise_etl_dag.py
[2026-01-23T18:04:47.906+0000] {logging_mixin.py:188} INFO - [2026-01-23T18:04:47.899+0000] {dagbag.py:350} ERROR - Failed to import: /opt/airflow/dags/enterprise_etl_dag.py
Traceback (most recent call last):
  File "/home/airflow/.local/lib/python3.8/site-packages/airflow/models/dagbag.py", line 346, in parse
    loader.exec_module(new_module)
  File "<frozen importlib._bootstrap_external>", line 843, in exec_module
  File "<frozen importlib._bootstrap>", line 219, in _call_with_frames_removed
  File "/opt/airflow/dags/enterprise_etl_dag.py", line 5, in <module>
    from etl.ingestion.main import run as ingestion_run
ModuleNotFoundError: No module named 'etl'
[2026-01-23T18:04:47.908+0000] {processor.py:842} WARNING - No viable dags retrieved from /opt/airflow/dags/enterprise_etl_dag.py
[2026-01-23T18:04:47.975+0000] {processor.py:183} INFO - Processing /opt/airflow/dags/enterprise_etl_dag.py took 0.137 seconds
[2026-01-23T18:05:18.664+0000] {processor.py:161} INFO - Started process (PID=50) to work on /opt/airflow/dags/enterprise_etl_dag.py
[2026-01-23T18:05:18.670+0000] {processor.py:830} INFO - Processing file /opt/airflow/dags/enterprise_etl_dag.py for tasks to queue
[2026-01-23T18:05:18.685+0000] {logging_mixin.py:188} INFO - [2026-01-23T18:05:18.675+0000] {dagbag.py:540} INFO - Filling up the DagBag from /opt/airflow/dags/enterprise_etl_dag.py
[2026-01-23T18:05:18.744+0000] {logging_mixin.py:188} INFO - [2026-01-23T18:05:18.740+0000] {dagbag.py:350} ERROR - Failed to import: /opt/airflow/dags/enterprise_etl_dag.py
Traceback (most recent call last):
  File "/home/airflow/.local/lib/python3.8/site-packages/airflow/models/dagbag.py", line 346, in parse
    loader.exec_module(new_module)
  File "<frozen importlib._bootstrap_external>", line 843, in exec_module
  File "<frozen importlib._bootstrap>", line 219, in _call_with_frames_removed
  File "/opt/airflow/dags/enterprise_etl_dag.py", line 5, in <module>
    from etl.ingestion.main import run as ingestion_run
ModuleNotFoundError: No module named 'etl'
[2026-01-23T18:05:18.746+0000] {processor.py:842} WARNING - No viable dags retrieved from /opt/airflow/dags/enterprise_etl_dag.py
[2026-01-23T18:05:18.831+0000] {processor.py:183} INFO - Processing /opt/airflow/dags/enterprise_etl_dag.py took 0.188 seconds
[2026-01-23T18:05:44.357+0000] {processor.py:161} INFO - Started process (PID=44) to work on /opt/airflow/dags/enterprise_etl_dag.py
[2026-01-23T18:05:44.367+0000] {processor.py:830} INFO - Processing file /opt/airflow/dags/enterprise_etl_dag.py for tasks to queue
[2026-01-23T18:05:44.369+0000] {logging_mixin.py:188} INFO - [2026-01-23T18:05:44.369+0000] {dagbag.py:540} INFO - Filling up the DagBag from /opt/airflow/dags/enterprise_etl_dag.py
[2026-01-23T18:05:44.391+0000] {logging_mixin.py:188} INFO - [2026-01-23T18:05:44.387+0000] {dagbag.py:350} ERROR - Failed to import: /opt/airflow/dags/enterprise_etl_dag.py
Traceback (most recent call last):
  File "/home/airflow/.local/lib/python3.8/site-packages/airflow/models/dagbag.py", line 346, in parse
    loader.exec_module(new_module)
  File "<frozen importlib._bootstrap_external>", line 843, in exec_module
  File "<frozen importlib._bootstrap>", line 219, in _call_with_frames_removed
  File "/opt/airflow/dags/enterprise_etl_dag.py", line 5, in <module>
    from etl.ingestion.main import run as ingestion_run
ModuleNotFoundError: No module named 'etl'
[2026-01-23T18:05:44.392+0000] {processor.py:842} WARNING - No viable dags retrieved from /opt/airflow/dags/enterprise_etl_dag.py
[2026-01-23T18:05:44.430+0000] {processor.py:183} INFO - Processing /opt/airflow/dags/enterprise_etl_dag.py took 0.083 seconds
[2026-01-23T18:06:14.615+0000] {processor.py:161} INFO - Started process (PID=60) to work on /opt/airflow/dags/enterprise_etl_dag.py
[2026-01-23T18:06:14.623+0000] {processor.py:830} INFO - Processing file /opt/airflow/dags/enterprise_etl_dag.py for tasks to queue
[2026-01-23T18:06:14.631+0000] {logging_mixin.py:188} INFO - [2026-01-23T18:06:14.629+0000] {dagbag.py:540} INFO - Filling up the DagBag from /opt/airflow/dags/enterprise_etl_dag.py
[2026-01-23T18:06:14.714+0000] {logging_mixin.py:188} INFO - [2026-01-23T18:06:14.694+0000] {dagbag.py:350} ERROR - Failed to import: /opt/airflow/dags/enterprise_etl_dag.py
Traceback (most recent call last):
  File "/home/airflow/.local/lib/python3.8/site-packages/airflow/models/dagbag.py", line 346, in parse
    loader.exec_module(new_module)
  File "<frozen importlib._bootstrap_external>", line 843, in exec_module
  File "<frozen importlib._bootstrap>", line 219, in _call_with_frames_removed
  File "/opt/airflow/dags/enterprise_etl_dag.py", line 5, in <module>
    from etl.ingestion.main import run as ingestion_run
ModuleNotFoundError: No module named 'etl'
[2026-01-23T18:06:14.724+0000] {processor.py:842} WARNING - No viable dags retrieved from /opt/airflow/dags/enterprise_etl_dag.py
[2026-01-23T18:06:14.832+0000] {processor.py:183} INFO - Processing /opt/airflow/dags/enterprise_etl_dag.py took 0.246 seconds
[2026-01-23T18:06:45.158+0000] {processor.py:161} INFO - Started process (PID=61) to work on /opt/airflow/dags/enterprise_etl_dag.py
[2026-01-23T18:06:45.162+0000] {processor.py:830} INFO - Processing file /opt/airflow/dags/enterprise_etl_dag.py for tasks to queue
[2026-01-23T18:06:45.167+0000] {logging_mixin.py:188} INFO - [2026-01-23T18:06:45.166+0000] {dagbag.py:540} INFO - Filling up the DagBag from /opt/airflow/dags/enterprise_etl_dag.py
[2026-01-23T18:06:45.199+0000] {logging_mixin.py:188} INFO - [2026-01-23T18:06:45.194+0000] {dagbag.py:350} ERROR - Failed to import: /opt/airflow/dags/enterprise_etl_dag.py
Traceback (most recent call last):
  File "/home/airflow/.local/lib/python3.8/site-packages/airflow/models/dagbag.py", line 346, in parse
    loader.exec_module(new_module)
  File "<frozen importlib._bootstrap_external>", line 843, in exec_module
  File "<frozen importlib._bootstrap>", line 219, in _call_with_frames_removed
  File "/opt/airflow/dags/enterprise_etl_dag.py", line 5, in <module>
    from etl.ingestion.main import run as ingestion_run
ModuleNotFoundError: No module named 'etl'
[2026-01-23T18:06:45.201+0000] {processor.py:842} WARNING - No viable dags retrieved from /opt/airflow/dags/enterprise_etl_dag.py
[2026-01-23T18:06:45.248+0000] {processor.py:183} INFO - Processing /opt/airflow/dags/enterprise_etl_dag.py took 0.097 seconds
[2026-01-23T18:07:15.384+0000] {processor.py:161} INFO - Started process (PID=62) to work on /opt/airflow/dags/enterprise_etl_dag.py
[2026-01-23T18:07:15.387+0000] {processor.py:830} INFO - Processing file /opt/airflow/dags/enterprise_etl_dag.py for tasks to queue
[2026-01-23T18:07:15.390+0000] {logging_mixin.py:188} INFO - [2026-01-23T18:07:15.389+0000] {dagbag.py:540} INFO - Filling up the DagBag from /opt/airflow/dags/enterprise_etl_dag.py
[2026-01-23T18:07:15.417+0000] {logging_mixin.py:188} INFO - [2026-01-23T18:07:15.412+0000] {dagbag.py:350} ERROR - Failed to import: /opt/airflow/dags/enterprise_etl_dag.py
Traceback (most recent call last):
  File "/home/airflow/.local/lib/python3.8/site-packages/airflow/models/dagbag.py", line 346, in parse
    loader.exec_module(new_module)
  File "<frozen importlib._bootstrap_external>", line 843, in exec_module
  File "<frozen importlib._bootstrap>", line 219, in _call_with_frames_removed
  File "/opt/airflow/dags/enterprise_etl_dag.py", line 5, in <module>
    from etl.ingestion.main import run as ingestion_run
ModuleNotFoundError: No module named 'etl'
[2026-01-23T18:07:15.420+0000] {processor.py:842} WARNING - No viable dags retrieved from /opt/airflow/dags/enterprise_etl_dag.py
[2026-01-23T18:07:15.475+0000] {processor.py:183} INFO - Processing /opt/airflow/dags/enterprise_etl_dag.py took 0.103 seconds
[2026-01-23T18:07:45.585+0000] {processor.py:161} INFO - Started process (PID=63) to work on /opt/airflow/dags/enterprise_etl_dag.py
[2026-01-23T18:07:45.591+0000] {processor.py:830} INFO - Processing file /opt/airflow/dags/enterprise_etl_dag.py for tasks to queue
[2026-01-23T18:07:45.594+0000] {logging_mixin.py:188} INFO - [2026-01-23T18:07:45.593+0000] {dagbag.py:540} INFO - Filling up the DagBag from /opt/airflow/dags/enterprise_etl_dag.py
[2026-01-23T18:07:45.642+0000] {logging_mixin.py:188} INFO - [2026-01-23T18:07:45.630+0000] {dagbag.py:350} ERROR - Failed to import: /opt/airflow/dags/enterprise_etl_dag.py
Traceback (most recent call last):
  File "/home/airflow/.local/lib/python3.8/site-packages/airflow/models/dagbag.py", line 346, in parse
    loader.exec_module(new_module)
  File "<frozen importlib._bootstrap_external>", line 843, in exec_module
  File "<frozen importlib._bootstrap>", line 219, in _call_with_frames_removed
  File "/opt/airflow/dags/enterprise_etl_dag.py", line 5, in <module>
    from etl.ingestion.main import run as ingestion_run
ModuleNotFoundError: No module named 'etl'
[2026-01-23T18:07:45.645+0000] {processor.py:842} WARNING - No viable dags retrieved from /opt/airflow/dags/enterprise_etl_dag.py
[2026-01-23T18:07:45.721+0000] {processor.py:183} INFO - Processing /opt/airflow/dags/enterprise_etl_dag.py took 0.152 seconds
[2026-01-23T18:08:16.634+0000] {processor.py:161} INFO - Started process (PID=64) to work on /opt/airflow/dags/enterprise_etl_dag.py
[2026-01-23T18:08:16.641+0000] {processor.py:830} INFO - Processing file /opt/airflow/dags/enterprise_etl_dag.py for tasks to queue
[2026-01-23T18:08:16.646+0000] {logging_mixin.py:188} INFO - [2026-01-23T18:08:16.645+0000] {dagbag.py:540} INFO - Filling up the DagBag from /opt/airflow/dags/enterprise_etl_dag.py
[2026-01-23T18:08:16.680+0000] {logging_mixin.py:188} INFO - [2026-01-23T18:08:16.675+0000] {dagbag.py:350} ERROR - Failed to import: /opt/airflow/dags/enterprise_etl_dag.py
Traceback (most recent call last):
  File "/home/airflow/.local/lib/python3.8/site-packages/airflow/models/dagbag.py", line 346, in parse
    loader.exec_module(new_module)
  File "<frozen importlib._bootstrap_external>", line 843, in exec_module
  File "<frozen importlib._bootstrap>", line 219, in _call_with_frames_removed
  File "/opt/airflow/dags/enterprise_etl_dag.py", line 5, in <module>
    from etl.ingestion.main import run as ingestion_run
ModuleNotFoundError: No module named 'etl'
[2026-01-23T18:08:16.682+0000] {processor.py:842} WARNING - No viable dags retrieved from /opt/airflow/dags/enterprise_etl_dag.py
[2026-01-23T18:08:16.714+0000] {processor.py:183} INFO - Processing /opt/airflow/dags/enterprise_etl_dag.py took 0.095 seconds
[2026-01-23T18:08:47.706+0000] {processor.py:161} INFO - Started process (PID=65) to work on /opt/airflow/dags/enterprise_etl_dag.py
[2026-01-23T18:08:47.709+0000] {processor.py:830} INFO - Processing file /opt/airflow/dags/enterprise_etl_dag.py for tasks to queue
[2026-01-23T18:08:47.711+0000] {logging_mixin.py:188} INFO - [2026-01-23T18:08:47.710+0000] {dagbag.py:540} INFO - Filling up the DagBag from /opt/airflow/dags/enterprise_etl_dag.py
[2026-01-23T18:08:47.732+0000] {logging_mixin.py:188} INFO - [2026-01-23T18:08:47.727+0000] {dagbag.py:350} ERROR - Failed to import: /opt/airflow/dags/enterprise_etl_dag.py
Traceback (most recent call last):
  File "/home/airflow/.local/lib/python3.8/site-packages/airflow/models/dagbag.py", line 346, in parse
    loader.exec_module(new_module)
  File "<frozen importlib._bootstrap_external>", line 843, in exec_module
  File "<frozen importlib._bootstrap>", line 219, in _call_with_frames_removed
  File "/opt/airflow/dags/enterprise_etl_dag.py", line 5, in <module>
    from etl.ingestion.main import run as ingestion_run
ModuleNotFoundError: No module named 'etl'
[2026-01-23T18:08:47.734+0000] {processor.py:842} WARNING - No viable dags retrieved from /opt/airflow/dags/enterprise_etl_dag.py
[2026-01-23T18:08:47.782+0000] {processor.py:183} INFO - Processing /opt/airflow/dags/enterprise_etl_dag.py took 0.084 seconds
[2026-01-23T18:09:17.899+0000] {processor.py:161} INFO - Started process (PID=66) to work on /opt/airflow/dags/enterprise_etl_dag.py
[2026-01-23T18:09:17.902+0000] {processor.py:830} INFO - Processing file /opt/airflow/dags/enterprise_etl_dag.py for tasks to queue
[2026-01-23T18:09:17.905+0000] {logging_mixin.py:188} INFO - [2026-01-23T18:09:17.904+0000] {dagbag.py:540} INFO - Filling up the DagBag from /opt/airflow/dags/enterprise_etl_dag.py
[2026-01-23T18:09:17.935+0000] {logging_mixin.py:188} INFO - [2026-01-23T18:09:17.929+0000] {dagbag.py:350} ERROR - Failed to import: /opt/airflow/dags/enterprise_etl_dag.py
Traceback (most recent call last):
  File "/home/airflow/.local/lib/python3.8/site-packages/airflow/models/dagbag.py", line 346, in parse
    loader.exec_module(new_module)
  File "<frozen importlib._bootstrap_external>", line 843, in exec_module
  File "<frozen importlib._bootstrap>", line 219, in _call_with_frames_removed
  File "/opt/airflow/dags/enterprise_etl_dag.py", line 5, in <module>
    from etl.ingestion.main import run as ingestion_run
ModuleNotFoundError: No module named 'etl'
[2026-01-23T18:09:17.937+0000] {processor.py:842} WARNING - No viable dags retrieved from /opt/airflow/dags/enterprise_etl_dag.py
[2026-01-23T18:09:17.975+0000] {processor.py:183} INFO - Processing /opt/airflow/dags/enterprise_etl_dag.py took 0.085 seconds
[2026-01-23T18:09:48.688+0000] {processor.py:161} INFO - Started process (PID=67) to work on /opt/airflow/dags/enterprise_etl_dag.py
[2026-01-23T18:09:48.690+0000] {processor.py:830} INFO - Processing file /opt/airflow/dags/enterprise_etl_dag.py for tasks to queue
[2026-01-23T18:09:48.693+0000] {logging_mixin.py:188} INFO - [2026-01-23T18:09:48.692+0000] {dagbag.py:540} INFO - Filling up the DagBag from /opt/airflow/dags/enterprise_etl_dag.py
[2026-01-23T18:09:48.716+0000] {logging_mixin.py:188} INFO - [2026-01-23T18:09:48.711+0000] {dagbag.py:350} ERROR - Failed to import: /opt/airflow/dags/enterprise_etl_dag.py
Traceback (most recent call last):
  File "/home/airflow/.local/lib/python3.8/site-packages/airflow/models/dagbag.py", line 346, in parse
    loader.exec_module(new_module)
  File "<frozen importlib._bootstrap_external>", line 843, in exec_module
  File "<frozen importlib._bootstrap>", line 219, in _call_with_frames_removed
  File "/opt/airflow/dags/enterprise_etl_dag.py", line 5, in <module>
    from etl.ingestion.main import run as ingestion_run
ModuleNotFoundError: No module named 'etl'
[2026-01-23T18:09:48.718+0000] {processor.py:842} WARNING - No viable dags retrieved from /opt/airflow/dags/enterprise_etl_dag.py
[2026-01-23T18:09:48.759+0000] {processor.py:183} INFO - Processing /opt/airflow/dags/enterprise_etl_dag.py took 0.080 seconds
[2026-01-23T18:10:19.748+0000] {processor.py:161} INFO - Started process (PID=68) to work on /opt/airflow/dags/enterprise_etl_dag.py
[2026-01-23T18:10:19.751+0000] {processor.py:830} INFO - Processing file /opt/airflow/dags/enterprise_etl_dag.py for tasks to queue
[2026-01-23T18:10:19.753+0000] {logging_mixin.py:188} INFO - [2026-01-23T18:10:19.753+0000] {dagbag.py:540} INFO - Filling up the DagBag from /opt/airflow/dags/enterprise_etl_dag.py
[2026-01-23T18:10:19.909+0000] {logging_mixin.py:188} INFO - [2026-01-23T18:10:19.865+0000] {dagbag.py:350} ERROR - Failed to import: /opt/airflow/dags/enterprise_etl_dag.py
Traceback (most recent call last):
  File "/home/airflow/.local/lib/python3.8/site-packages/airflow/models/dagbag.py", line 346, in parse
    loader.exec_module(new_module)
  File "<frozen importlib._bootstrap_external>", line 843, in exec_module
  File "<frozen importlib._bootstrap>", line 219, in _call_with_frames_removed
  File "/opt/airflow/dags/enterprise_etl_dag.py", line 5, in <module>
    from etl.ingestion.main import run as ingestion_run
ModuleNotFoundError: No module named 'etl'
[2026-01-23T18:10:19.916+0000] {processor.py:842} WARNING - No viable dags retrieved from /opt/airflow/dags/enterprise_etl_dag.py
[2026-01-23T18:10:19.996+0000] {processor.py:183} INFO - Processing /opt/airflow/dags/enterprise_etl_dag.py took 0.263 seconds
[2026-01-23T18:10:50.308+0000] {processor.py:161} INFO - Started process (PID=69) to work on /opt/airflow/dags/enterprise_etl_dag.py
[2026-01-23T18:10:50.310+0000] {processor.py:830} INFO - Processing file /opt/airflow/dags/enterprise_etl_dag.py for tasks to queue
[2026-01-23T18:10:50.312+0000] {logging_mixin.py:188} INFO - [2026-01-23T18:10:50.312+0000] {dagbag.py:540} INFO - Filling up the DagBag from /opt/airflow/dags/enterprise_etl_dag.py
[2026-01-23T18:10:50.342+0000] {logging_mixin.py:188} INFO - [2026-01-23T18:10:50.336+0000] {dagbag.py:350} ERROR - Failed to import: /opt/airflow/dags/enterprise_etl_dag.py
Traceback (most recent call last):
  File "/home/airflow/.local/lib/python3.8/site-packages/airflow/models/dagbag.py", line 346, in parse
    loader.exec_module(new_module)
  File "<frozen importlib._bootstrap_external>", line 843, in exec_module
  File "<frozen importlib._bootstrap>", line 219, in _call_with_frames_removed
  File "/opt/airflow/dags/enterprise_etl_dag.py", line 5, in <module>
    from etl.ingestion.main import run as ingestion_run
ModuleNotFoundError: No module named 'etl'
[2026-01-23T18:10:50.344+0000] {processor.py:842} WARNING - No viable dags retrieved from /opt/airflow/dags/enterprise_etl_dag.py
[2026-01-23T18:10:50.374+0000] {processor.py:183} INFO - Processing /opt/airflow/dags/enterprise_etl_dag.py took 0.075 seconds
[2026-01-23T18:12:12.581+0000] {processor.py:161} INFO - Started process (PID=43) to work on /opt/airflow/dags/enterprise_etl_dag.py
[2026-01-23T18:12:12.583+0000] {processor.py:830} INFO - Processing file /opt/airflow/dags/enterprise_etl_dag.py for tasks to queue
[2026-01-23T18:12:12.586+0000] {logging_mixin.py:188} INFO - [2026-01-23T18:12:12.585+0000] {dagbag.py:540} INFO - Filling up the DagBag from /opt/airflow/dags/enterprise_etl_dag.py
[2026-01-23T18:12:12.603+0000] {logging_mixin.py:188} INFO - [2026-01-23T18:12:12.599+0000] {dagbag.py:350} ERROR - Failed to import: /opt/airflow/dags/enterprise_etl_dag.py
Traceback (most recent call last):
  File "/home/airflow/.local/lib/python3.8/site-packages/airflow/models/dagbag.py", line 346, in parse
    loader.exec_module(new_module)
  File "<frozen importlib._bootstrap_external>", line 843, in exec_module
  File "<frozen importlib._bootstrap>", line 219, in _call_with_frames_removed
  File "/opt/airflow/dags/enterprise_etl_dag.py", line 5, in <module>
    from etl.ingestion.main import run as ingestion_run
ModuleNotFoundError: No module named 'etl'
[2026-01-23T18:12:12.605+0000] {processor.py:842} WARNING - No viable dags retrieved from /opt/airflow/dags/enterprise_etl_dag.py
[2026-01-23T18:12:12.639+0000] {processor.py:183} INFO - Processing /opt/airflow/dags/enterprise_etl_dag.py took 0.065 seconds
[2026-01-23T18:12:43.707+0000] {processor.py:161} INFO - Started process (PID=59) to work on /opt/airflow/dags/enterprise_etl_dag.py
[2026-01-23T18:12:43.713+0000] {processor.py:830} INFO - Processing file /opt/airflow/dags/enterprise_etl_dag.py for tasks to queue
[2026-01-23T18:12:43.717+0000] {logging_mixin.py:188} INFO - [2026-01-23T18:12:43.716+0000] {dagbag.py:540} INFO - Filling up the DagBag from /opt/airflow/dags/enterprise_etl_dag.py
[2026-01-23T18:12:43.782+0000] {logging_mixin.py:188} INFO - [2026-01-23T18:12:43.768+0000] {dagbag.py:350} ERROR - Failed to import: /opt/airflow/dags/enterprise_etl_dag.py
Traceback (most recent call last):
  File "/home/airflow/.local/lib/python3.8/site-packages/airflow/models/dagbag.py", line 346, in parse
    loader.exec_module(new_module)
  File "<frozen importlib._bootstrap_external>", line 843, in exec_module
  File "<frozen importlib._bootstrap>", line 219, in _call_with_frames_removed
  File "/opt/airflow/dags/enterprise_etl_dag.py", line 5, in <module>
    from etl.ingestion.main import run as ingestion_run
ModuleNotFoundError: No module named 'etl'
[2026-01-23T18:12:43.787+0000] {processor.py:842} WARNING - No viable dags retrieved from /opt/airflow/dags/enterprise_etl_dag.py
[2026-01-23T18:12:43.874+0000] {processor.py:183} INFO - Processing /opt/airflow/dags/enterprise_etl_dag.py took 0.182 seconds
[2026-01-23T18:13:14.063+0000] {processor.py:161} INFO - Started process (PID=60) to work on /opt/airflow/dags/enterprise_etl_dag.py
[2026-01-23T18:13:14.069+0000] {processor.py:830} INFO - Processing file /opt/airflow/dags/enterprise_etl_dag.py for tasks to queue
[2026-01-23T18:13:14.073+0000] {logging_mixin.py:188} INFO - [2026-01-23T18:13:14.072+0000] {dagbag.py:540} INFO - Filling up the DagBag from /opt/airflow/dags/enterprise_etl_dag.py
[2026-01-23T18:13:14.104+0000] {logging_mixin.py:188} INFO - [2026-01-23T18:13:14.098+0000] {dagbag.py:350} ERROR - Failed to import: /opt/airflow/dags/enterprise_etl_dag.py
Traceback (most recent call last):
  File "/home/airflow/.local/lib/python3.8/site-packages/airflow/models/dagbag.py", line 346, in parse
    loader.exec_module(new_module)
  File "<frozen importlib._bootstrap_external>", line 843, in exec_module
  File "<frozen importlib._bootstrap>", line 219, in _call_with_frames_removed
  File "/opt/airflow/dags/enterprise_etl_dag.py", line 5, in <module>
    from etl.ingestion.main import run as ingestion_run
ModuleNotFoundError: No module named 'etl'
[2026-01-23T18:13:14.106+0000] {processor.py:842} WARNING - No viable dags retrieved from /opt/airflow/dags/enterprise_etl_dag.py
[2026-01-23T18:13:14.154+0000] {processor.py:183} INFO - Processing /opt/airflow/dags/enterprise_etl_dag.py took 0.116 seconds
[2026-01-23T18:13:45.289+0000] {processor.py:161} INFO - Started process (PID=61) to work on /opt/airflow/dags/enterprise_etl_dag.py
[2026-01-23T18:13:45.295+0000] {processor.py:830} INFO - Processing file /opt/airflow/dags/enterprise_etl_dag.py for tasks to queue
[2026-01-23T18:13:45.300+0000] {logging_mixin.py:188} INFO - [2026-01-23T18:13:45.299+0000] {dagbag.py:540} INFO - Filling up the DagBag from /opt/airflow/dags/enterprise_etl_dag.py
[2026-01-23T18:13:45.373+0000] {logging_mixin.py:188} INFO - [2026-01-23T18:13:45.357+0000] {dagbag.py:350} ERROR - Failed to import: /opt/airflow/dags/enterprise_etl_dag.py
Traceback (most recent call last):
  File "/home/airflow/.local/lib/python3.8/site-packages/airflow/models/dagbag.py", line 346, in parse
    loader.exec_module(new_module)
  File "<frozen importlib._bootstrap_external>", line 843, in exec_module
  File "<frozen importlib._bootstrap>", line 219, in _call_with_frames_removed
  File "/opt/airflow/dags/enterprise_etl_dag.py", line 5, in <module>
    from etl.ingestion.main import run as ingestion_run
ModuleNotFoundError: No module named 'etl'
[2026-01-23T18:13:45.380+0000] {processor.py:842} WARNING - No viable dags retrieved from /opt/airflow/dags/enterprise_etl_dag.py
[2026-01-23T18:13:45.467+0000] {processor.py:183} INFO - Processing /opt/airflow/dags/enterprise_etl_dag.py took 0.195 seconds
[2026-01-23T18:14:15.741+0000] {processor.py:161} INFO - Started process (PID=62) to work on /opt/airflow/dags/enterprise_etl_dag.py
[2026-01-23T18:14:15.743+0000] {processor.py:830} INFO - Processing file /opt/airflow/dags/enterprise_etl_dag.py for tasks to queue
[2026-01-23T18:14:15.744+0000] {logging_mixin.py:188} INFO - [2026-01-23T18:14:15.744+0000] {dagbag.py:540} INFO - Filling up the DagBag from /opt/airflow/dags/enterprise_etl_dag.py
[2026-01-23T18:14:15.766+0000] {logging_mixin.py:188} INFO - [2026-01-23T18:14:15.762+0000] {dagbag.py:350} ERROR - Failed to import: /opt/airflow/dags/enterprise_etl_dag.py
Traceback (most recent call last):
  File "/home/airflow/.local/lib/python3.8/site-packages/airflow/models/dagbag.py", line 346, in parse
    loader.exec_module(new_module)
  File "<frozen importlib._bootstrap_external>", line 843, in exec_module
  File "<frozen importlib._bootstrap>", line 219, in _call_with_frames_removed
  File "/opt/airflow/dags/enterprise_etl_dag.py", line 5, in <module>
    from etl.ingestion.main import run as ingestion_run
ModuleNotFoundError: No module named 'etl'
[2026-01-23T18:14:15.768+0000] {processor.py:842} WARNING - No viable dags retrieved from /opt/airflow/dags/enterprise_etl_dag.py
[2026-01-23T18:14:15.799+0000] {processor.py:183} INFO - Processing /opt/airflow/dags/enterprise_etl_dag.py took 0.064 seconds
[2026-01-23T18:14:48.138+0000] {processor.py:161} INFO - Started process (PID=63) to work on /opt/airflow/dags/enterprise_etl_dag.py
[2026-01-23T18:14:48.142+0000] {processor.py:830} INFO - Processing file /opt/airflow/dags/enterprise_etl_dag.py for tasks to queue
[2026-01-23T18:14:48.145+0000] {logging_mixin.py:188} INFO - [2026-01-23T18:14:48.144+0000] {dagbag.py:540} INFO - Filling up the DagBag from /opt/airflow/dags/enterprise_etl_dag.py
[2026-01-23T18:14:48.188+0000] {logging_mixin.py:188} INFO - [2026-01-23T18:14:48.179+0000] {dagbag.py:350} ERROR - Failed to import: /opt/airflow/dags/enterprise_etl_dag.py
Traceback (most recent call last):
  File "/home/airflow/.local/lib/python3.8/site-packages/airflow/models/dagbag.py", line 346, in parse
    loader.exec_module(new_module)
  File "<frozen importlib._bootstrap_external>", line 843, in exec_module
  File "<frozen importlib._bootstrap>", line 219, in _call_with_frames_removed
  File "/opt/airflow/dags/enterprise_etl_dag.py", line 5, in <module>
    from etl.ingestion.main import run as ingestion_run
ModuleNotFoundError: No module named 'etl'
[2026-01-23T18:14:48.191+0000] {processor.py:842} WARNING - No viable dags retrieved from /opt/airflow/dags/enterprise_etl_dag.py
[2026-01-23T18:14:48.247+0000] {processor.py:183} INFO - Processing /opt/airflow/dags/enterprise_etl_dag.py took 0.118 seconds
[2026-01-23T18:15:05.589+0000] {processor.py:161} INFO - Started process (PID=64) to work on /opt/airflow/dags/enterprise_etl_dag.py
[2026-01-23T18:15:05.591+0000] {processor.py:830} INFO - Processing file /opt/airflow/dags/enterprise_etl_dag.py for tasks to queue
[2026-01-23T18:15:05.593+0000] {logging_mixin.py:188} INFO - [2026-01-23T18:15:05.593+0000] {dagbag.py:540} INFO - Filling up the DagBag from /opt/airflow/dags/enterprise_etl_dag.py
[2026-01-23T18:15:05.996+0000] {logging_mixin.py:188} INFO - [2026-01-23T18:15:05.992+0000] {dagbag.py:350} ERROR - Failed to import: /opt/airflow/dags/enterprise_etl_dag.py
Traceback (most recent call last):
  File "/home/airflow/.local/lib/python3.8/site-packages/airflow/models/dagbag.py", line 346, in parse
    loader.exec_module(new_module)
  File "<frozen importlib._bootstrap_external>", line 843, in exec_module
  File "<frozen importlib._bootstrap>", line 219, in _call_with_frames_removed
  File "/opt/airflow/dags/enterprise_etl_dag.py", line 10, in <module>
    from etl.validation.main import run as validation_run
ModuleNotFoundError: No module named 'etl.validation.main'
[2026-01-23T18:15:05.998+0000] {processor.py:842} WARNING - No viable dags retrieved from /opt/airflow/dags/enterprise_etl_dag.py
[2026-01-23T18:15:06.031+0000] {processor.py:183} INFO - Processing /opt/airflow/dags/enterprise_etl_dag.py took 0.451 seconds
[2026-01-23T18:15:36.329+0000] {processor.py:161} INFO - Started process (PID=73) to work on /opt/airflow/dags/enterprise_etl_dag.py
[2026-01-23T18:15:36.333+0000] {processor.py:830} INFO - Processing file /opt/airflow/dags/enterprise_etl_dag.py for tasks to queue
[2026-01-23T18:15:36.336+0000] {logging_mixin.py:188} INFO - [2026-01-23T18:15:36.335+0000] {dagbag.py:540} INFO - Filling up the DagBag from /opt/airflow/dags/enterprise_etl_dag.py
[2026-01-23T18:15:36.435+0000] {logging_mixin.py:188} INFO - [2026-01-23T18:15:36.431+0000] {dagbag.py:350} ERROR - Failed to import: /opt/airflow/dags/enterprise_etl_dag.py
Traceback (most recent call last):
  File "/home/airflow/.local/lib/python3.8/site-packages/airflow/models/dagbag.py", line 346, in parse
    loader.exec_module(new_module)
  File "<frozen importlib._bootstrap_external>", line 843, in exec_module
  File "<frozen importlib._bootstrap>", line 219, in _call_with_frames_removed
  File "/opt/airflow/dags/enterprise_etl_dag.py", line 10, in <module>
    from etl.validation.main import run as validation_run
ModuleNotFoundError: No module named 'etl.validation.main'
[2026-01-23T18:15:36.436+0000] {processor.py:842} WARNING - No viable dags retrieved from /opt/airflow/dags/enterprise_etl_dag.py
[2026-01-23T18:15:36.463+0000] {processor.py:183} INFO - Processing /opt/airflow/dags/enterprise_etl_dag.py took 0.151 seconds
[2026-01-23T18:16:06.610+0000] {processor.py:161} INFO - Started process (PID=75) to work on /opt/airflow/dags/enterprise_etl_dag.py
[2026-01-23T18:16:06.612+0000] {processor.py:830} INFO - Processing file /opt/airflow/dags/enterprise_etl_dag.py for tasks to queue
[2026-01-23T18:16:06.614+0000] {logging_mixin.py:188} INFO - [2026-01-23T18:16:06.614+0000] {dagbag.py:540} INFO - Filling up the DagBag from /opt/airflow/dags/enterprise_etl_dag.py
[2026-01-23T18:16:06.695+0000] {logging_mixin.py:188} INFO - [2026-01-23T18:16:06.690+0000] {dagbag.py:350} ERROR - Failed to import: /opt/airflow/dags/enterprise_etl_dag.py
Traceback (most recent call last):
  File "/home/airflow/.local/lib/python3.8/site-packages/airflow/models/dagbag.py", line 346, in parse
    loader.exec_module(new_module)
  File "<frozen importlib._bootstrap_external>", line 843, in exec_module
  File "<frozen importlib._bootstrap>", line 219, in _call_with_frames_removed
  File "/opt/airflow/dags/enterprise_etl_dag.py", line 10, in <module>
    from etl.validation.main import run as validation_run
ModuleNotFoundError: No module named 'etl.validation.main'
[2026-01-23T18:16:06.696+0000] {processor.py:842} WARNING - No viable dags retrieved from /opt/airflow/dags/enterprise_etl_dag.py
[2026-01-23T18:16:06.731+0000] {processor.py:183} INFO - Processing /opt/airflow/dags/enterprise_etl_dag.py took 0.130 seconds
[2026-01-23T18:16:41.586+0000] {processor.py:161} INFO - Started process (PID=45) to work on /opt/airflow/dags/enterprise_etl_dag.py
[2026-01-23T18:16:41.587+0000] {processor.py:830} INFO - Processing file /opt/airflow/dags/enterprise_etl_dag.py for tasks to queue
[2026-01-23T18:16:41.592+0000] {logging_mixin.py:188} INFO - [2026-01-23T18:16:41.589+0000] {dagbag.py:540} INFO - Filling up the DagBag from /opt/airflow/dags/enterprise_etl_dag.py
[2026-01-23T18:16:41.715+0000] {logging_mixin.py:188} INFO - [2026-01-23T18:16:41.709+0000] {dagbag.py:350} ERROR - Failed to import: /opt/airflow/dags/enterprise_etl_dag.py
Traceback (most recent call last):
  File "/home/airflow/.local/lib/python3.8/site-packages/airflow/models/dagbag.py", line 346, in parse
    loader.exec_module(new_module)
  File "<frozen importlib._bootstrap_external>", line 843, in exec_module
  File "<frozen importlib._bootstrap>", line 219, in _call_with_frames_removed
  File "/opt/airflow/dags/enterprise_etl_dag.py", line 10, in <module>
    from etl.validation.main import run as validation_run
ModuleNotFoundError: No module named 'etl.validation.main'
[2026-01-23T18:16:41.717+0000] {processor.py:842} WARNING - No viable dags retrieved from /opt/airflow/dags/enterprise_etl_dag.py
[2026-01-23T18:16:41.746+0000] {processor.py:183} INFO - Processing /opt/airflow/dags/enterprise_etl_dag.py took 0.171 seconds
[2026-01-23T18:17:12.399+0000] {processor.py:161} INFO - Started process (PID=61) to work on /opt/airflow/dags/enterprise_etl_dag.py
[2026-01-23T18:17:12.413+0000] {processor.py:830} INFO - Processing file /opt/airflow/dags/enterprise_etl_dag.py for tasks to queue
[2026-01-23T18:17:12.420+0000] {logging_mixin.py:188} INFO - [2026-01-23T18:17:12.418+0000] {dagbag.py:540} INFO - Filling up the DagBag from /opt/airflow/dags/enterprise_etl_dag.py
[2026-01-23T18:17:12.689+0000] {logging_mixin.py:188} INFO - [2026-01-23T18:17:12.683+0000] {dagbag.py:350} ERROR - Failed to import: /opt/airflow/dags/enterprise_etl_dag.py
Traceback (most recent call last):
  File "/home/airflow/.local/lib/python3.8/site-packages/airflow/models/dagbag.py", line 346, in parse
    loader.exec_module(new_module)
  File "<frozen importlib._bootstrap_external>", line 843, in exec_module
  File "<frozen importlib._bootstrap>", line 219, in _call_with_frames_removed
  File "/opt/airflow/dags/enterprise_etl_dag.py", line 10, in <module>
    from etl.validation.main import run as validation_run
ModuleNotFoundError: No module named 'etl.validation.main'
[2026-01-23T18:17:12.691+0000] {processor.py:842} WARNING - No viable dags retrieved from /opt/airflow/dags/enterprise_etl_dag.py
[2026-01-23T18:17:12.749+0000] {processor.py:183} INFO - Processing /opt/airflow/dags/enterprise_etl_dag.py took 0.381 seconds
[2026-01-23T18:17:48.109+0000] {processor.py:161} INFO - Started process (PID=63) to work on /opt/airflow/dags/enterprise_etl_dag.py
[2026-01-23T18:17:48.111+0000] {processor.py:830} INFO - Processing file /opt/airflow/dags/enterprise_etl_dag.py for tasks to queue
[2026-01-23T18:17:48.114+0000] {logging_mixin.py:188} INFO - [2026-01-23T18:17:48.113+0000] {dagbag.py:540} INFO - Filling up the DagBag from /opt/airflow/dags/enterprise_etl_dag.py
[2026-01-23T18:17:48.199+0000] {logging_mixin.py:188} INFO - [2026-01-23T18:17:48.193+0000] {dagbag.py:350} ERROR - Failed to import: /opt/airflow/dags/enterprise_etl_dag.py
Traceback (most recent call last):
  File "/home/airflow/.local/lib/python3.8/site-packages/airflow/models/dagbag.py", line 346, in parse
    loader.exec_module(new_module)
  File "<frozen importlib._bootstrap_external>", line 843, in exec_module
  File "<frozen importlib._bootstrap>", line 219, in _call_with_frames_removed
  File "/opt/airflow/dags/enterprise_etl_dag.py", line 10, in <module>
    from etl.validation.main import run as validation_run
ModuleNotFoundError: No module named 'etl.validation.main'
[2026-01-23T18:17:48.200+0000] {processor.py:842} WARNING - No viable dags retrieved from /opt/airflow/dags/enterprise_etl_dag.py
[2026-01-23T18:17:48.241+0000] {processor.py:183} INFO - Processing /opt/airflow/dags/enterprise_etl_dag.py took 0.139 seconds
[2026-01-23T18:18:21.161+0000] {processor.py:161} INFO - Started process (PID=64) to work on /opt/airflow/dags/enterprise_etl_dag.py
[2026-01-23T18:18:21.165+0000] {processor.py:830} INFO - Processing file /opt/airflow/dags/enterprise_etl_dag.py for tasks to queue
[2026-01-23T18:18:21.167+0000] {logging_mixin.py:188} INFO - [2026-01-23T18:18:21.166+0000] {dagbag.py:540} INFO - Filling up the DagBag from /opt/airflow/dags/enterprise_etl_dag.py
[2026-01-23T18:18:21.252+0000] {logging_mixin.py:188} INFO - [2026-01-23T18:18:21.248+0000] {dagbag.py:350} ERROR - Failed to import: /opt/airflow/dags/enterprise_etl_dag.py
Traceback (most recent call last):
  File "/home/airflow/.local/lib/python3.8/site-packages/airflow/models/dagbag.py", line 346, in parse
    loader.exec_module(new_module)
  File "<frozen importlib._bootstrap_external>", line 843, in exec_module
  File "<frozen importlib._bootstrap>", line 219, in _call_with_frames_removed
  File "/opt/airflow/dags/enterprise_etl_dag.py", line 10, in <module>
    from etl.validation.main import run as validation_run
ModuleNotFoundError: No module named 'etl.validation.main'
[2026-01-23T18:18:21.254+0000] {processor.py:842} WARNING - No viable dags retrieved from /opt/airflow/dags/enterprise_etl_dag.py
[2026-01-23T18:18:21.287+0000] {processor.py:183} INFO - Processing /opt/airflow/dags/enterprise_etl_dag.py took 0.136 seconds
[2026-01-23T18:18:53.401+0000] {processor.py:161} INFO - Started process (PID=65) to work on /opt/airflow/dags/enterprise_etl_dag.py
[2026-01-23T18:18:53.406+0000] {processor.py:830} INFO - Processing file /opt/airflow/dags/enterprise_etl_dag.py for tasks to queue
[2026-01-23T18:18:53.408+0000] {logging_mixin.py:188} INFO - [2026-01-23T18:18:53.408+0000] {dagbag.py:540} INFO - Filling up the DagBag from /opt/airflow/dags/enterprise_etl_dag.py
[2026-01-23T18:18:53.495+0000] {logging_mixin.py:188} INFO - [2026-01-23T18:18:53.490+0000] {dagbag.py:350} ERROR - Failed to import: /opt/airflow/dags/enterprise_etl_dag.py
Traceback (most recent call last):
  File "/home/airflow/.local/lib/python3.8/site-packages/airflow/models/dagbag.py", line 346, in parse
    loader.exec_module(new_module)
  File "<frozen importlib._bootstrap_external>", line 843, in exec_module
  File "<frozen importlib._bootstrap>", line 219, in _call_with_frames_removed
  File "/opt/airflow/dags/enterprise_etl_dag.py", line 10, in <module>
    from etl.validation.main import run as validation_run
ModuleNotFoundError: No module named 'etl.validation.main'
[2026-01-23T18:18:53.496+0000] {processor.py:842} WARNING - No viable dags retrieved from /opt/airflow/dags/enterprise_etl_dag.py
[2026-01-23T18:18:53.525+0000] {processor.py:183} INFO - Processing /opt/airflow/dags/enterprise_etl_dag.py took 0.135 seconds
[2026-01-23T18:19:24.043+0000] {processor.py:161} INFO - Started process (PID=66) to work on /opt/airflow/dags/enterprise_etl_dag.py
[2026-01-23T18:19:24.046+0000] {processor.py:830} INFO - Processing file /opt/airflow/dags/enterprise_etl_dag.py for tasks to queue
[2026-01-23T18:19:24.049+0000] {logging_mixin.py:188} INFO - [2026-01-23T18:19:24.048+0000] {dagbag.py:540} INFO - Filling up the DagBag from /opt/airflow/dags/enterprise_etl_dag.py
[2026-01-23T18:19:24.153+0000] {logging_mixin.py:188} INFO - [2026-01-23T18:19:24.147+0000] {dagbag.py:350} ERROR - Failed to import: /opt/airflow/dags/enterprise_etl_dag.py
Traceback (most recent call last):
  File "/home/airflow/.local/lib/python3.8/site-packages/airflow/models/dagbag.py", line 346, in parse
    loader.exec_module(new_module)
  File "<frozen importlib._bootstrap_external>", line 843, in exec_module
  File "<frozen importlib._bootstrap>", line 219, in _call_with_frames_removed
  File "/opt/airflow/dags/enterprise_etl_dag.py", line 10, in <module>
    from etl.validation.main import run as validation_run
ModuleNotFoundError: No module named 'etl.validation.main'
[2026-01-23T18:19:24.155+0000] {processor.py:842} WARNING - No viable dags retrieved from /opt/airflow/dags/enterprise_etl_dag.py
[2026-01-23T18:19:24.192+0000] {processor.py:183} INFO - Processing /opt/airflow/dags/enterprise_etl_dag.py took 0.158 seconds
[2026-01-23T18:19:54.261+0000] {processor.py:161} INFO - Started process (PID=67) to work on /opt/airflow/dags/enterprise_etl_dag.py
[2026-01-23T18:19:54.263+0000] {processor.py:830} INFO - Processing file /opt/airflow/dags/enterprise_etl_dag.py for tasks to queue
[2026-01-23T18:19:54.266+0000] {logging_mixin.py:188} INFO - [2026-01-23T18:19:54.265+0000] {dagbag.py:540} INFO - Filling up the DagBag from /opt/airflow/dags/enterprise_etl_dag.py
[2026-01-23T18:19:54.349+0000] {logging_mixin.py:188} INFO - [2026-01-23T18:19:54.344+0000] {dagbag.py:350} ERROR - Failed to import: /opt/airflow/dags/enterprise_etl_dag.py
Traceback (most recent call last):
  File "/home/airflow/.local/lib/python3.8/site-packages/airflow/models/dagbag.py", line 346, in parse
    loader.exec_module(new_module)
  File "<frozen importlib._bootstrap_external>", line 843, in exec_module
  File "<frozen importlib._bootstrap>", line 219, in _call_with_frames_removed
  File "/opt/airflow/dags/enterprise_etl_dag.py", line 10, in <module>
    from etl.validation.main import run as validation_run
ModuleNotFoundError: No module named 'etl.validation.main'
[2026-01-23T18:19:54.351+0000] {processor.py:842} WARNING - No viable dags retrieved from /opt/airflow/dags/enterprise_etl_dag.py
[2026-01-23T18:19:54.392+0000] {processor.py:183} INFO - Processing /opt/airflow/dags/enterprise_etl_dag.py took 0.138 seconds
[2026-01-23T18:20:25.235+0000] {processor.py:161} INFO - Started process (PID=68) to work on /opt/airflow/dags/enterprise_etl_dag.py
[2026-01-23T18:20:25.239+0000] {processor.py:830} INFO - Processing file /opt/airflow/dags/enterprise_etl_dag.py for tasks to queue
[2026-01-23T18:20:25.243+0000] {logging_mixin.py:188} INFO - [2026-01-23T18:20:25.242+0000] {dagbag.py:540} INFO - Filling up the DagBag from /opt/airflow/dags/enterprise_etl_dag.py
[2026-01-23T18:20:25.354+0000] {logging_mixin.py:188} INFO - [2026-01-23T18:20:25.348+0000] {dagbag.py:350} ERROR - Failed to import: /opt/airflow/dags/enterprise_etl_dag.py
Traceback (most recent call last):
  File "/home/airflow/.local/lib/python3.8/site-packages/airflow/models/dagbag.py", line 346, in parse
    loader.exec_module(new_module)
  File "<frozen importlib._bootstrap_external>", line 843, in exec_module
  File "<frozen importlib._bootstrap>", line 219, in _call_with_frames_removed
  File "/opt/airflow/dags/enterprise_etl_dag.py", line 10, in <module>
    from etl.validation.main import run as validation_run
ModuleNotFoundError: No module named 'etl.validation.main'
[2026-01-23T18:20:25.356+0000] {processor.py:842} WARNING - No viable dags retrieved from /opt/airflow/dags/enterprise_etl_dag.py
[2026-01-23T18:20:25.411+0000] {processor.py:183} INFO - Processing /opt/airflow/dags/enterprise_etl_dag.py took 0.190 seconds
[2026-01-23T18:20:56.734+0000] {processor.py:161} INFO - Started process (PID=69) to work on /opt/airflow/dags/enterprise_etl_dag.py
[2026-01-23T18:20:56.736+0000] {processor.py:830} INFO - Processing file /opt/airflow/dags/enterprise_etl_dag.py for tasks to queue
[2026-01-23T18:20:56.738+0000] {logging_mixin.py:188} INFO - [2026-01-23T18:20:56.737+0000] {dagbag.py:540} INFO - Filling up the DagBag from /opt/airflow/dags/enterprise_etl_dag.py
[2026-01-23T18:20:56.803+0000] {logging_mixin.py:188} INFO - [2026-01-23T18:20:56.799+0000] {dagbag.py:350} ERROR - Failed to import: /opt/airflow/dags/enterprise_etl_dag.py
Traceback (most recent call last):
  File "/home/airflow/.local/lib/python3.8/site-packages/airflow/models/dagbag.py", line 346, in parse
    loader.exec_module(new_module)
  File "<frozen importlib._bootstrap_external>", line 843, in exec_module
  File "<frozen importlib._bootstrap>", line 219, in _call_with_frames_removed
  File "/opt/airflow/dags/enterprise_etl_dag.py", line 10, in <module>
    from etl.validation.main import run as validation_run
ModuleNotFoundError: No module named 'etl.validation.main'
[2026-01-23T18:20:56.804+0000] {processor.py:842} WARNING - No viable dags retrieved from /opt/airflow/dags/enterprise_etl_dag.py
[2026-01-23T18:20:56.830+0000] {processor.py:183} INFO - Processing /opt/airflow/dags/enterprise_etl_dag.py took 0.103 seconds
[2026-01-23T18:21:27.066+0000] {processor.py:161} INFO - Started process (PID=70) to work on /opt/airflow/dags/enterprise_etl_dag.py
[2026-01-23T18:21:27.073+0000] {processor.py:830} INFO - Processing file /opt/airflow/dags/enterprise_etl_dag.py for tasks to queue
[2026-01-23T18:21:27.079+0000] {logging_mixin.py:188} INFO - [2026-01-23T18:21:27.077+0000] {dagbag.py:540} INFO - Filling up the DagBag from /opt/airflow/dags/enterprise_etl_dag.py
[2026-01-23T18:21:27.236+0000] {logging_mixin.py:188} INFO - [2026-01-23T18:21:27.231+0000] {dagbag.py:350} ERROR - Failed to import: /opt/airflow/dags/enterprise_etl_dag.py
Traceback (most recent call last):
  File "/home/airflow/.local/lib/python3.8/site-packages/airflow/models/dagbag.py", line 346, in parse
    loader.exec_module(new_module)
  File "<frozen importlib._bootstrap_external>", line 843, in exec_module
  File "<frozen importlib._bootstrap>", line 219, in _call_with_frames_removed
  File "/opt/airflow/dags/enterprise_etl_dag.py", line 10, in <module>
    from etl.validation.main import run as validation_run
ModuleNotFoundError: No module named 'etl.validation.main'
[2026-01-23T18:21:27.238+0000] {processor.py:842} WARNING - No viable dags retrieved from /opt/airflow/dags/enterprise_etl_dag.py
[2026-01-23T18:21:27.310+0000] {processor.py:183} INFO - Processing /opt/airflow/dags/enterprise_etl_dag.py took 0.264 seconds
[2026-01-23T18:21:57.779+0000] {processor.py:161} INFO - Started process (PID=71) to work on /opt/airflow/dags/enterprise_etl_dag.py
[2026-01-23T18:21:57.785+0000] {processor.py:830} INFO - Processing file /opt/airflow/dags/enterprise_etl_dag.py for tasks to queue
[2026-01-23T18:21:57.791+0000] {logging_mixin.py:188} INFO - [2026-01-23T18:21:57.788+0000] {dagbag.py:540} INFO - Filling up the DagBag from /opt/airflow/dags/enterprise_etl_dag.py
[2026-01-23T18:21:58.187+0000] {logging_mixin.py:188} INFO - [2026-01-23T18:21:58.169+0000] {dagbag.py:350} ERROR - Failed to import: /opt/airflow/dags/enterprise_etl_dag.py
Traceback (most recent call last):
  File "/home/airflow/.local/lib/python3.8/site-packages/airflow/models/dagbag.py", line 346, in parse
    loader.exec_module(new_module)
  File "<frozen importlib._bootstrap_external>", line 843, in exec_module
  File "<frozen importlib._bootstrap>", line 219, in _call_with_frames_removed
  File "/opt/airflow/dags/enterprise_etl_dag.py", line 10, in <module>
    from etl.validation.main import run as validation_run
ModuleNotFoundError: No module named 'etl.validation.main'
[2026-01-23T18:21:58.193+0000] {processor.py:842} WARNING - No viable dags retrieved from /opt/airflow/dags/enterprise_etl_dag.py
[2026-01-23T18:21:58.292+0000] {processor.py:183} INFO - Processing /opt/airflow/dags/enterprise_etl_dag.py took 0.537 seconds
[2026-01-23T18:22:28.609+0000] {processor.py:161} INFO - Started process (PID=72) to work on /opt/airflow/dags/enterprise_etl_dag.py
[2026-01-23T18:22:28.613+0000] {processor.py:830} INFO - Processing file /opt/airflow/dags/enterprise_etl_dag.py for tasks to queue
[2026-01-23T18:22:28.617+0000] {logging_mixin.py:188} INFO - [2026-01-23T18:22:28.616+0000] {dagbag.py:540} INFO - Filling up the DagBag from /opt/airflow/dags/enterprise_etl_dag.py
[2026-01-23T18:22:28.778+0000] {logging_mixin.py:188} INFO - [2026-01-23T18:22:28.769+0000] {dagbag.py:350} ERROR - Failed to import: /opt/airflow/dags/enterprise_etl_dag.py
Traceback (most recent call last):
  File "/home/airflow/.local/lib/python3.8/site-packages/airflow/models/dagbag.py", line 346, in parse
    loader.exec_module(new_module)
  File "<frozen importlib._bootstrap_external>", line 843, in exec_module
  File "<frozen importlib._bootstrap>", line 219, in _call_with_frames_removed
  File "/opt/airflow/dags/enterprise_etl_dag.py", line 10, in <module>
    from etl.validation.main import run as validation_run
ModuleNotFoundError: No module named 'etl.validation.main'
[2026-01-23T18:22:28.780+0000] {processor.py:842} WARNING - No viable dags retrieved from /opt/airflow/dags/enterprise_etl_dag.py
[2026-01-23T18:22:28.840+0000] {processor.py:183} INFO - Processing /opt/airflow/dags/enterprise_etl_dag.py took 0.244 seconds
[2026-01-23T18:22:59.259+0000] {processor.py:161} INFO - Started process (PID=73) to work on /opt/airflow/dags/enterprise_etl_dag.py
[2026-01-23T18:22:59.265+0000] {processor.py:830} INFO - Processing file /opt/airflow/dags/enterprise_etl_dag.py for tasks to queue
[2026-01-23T18:22:59.271+0000] {logging_mixin.py:188} INFO - [2026-01-23T18:22:59.269+0000] {dagbag.py:540} INFO - Filling up the DagBag from /opt/airflow/dags/enterprise_etl_dag.py
[2026-01-23T18:22:59.593+0000] {logging_mixin.py:188} INFO - [2026-01-23T18:22:59.580+0000] {dagbag.py:350} ERROR - Failed to import: /opt/airflow/dags/enterprise_etl_dag.py
Traceback (most recent call last):
  File "/home/airflow/.local/lib/python3.8/site-packages/airflow/models/dagbag.py", line 346, in parse
    loader.exec_module(new_module)
  File "<frozen importlib._bootstrap_external>", line 843, in exec_module
  File "<frozen importlib._bootstrap>", line 219, in _call_with_frames_removed
  File "/opt/airflow/dags/enterprise_etl_dag.py", line 10, in <module>
    from etl.validation.main import run as validation_run
ModuleNotFoundError: No module named 'etl.validation.main'
[2026-01-23T18:22:59.598+0000] {processor.py:842} WARNING - No viable dags retrieved from /opt/airflow/dags/enterprise_etl_dag.py
[2026-01-23T18:22:59.688+0000] {processor.py:183} INFO - Processing /opt/airflow/dags/enterprise_etl_dag.py took 0.449 seconds
[2026-01-23T18:23:32.023+0000] {processor.py:161} INFO - Started process (PID=74) to work on /opt/airflow/dags/enterprise_etl_dag.py
[2026-01-23T18:23:32.026+0000] {processor.py:830} INFO - Processing file /opt/airflow/dags/enterprise_etl_dag.py for tasks to queue
[2026-01-23T18:23:32.028+0000] {logging_mixin.py:188} INFO - [2026-01-23T18:23:32.027+0000] {dagbag.py:540} INFO - Filling up the DagBag from /opt/airflow/dags/enterprise_etl_dag.py
[2026-01-23T18:23:32.166+0000] {logging_mixin.py:188} INFO - [2026-01-23T18:23:32.155+0000] {dagbag.py:350} ERROR - Failed to import: /opt/airflow/dags/enterprise_etl_dag.py
Traceback (most recent call last):
  File "/home/airflow/.local/lib/python3.8/site-packages/airflow/models/dagbag.py", line 346, in parse
    loader.exec_module(new_module)
  File "<frozen importlib._bootstrap_external>", line 843, in exec_module
  File "<frozen importlib._bootstrap>", line 219, in _call_with_frames_removed
  File "/opt/airflow/dags/enterprise_etl_dag.py", line 10, in <module>
    from etl.validation.main import run as validation_run
ModuleNotFoundError: No module named 'etl.validation.main'
[2026-01-23T18:23:32.170+0000] {processor.py:842} WARNING - No viable dags retrieved from /opt/airflow/dags/enterprise_etl_dag.py
[2026-01-23T18:23:32.205+0000] {processor.py:183} INFO - Processing /opt/airflow/dags/enterprise_etl_dag.py took 0.188 seconds
[2026-01-23T18:24:04.540+0000] {processor.py:161} INFO - Started process (PID=75) to work on /opt/airflow/dags/enterprise_etl_dag.py
[2026-01-23T18:24:04.548+0000] {processor.py:830} INFO - Processing file /opt/airflow/dags/enterprise_etl_dag.py for tasks to queue
[2026-01-23T18:24:04.556+0000] {logging_mixin.py:188} INFO - [2026-01-23T18:24:04.553+0000] {dagbag.py:540} INFO - Filling up the DagBag from /opt/airflow/dags/enterprise_etl_dag.py
[2026-01-23T18:24:04.859+0000] {logging_mixin.py:188} INFO - [2026-01-23T18:24:04.853+0000] {dagbag.py:350} ERROR - Failed to import: /opt/airflow/dags/enterprise_etl_dag.py
Traceback (most recent call last):
  File "/home/airflow/.local/lib/python3.8/site-packages/airflow/models/dagbag.py", line 346, in parse
    loader.exec_module(new_module)
  File "<frozen importlib._bootstrap_external>", line 843, in exec_module
  File "<frozen importlib._bootstrap>", line 219, in _call_with_frames_removed
  File "/opt/airflow/dags/enterprise_etl_dag.py", line 10, in <module>
    from etl.validation.main import run as validation_run
ModuleNotFoundError: No module named 'etl.validation.main'
[2026-01-23T18:24:04.861+0000] {processor.py:842} WARNING - No viable dags retrieved from /opt/airflow/dags/enterprise_etl_dag.py
[2026-01-23T18:24:04.897+0000] {processor.py:183} INFO - Processing /opt/airflow/dags/enterprise_etl_dag.py took 0.386 seconds
[2026-01-23T18:24:37.172+0000] {processor.py:161} INFO - Started process (PID=76) to work on /opt/airflow/dags/enterprise_etl_dag.py
[2026-01-23T18:24:37.186+0000] {processor.py:830} INFO - Processing file /opt/airflow/dags/enterprise_etl_dag.py for tasks to queue
[2026-01-23T18:24:37.194+0000] {logging_mixin.py:188} INFO - [2026-01-23T18:24:37.192+0000] {dagbag.py:540} INFO - Filling up the DagBag from /opt/airflow/dags/enterprise_etl_dag.py
[2026-01-23T18:24:37.532+0000] {logging_mixin.py:188} INFO - [2026-01-23T18:24:37.516+0000] {dagbag.py:350} ERROR - Failed to import: /opt/airflow/dags/enterprise_etl_dag.py
Traceback (most recent call last):
  File "/home/airflow/.local/lib/python3.8/site-packages/airflow/models/dagbag.py", line 346, in parse
    loader.exec_module(new_module)
  File "<frozen importlib._bootstrap_external>", line 843, in exec_module
  File "<frozen importlib._bootstrap>", line 219, in _call_with_frames_removed
  File "/opt/airflow/dags/enterprise_etl_dag.py", line 10, in <module>
    from etl.validation.main import run as validation_run
ModuleNotFoundError: No module named 'etl.validation.main'
[2026-01-23T18:24:37.538+0000] {processor.py:842} WARNING - No viable dags retrieved from /opt/airflow/dags/enterprise_etl_dag.py
[2026-01-23T18:24:37.635+0000] {processor.py:183} INFO - Processing /opt/airflow/dags/enterprise_etl_dag.py took 0.483 seconds
[2026-01-23T18:25:50.803+0000] {processor.py:161} INFO - Started process (PID=43) to work on /opt/airflow/dags/enterprise_etl_dag.py
[2026-01-23T18:25:50.809+0000] {processor.py:830} INFO - Processing file /opt/airflow/dags/enterprise_etl_dag.py for tasks to queue
[2026-01-23T18:25:50.818+0000] {logging_mixin.py:188} INFO - [2026-01-23T18:25:50.817+0000] {dagbag.py:540} INFO - Filling up the DagBag from /opt/airflow/dags/enterprise_etl_dag.py
[2026-01-23T18:25:51.012+0000] {logging_mixin.py:188} INFO - [2026-01-23T18:25:50.998+0000] {dagbag.py:350} ERROR - Failed to import: /opt/airflow/dags/enterprise_etl_dag.py
Traceback (most recent call last):
  File "/home/airflow/.local/lib/python3.8/site-packages/airflow/models/dagbag.py", line 346, in parse
    loader.exec_module(new_module)
  File "<frozen importlib._bootstrap_external>", line 843, in exec_module
  File "<frozen importlib._bootstrap>", line 219, in _call_with_frames_removed
  File "/opt/airflow/dags/enterprise_etl_dag.py", line 10, in <module>
    from etl.validation.main import run as validation_run
ModuleNotFoundError: No module named 'etl.validation.main'
[2026-01-23T18:25:51.018+0000] {processor.py:842} WARNING - No viable dags retrieved from /opt/airflow/dags/enterprise_etl_dag.py
[2026-01-23T18:25:51.110+0000] {processor.py:183} INFO - Processing /opt/airflow/dags/enterprise_etl_dag.py took 0.337 seconds
[2026-01-23T18:26:21.861+0000] {processor.py:161} INFO - Started process (PID=52) to work on /opt/airflow/dags/enterprise_etl_dag.py
[2026-01-23T18:26:21.864+0000] {processor.py:830} INFO - Processing file /opt/airflow/dags/enterprise_etl_dag.py for tasks to queue
[2026-01-23T18:26:21.874+0000] {logging_mixin.py:188} INFO - [2026-01-23T18:26:21.867+0000] {dagbag.py:540} INFO - Filling up the DagBag from /opt/airflow/dags/enterprise_etl_dag.py
[2026-01-23T18:26:22.224+0000] {logging_mixin.py:188} INFO - [2026-01-23T18:26:22.219+0000] {dagbag.py:350} ERROR - Failed to import: /opt/airflow/dags/enterprise_etl_dag.py
Traceback (most recent call last):
  File "/home/airflow/.local/lib/python3.8/site-packages/airflow/models/dagbag.py", line 346, in parse
    loader.exec_module(new_module)
  File "<frozen importlib._bootstrap_external>", line 843, in exec_module
  File "<frozen importlib._bootstrap>", line 219, in _call_with_frames_removed
  File "/opt/airflow/dags/enterprise_etl_dag.py", line 10, in <module>
    from etl.validation.main import run as validation_run
ModuleNotFoundError: No module named 'etl.validation.main'
[2026-01-23T18:26:22.229+0000] {processor.py:842} WARNING - No viable dags retrieved from /opt/airflow/dags/enterprise_etl_dag.py
[2026-01-23T18:26:22.329+0000] {processor.py:183} INFO - Processing /opt/airflow/dags/enterprise_etl_dag.py took 0.485 seconds
[2026-01-23T18:26:54.412+0000] {processor.py:161} INFO - Started process (PID=43) to work on /opt/airflow/dags/enterprise_etl_dag.py
[2026-01-23T18:26:54.415+0000] {processor.py:830} INFO - Processing file /opt/airflow/dags/enterprise_etl_dag.py for tasks to queue
[2026-01-23T18:26:54.417+0000] {logging_mixin.py:188} INFO - [2026-01-23T18:26:54.416+0000] {dagbag.py:540} INFO - Filling up the DagBag from /opt/airflow/dags/enterprise_etl_dag.py
[2026-01-23T18:26:54.490+0000] {logging_mixin.py:188} INFO - [2026-01-23T18:26:54.486+0000] {dagbag.py:350} ERROR - Failed to import: /opt/airflow/dags/enterprise_etl_dag.py
Traceback (most recent call last):
  File "/home/airflow/.local/lib/python3.8/site-packages/airflow/models/dagbag.py", line 346, in parse
    loader.exec_module(new_module)
  File "<frozen importlib._bootstrap_external>", line 843, in exec_module
  File "<frozen importlib._bootstrap>", line 219, in _call_with_frames_removed
  File "/opt/airflow/dags/enterprise_etl_dag.py", line 10, in <module>
    from etl.validation.main import run as validation_run
ModuleNotFoundError: No module named 'etl.validation.main'
[2026-01-23T18:26:54.492+0000] {processor.py:842} WARNING - No viable dags retrieved from /opt/airflow/dags/enterprise_etl_dag.py
[2026-01-23T18:26:54.518+0000] {processor.py:183} INFO - Processing /opt/airflow/dags/enterprise_etl_dag.py took 0.112 seconds
